.\..\..\lib\debug\cblas.bsc
C:\OPENSEES2.4.0\WIN32\LIB\DEBUG\CBLAS.BSC
C:\OPENSEES2.4.0\WIN32\LIB\DEBUG\CBLAS.LIB
C:\OpenSees2.4.0\Win32\obj\cblas\debug\BscMake.command.1.tlog
C:\OpenSees2.4.0\Win32\obj\cblas\debug\bscmake.read.1.tlog
C:\OpenSees2.4.0\Win32\obj\cblas\debug\bscmake.write.1.tlog
C:\OpenSees2.4.0\Win32\obj\cblas\debug\cl.command.1.tlog
C:\OpenSees2.4.0\Win32\obj\cblas\debug\CL.read.1.tlog
C:\OpenSees2.4.0\Win32\obj\cblas\debug\CL.write.1.tlog
C:\OPENSEES2.4.0\WIN32\OBJ\CBLAS\DEBUG\DASUM.OBJ
C:\OPENSEES2.4.0\WIN32\OBJ\CBLAS\DEBUG\DASUM.SBR
C:\OPENSEES2.4.0\WIN32\OBJ\CBLAS\DEBUG\DAXPY.OBJ
C:\OPENSEES2.4.0\WIN32\OBJ\CBLAS\DEBUG\DAXPY.SBR
C:\OPENSEES2.4.0\WIN32\OBJ\CBLAS\DEBUG\DCABS1.OBJ
C:\OPENSEES2.4.0\WIN32\OBJ\CBLAS\DEBUG\DCABS1.SBR
C:\OPENSEES2.4.0\WIN32\OBJ\CBLAS\DEBUG\DCOPY.OBJ
C:\OPENSEES2.4.0\WIN32\OBJ\CBLAS\DEBUG\DCOPY.SBR
C:\OPENSEES2.4.0\WIN32\OBJ\CBLAS\DEBUG\DDOT.OBJ
C:\OPENSEES2.4.0\WIN32\OBJ\CBLAS\DEBUG\DDOT.SBR
C:\OPENSEES2.4.0\WIN32\OBJ\CBLAS\DEBUG\DGEMM.OBJ
C:\OPENSEES2.4.0\WIN32\OBJ\CBLAS\DEBUG\DGEMM.SBR
C:\OPENSEES2.4.0\WIN32\OBJ\CBLAS\DEBUG\DGEMV.OBJ
C:\OPENSEES2.4.0\WIN32\OBJ\CBLAS\DEBUG\DGEMV.SBR
C:\OPENSEES2.4.0\WIN32\OBJ\CBLAS\DEBUG\DGER.OBJ
C:\OPENSEES2.4.0\WIN32\OBJ\CBLAS\DEBUG\DGER.SBR
C:\OPENSEES2.4.0\WIN32\OBJ\CBLAS\DEBUG\DMYBLAS2.OBJ
C:\OPENSEES2.4.0\WIN32\OBJ\CBLAS\DEBUG\DMYBLAS2.SBR
C:\OPENSEES2.4.0\WIN32\OBJ\CBLAS\DEBUG\DNRM2.OBJ
C:\OPENSEES2.4.0\WIN32\OBJ\CBLAS\DEBUG\DNRM2.SBR
C:\OPENSEES2.4.0\WIN32\OBJ\CBLAS\DEBUG\DROT.OBJ
C:\OPENSEES2.4.0\WIN32\OBJ\CBLAS\DEBUG\DROT.SBR
C:\OPENSEES2.4.0\WIN32\OBJ\CBLAS\DEBUG\DSCAL.OBJ
C:\OPENSEES2.4.0\WIN32\OBJ\CBLAS\DEBUG\DSCAL.SBR
C:\OPENSEES2.4.0\WIN32\OBJ\CBLAS\DEBUG\DSYMV.OBJ
C:\OPENSEES2.4.0\WIN32\OBJ\CBLAS\DEBUG\DSYMV.SBR
C:\OPENSEES2.4.0\WIN32\OBJ\CBLAS\DEBUG\DSYR2.OBJ
C:\OPENSEES2.4.0\WIN32\OBJ\CBLAS\DEBUG\DSYR2.SBR
C:\OPENSEES2.4.0\WIN32\OBJ\CBLAS\DEBUG\DTRSM.OBJ
C:\OPENSEES2.4.0\WIN32\OBJ\CBLAS\DEBUG\DTRSM.SBR
C:\OPENSEES2.4.0\WIN32\OBJ\CBLAS\DEBUG\DTRSV.OBJ
C:\OPENSEES2.4.0\WIN32\OBJ\CBLAS\DEBUG\DTRSV.SBR
C:\OPENSEES2.4.0\WIN32\OBJ\CBLAS\DEBUG\DZASUM.OBJ
C:\OPENSEES2.4.0\WIN32\OBJ\CBLAS\DEBUG\DZASUM.SBR
C:\OPENSEES2.4.0\WIN32\OBJ\CBLAS\DEBUG\DZNRM2.OBJ
C:\OPENSEES2.4.0\WIN32\OBJ\CBLAS\DEBUG\DZNRM2.SBR
C:\OPENSEES2.4.0\WIN32\OBJ\CBLAS\DEBUG\IDAMAX.OBJ
C:\OPENSEES2.4.0\WIN32\OBJ\CBLAS\DEBUG\IDAMAX.SBR
C:\OpenSees2.4.0\Win32\obj\cblas\debug\lib.command.1.tlog
C:\OpenSees2.4.0\Win32\obj\cblas\debug\Lib-link.read.1.tlog
C:\OpenSees2.4.0\Win32\obj\cblas\debug\Lib-link.write.1.tlog
C:\OpenSees2.4.0\Win32\obj\cblas\debug\vc100.idb
C:\OPENSEES2.4.0\WIN32\OBJ\CBLAS\DEBUG\VC100.PDB
C:\OpenSees2.4.0\Win32\proj\cblas\.\..\..\lib\debug\cblas.lib
