.\..\..\lib\debug\actor.bsc
C:\OPENSEES2.4.0\WIN32\LIB\DEBUG\ACTOR.BSC
C:\OPENSEES2.4.0\WIN32\LIB\DEBUG\ACTOR.LIB
C:\OPENSEES2.4.0\WIN32\OBJ\ACTOR\DEBUG\ACTOR.OBJ
C:\OPENSEES2.4.0\WIN32\OBJ\ACTOR\DEBUG\ACTOR.SBR
C:\OpenSees2.4.0\Win32\obj\actor\debug\BscMake.command.1.tlog
C:\OpenSees2.4.0\Win32\obj\actor\debug\bscmake.read.1.tlog
C:\OpenSees2.4.0\Win32\obj\actor\debug\bscmake.write.1.tlog
C:\OPENSEES2.4.0\WIN32\OBJ\ACTOR\DEBUG\CHANNEL.OBJ
C:\OPENSEES2.4.0\WIN32\OBJ\ACTOR\DEBUG\CHANNEL.SBR
C:\OPENSEES2.4.0\WIN32\OBJ\ACTOR\DEBUG\CHANNELADDRESS.OBJ
C:\OPENSEES2.4.0\WIN32\OBJ\ACTOR\DEBUG\CHANNELADDRESS.SBR
C:\OpenSees2.4.0\Win32\obj\actor\debug\cl.command.1.tlog
C:\OpenSees2.4.0\Win32\obj\actor\debug\CL.read.1.tlog
C:\OpenSees2.4.0\Win32\obj\actor\debug\CL.write.1.tlog
C:\OPENSEES2.4.0\WIN32\OBJ\ACTOR\DEBUG\FEM_OBJECTBROKER.OBJ
C:\OPENSEES2.4.0\WIN32\OBJ\ACTOR\DEBUG\FEM_OBJECTBROKER.SBR
C:\OPENSEES2.4.0\WIN32\OBJ\ACTOR\DEBUG\FEM_OBJECTBROKERALLCLASSES.OBJ
C:\OPENSEES2.4.0\WIN32\OBJ\ACTOR\DEBUG\FEM_OBJECTBROKERALLCLASSES.SBR
C:\OPENSEES2.4.0\WIN32\OBJ\ACTOR\DEBUG\HTTP.OBJ
C:\OPENSEES2.4.0\WIN32\OBJ\ACTOR\DEBUG\HTTP.SBR
C:\OpenSees2.4.0\Win32\obj\actor\debug\lib.command.1.tlog
C:\OpenSees2.4.0\Win32\obj\actor\debug\Lib-link.read.1.tlog
C:\OpenSees2.4.0\Win32\obj\actor\debug\Lib-link.write.1.tlog
C:\OPENSEES2.4.0\WIN32\OBJ\ACTOR\DEBUG\MESSAGE.OBJ
C:\OPENSEES2.4.0\WIN32\OBJ\ACTOR\DEBUG\MESSAGE.SBR
C:\OPENSEES2.4.0\WIN32\OBJ\ACTOR\DEBUG\MOVABLEOBJECT.OBJ
C:\OPENSEES2.4.0\WIN32\OBJ\ACTOR\DEBUG\MOVABLEOBJECT.SBR
C:\OPENSEES2.4.0\WIN32\OBJ\ACTOR\DEBUG\OBJECTBROKER.OBJ
C:\OPENSEES2.4.0\WIN32\OBJ\ACTOR\DEBUG\OBJECTBROKER.SBR
C:\OPENSEES2.4.0\WIN32\OBJ\ACTOR\DEBUG\SHADOW.OBJ
C:\OPENSEES2.4.0\WIN32\OBJ\ACTOR\DEBUG\SHADOW.SBR
C:\OPENSEES2.4.0\WIN32\OBJ\ACTOR\DEBUG\SOCKET.OBJ
C:\OPENSEES2.4.0\WIN32\OBJ\ACTOR\DEBUG\SOCKET.SBR
C:\OPENSEES2.4.0\WIN32\OBJ\ACTOR\DEBUG\TCP_SOCKET.OBJ
C:\OPENSEES2.4.0\WIN32\OBJ\ACTOR\DEBUG\TCP_SOCKET.SBR
C:\OPENSEES2.4.0\WIN32\OBJ\ACTOR\DEBUG\UDP_SOCKET.OBJ
C:\OPENSEES2.4.0\WIN32\OBJ\ACTOR\DEBUG\UDP_SOCKET.SBR
C:\OpenSees2.4.0\Win32\obj\actor\debug\vc100.idb
C:\OPENSEES2.4.0\WIN32\OBJ\ACTOR\DEBUG\VC100.PDB
C:\OpenSees2.4.0\Win32\proj\actor\.\..\..\lib\debug\actor.lib
