.\..\..\lib\debug\tcl.bsc
C:\OPENSEES2.4.0\WIN32\LIB\DEBUG\TCL.BSC
C:\OPENSEES2.4.0\WIN32\LIB\DEBUG\TCL.LIB
C:\OpenSees2.4.0\Win32\obj\tcl\debug\BscMake.command.1.tlog
C:\OpenSees2.4.0\Win32\obj\tcl\debug\bscmake.read.1.tlog
C:\OpenSees2.4.0\Win32\obj\tcl\debug\bscmake.write.1.tlog
C:\OpenSees2.4.0\Win32\obj\tcl\debug\cl.command.1.tlog
C:\OpenSees2.4.0\Win32\obj\tcl\debug\CL.read.1.tlog
C:\OpenSees2.4.0\Win32\obj\tcl\debug\CL.write.1.tlog
C:\OPENSEES2.4.0\WIN32\OBJ\TCL\DEBUG\COMMANDS.OBJ
C:\OPENSEES2.4.0\WIN32\OBJ\TCL\DEBUG\COMMANDS.SBR
C:\OPENSEES2.4.0\WIN32\OBJ\TCL\DEBUG\ELEMENTAPI_TCL.OBJ
C:\OPENSEES2.4.0\WIN32\OBJ\TCL\DEBUG\ELEMENTAPI_TCL.SBR
C:\OpenSees2.4.0\Win32\obj\tcl\debug\lib.command.1.tlog
C:\OpenSees2.4.0\Win32\obj\tcl\debug\Lib-link.read.1.tlog
C:\OpenSees2.4.0\Win32\obj\tcl\debug\Lib-link.write.1.tlog
C:\OPENSEES2.4.0\WIN32\OBJ\TCL\DEBUG\MYCOMMANDS.OBJ
C:\OPENSEES2.4.0\WIN32\OBJ\TCL\DEBUG\MYCOMMANDS.SBR
C:\OPENSEES2.4.0\WIN32\OBJ\TCL\DEBUG\TCLFEVIEWER.OBJ
C:\OPENSEES2.4.0\WIN32\OBJ\TCL\DEBUG\TCLFEVIEWER.SBR
C:\OPENSEES2.4.0\WIN32\OBJ\TCL\DEBUG\TCLMODELBUILDER.OBJ
C:\OPENSEES2.4.0\WIN32\OBJ\TCL\DEBUG\TCLMODELBUILDER.SBR
C:\OPENSEES2.4.0\WIN32\OBJ\TCL\DEBUG\TCLSECTIONTESTER.OBJ
C:\OPENSEES2.4.0\WIN32\OBJ\TCL\DEBUG\TCLSECTIONTESTER.SBR
C:\OPENSEES2.4.0\WIN32\OBJ\TCL\DEBUG\TCLUNIAXIALMATERIALTESTER.OBJ
C:\OPENSEES2.4.0\WIN32\OBJ\TCL\DEBUG\TCLUNIAXIALMATERIALTESTER.SBR
C:\OPENSEES2.4.0\WIN32\OBJ\TCL\DEBUG\TCLVIDEOPLAYER.OBJ
C:\OPENSEES2.4.0\WIN32\OBJ\TCL\DEBUG\TCLVIDEOPLAYER.SBR
C:\OpenSees2.4.0\Win32\obj\tcl\debug\vc100.idb
C:\OPENSEES2.4.0\WIN32\OBJ\TCL\DEBUG\VC100.PDB
C:\OpenSees2.4.0\Win32\proj\tcl\.\..\..\lib\debug\tcl.lib
