C:\OPENSEES2.4.0\WIN32\LIB\DEBUG\OPTIMIZATION.LIB
C:\OpenSees2.4.0\Win32\proj\optimization\.\..\..\lib\debug\optimization.lib
C:\OpenSees2.4.0\Win32\proj\optimization\Debug\cl.command.1.tlog
C:\OpenSees2.4.0\Win32\proj\optimization\Debug\CL.read.1.tlog
C:\OpenSees2.4.0\Win32\proj\optimization\Debug\CL.write.1.tlog
C:\OPENSEES2.4.0\WIN32\PROJ\OPTIMIZATION\DEBUG\CONSTRAINTFUNCTION.OBJ
C:\OPENSEES2.4.0\WIN32\PROJ\OPTIMIZATION\DEBUG\DESIGNVARIABLE.OBJ
C:\OPENSEES2.4.0\WIN32\PROJ\OPTIMIZATION\DEBUG\DESIGNVARIABLEITER.OBJ
C:\OPENSEES2.4.0\WIN32\PROJ\OPTIMIZATION\DEBUG\DESIGNVARIABLEPOSITIONER.OBJ
C:\OPENSEES2.4.0\WIN32\PROJ\OPTIMIZATION\DEBUG\DESIGNVARIABLEPOSITIONERITER.OBJ
C:\OpenSees2.4.0\Win32\proj\optimization\Debug\lib.command.1.tlog
C:\OpenSees2.4.0\Win32\proj\optimization\Debug\Lib-link.read.1.tlog
C:\OpenSees2.4.0\Win32\proj\optimization\Debug\Lib-link.write.1.tlog
C:\OPENSEES2.4.0\WIN32\PROJ\OPTIMIZATION\DEBUG\OBJECTIVEFUNCTION.OBJ
C:\OPENSEES2.4.0\WIN32\PROJ\OPTIMIZATION\DEBUG\OPTIMIZATION.OBJ
C:\OPENSEES2.4.0\WIN32\PROJ\OPTIMIZATION\DEBUG\OPTIMIZATIONDOMAIN.OBJ
C:\OPENSEES2.4.0\WIN32\PROJ\OPTIMIZATION\DEBUG\OPTIMIZATIONDOMAINCOMPONENT.OBJ
C:\OPENSEES2.4.0\WIN32\PROJ\OPTIMIZATION\DEBUG\TCLOPTIMIZATIONBUILDER.OBJ
C:\OpenSees2.4.0\Win32\proj\optimization\Debug\vc100.idb
C:\OPENSEES2.4.0\WIN32\PROJ\OPTIMIZATION\DEBUG\VC100.PDB
