.\..\..\lib\debug\modelbuilder.bsc
C:\OPENSEES2.4.0\WIN32\LIB\DEBUG\MODELBUILDER.BSC
C:\OPENSEES2.4.0\WIN32\LIB\DEBUG\MODELBUILDER.LIB
C:\OPENSEES2.4.0\WIN32\OBJ\MODELBUILDER\DEBUG\BLOCK2D.OBJ
C:\OPENSEES2.4.0\WIN32\OBJ\MODELBUILDER\DEBUG\BLOCK2D.SBR
C:\OPENSEES2.4.0\WIN32\OBJ\MODELBUILDER\DEBUG\BLOCK3D.OBJ
C:\OPENSEES2.4.0\WIN32\OBJ\MODELBUILDER\DEBUG\BLOCK3D.SBR
C:\OpenSees2.4.0\Win32\obj\modelbuilder\debug\BscMake.command.1.tlog
C:\OpenSees2.4.0\Win32\obj\modelbuilder\debug\bscmake.read.1.tlog
C:\OpenSees2.4.0\Win32\obj\modelbuilder\debug\bscmake.write.1.tlog
C:\OpenSees2.4.0\Win32\obj\modelbuilder\debug\cl.command.1.tlog
C:\OpenSees2.4.0\Win32\obj\modelbuilder\debug\CL.read.1.tlog
C:\OpenSees2.4.0\Win32\obj\modelbuilder\debug\CL.write.1.tlog
C:\OpenSees2.4.0\Win32\obj\modelbuilder\debug\lib.command.1.tlog
C:\OpenSees2.4.0\Win32\obj\modelbuilder\debug\Lib-link.read.1.tlog
C:\OpenSees2.4.0\Win32\obj\modelbuilder\debug\Lib-link.write.1.tlog
C:\OPENSEES2.4.0\WIN32\OBJ\MODELBUILDER\DEBUG\MODELBUILDER.OBJ
C:\OPENSEES2.4.0\WIN32\OBJ\MODELBUILDER\DEBUG\MODELBUILDER.SBR
C:\OPENSEES2.4.0\WIN32\OBJ\MODELBUILDER\DEBUG\PLANEFRAME.OBJ
C:\OPENSEES2.4.0\WIN32\OBJ\MODELBUILDER\DEBUG\PLANEFRAME.SBR
C:\OpenSees2.4.0\Win32\obj\modelbuilder\debug\vc100.idb
C:\OPENSEES2.4.0\WIN32\OBJ\MODELBUILDER\DEBUG\VC100.PDB
C:\OpenSees2.4.0\Win32\proj\modelbuilder\.\..\..\lib\debug\modelbuilder.lib
