Build started 2/9/2015 8:47:21 PM.
     1>Project "F:\OpenSees2.4.0\Win32\proj\openSees\OpenSeesVC6.vcxproj" on node 4 (build target(s)).
     1>InitializeBuildStatus:
         Creating ".\..\..\obj\openSees\debug\openSees.unsuccessfulbuild" because "AlwaysCreate" was specified.
       ClCompile:
         F:\Program Files (x86)\Microsoft Visual Studio 10.0\VC\bin\CL.exe /c /I..\..\..\src\system_of_eqn\linearSOE\diagonal /I"c:\Program Files\tcl\include" /I..\..\..\src\damage /I..\..\..\src\material\uniaxial\py /I..\..\..\src\reliability\fesensitivity /I..\..\..\src\reliability\tcl /I..\..\..\src\coordTransformation /I..\..\..\src\material\section\repres\section /I..\..\..\src\analysis\algorithm\equiSolnAlgo /I..\..\..\src\system_of_eqn\eigenSOE /I..\..\..\src\analysis\algorithm\eigenAlgo /I..\..\..\src\material\nD /I..\..\..\src\material\uniaxial /I..\..\..\src\handler /I..\..\..\src\tcl /I..\..\..\src\actor\objectBroker /I..\..\..\src\system_of_eqn\linearSOE\umfGEN /I..\..\..\src\system_of_eqn\linearSOE\fullGEN /I..\..\..\src\system_of_eqn\linearSOE\sparseGEN /I..\..\..\src\system_of_eqn\linearSOE\bandSPD /I..\..\..\src\system_of_eqn\linearSOE\bandGEN /I..\..\..\src\element\nonlinearBeamColumn\tcl\repres\section /I..\..\..\src\matrix /I..\..\..\src\recorder /I..\..\..\src\graph\numberer /I..\..\..\src\material\section /I..\..\..\src\graph\graph /I..\..\..\src\element\beam2d /I..\..\..\src\element\beam3d /I..\..\..\src\system_of_eqn /I..\..\..\src\system_of_eqn\linearSOE /I..\..\..\src\system_of_eqn\linearSOE\profileSPD /I..\..\..\src\system_of_eqn\linearSOE\sparseSYM /I..\..\..\src\domain\pattern /I..\..\..\src\analysis\analysis /I..\..\..\src\analysis\integrator /I..\..\..\src\analysis\numberer /I..\..\..\src\analysis\handler /I..\..\..\src\renderer /I..\..\..\src\material /I..\..\..\src\analysis\algorithm /I..\..\..\src\convergenceTest /I..\..\..\src\analysis\model\simple /I..\..\..\src\domain\load /I..\..\..\src\analysis\model /I..\..\..\src\element\truss /I..\..\..\src\actor\channel /I..\..\..\src\utility /I..\..\..\src\actor\actor /I..\..\..\src\modelbuilder /I..\..\..\src\modelbuilder\tcl /I..\..\..\src\domain\constraints /I..\..\..\src\domain\component /I..\..\..\src\element /I..\..\..\src\domain\node /I..\..\..\src\domain\domain /I..\..\..\src\tagged\storage /I..\..\..\src /I..\..\..\src\tagged /I..\..\..\src\reliability\domain /I..\..\..\src\reliability\domain\components /I..\..\..\src\reliability\domain\distributions /I..\..\..\src\reliability\analysis /I..\..\..\src\reliability\analysis\analysis /I..\..\..\src\reliability\analysis\curvature /I..\..\..\src\reliability\analysis\designPoint /I..\..\..\src\reliability\analysis\direction /I..\..\..\src\reliability\analysis\gFunction /I..\..\..\src\reliability\analysis\misc /I..\..\..\src\reliability\analysis\randomNumber /I..\..\..\src\reliability\analysis\sensitivity /I..\..\..\src\reliability\analysis\stepSize /I..\..\..\src\reliability\analysis\transformation /I..\..\..\src\nDarray /I..\..\..\src\system_of_eqn\linearSOE\cg /I..\..\..\src\system_of_eqn\linearSOE\itpack /I..\..\..\other\SuperLU_3.0\SRC /I..\..\..\src\database /I..\..\..\src\element\updatedLagrangianBeamColumn /I..\..\..\src\material\yieldSurface\yieldSurfaceBC /I..\..\..\src\material\yieldSurface\evolution /I..\..\..\src\material\yieldSurface\plasticHardeningMaterial /I..\..\..\src\reliability\domain\modulatingFunction /I..\..\..\src\reliability\domain\spectrum /I..\..\..\src\reliability\domain\filter /I..\..\..\src\reliability\analysis\hessianApproximation /I..\..\..\src\reliability\analysis\convergenceCheck /I..\..\..\src\reliability\analysis\meritFunction /I..\..\..\src\reliability\analysis\rootFinding /I"c:\Program Files\Tcl\include" /I"c:\Program Files\tcl" /ZI /nologo /W3 /WX- /Od /Oy- /D _DEBUG /D _WGL /D _RELIABILITY /D _WIN32 /D _FORTRAN /D WIN32 /D _CONSOLE /D BUILD_tcl /D _TCL85 /D _MBCS /Gm- /EHsc /RTC1 /MTd /GS /fp:precise /Zc:wchar_t /Zc:forScope /Fo".\..\..\obj\openSees\debug/" /Fd".\..\..\obj\openSees\debug/vc100.pdb" /FR".\..\..\obj\openSees\debug\\" /Gd /TP /analyze- /errorReport:prompt ..\..\..\SRC\tcl\tclAppInit.cpp ..\..\..\SRC\tcl\tclMain.cpp
         tclAppInit.cpp
         tclMain.cpp
     1>f:\opensees2.4.0\src\tcl\tclmain.cpp(281): warning C4996: 'sprintf': This function or variable may be unsafe. Consider using sprintf_s instead. To disable deprecation, use _CRT_SECURE_NO_WARNINGS. See online help for details.
                 f:\program files (x86)\microsoft visual studio 10.0\vc\include\stdio.h(371) : see declaration of 'sprintf'
         Generating Code...
       ManifestResourceCompile:
         C:\Program Files (x86)\Microsoft SDKs\Windows\v7.0A\bin\rc.exe /nologo /fo".\..\..\obj\openSees\debug\openSees.exe.embed.manifest.res" .\..\..\obj\openSees\debug\openSees_manifest.rc 
       Link:
         F:\Program Files (x86)\Microsoft Visual Studio 10.0\VC\bin\link.exe /ERRORREPORT:PROMPT /OUT:".\..\..\bin/OpenSees.exe" /INCREMENTAL /NOLOGO /LIBPATH:"c:\program Files\tcl\lib" /LIBPATH:..\..\lib /LIBPATH:..\..\lib\debug cssparse.lib OpenGL32.lib wsock32.lib glu32.lib handler.lib DoddRestrepo.lib optimization.lib damage.lib tcl.lib fedeas.lib drain.lib reliability.lib database.lib renderer.lib blas.lib lapack.lib feap.lib arpack.lib umfpack.lib actor.lib analysis.lib cblas.lib convergence.lib domain.lib element.lib graph.lib material.lib matrix.lib modelbuilder.lib recorder.lib superLU.lib system.lib tagged.lib utility.lib tcl85.lib tk85.lib libm.lib ifconsol.lib libifcore.lib odbc32.lib odbccp32.lib kernel32.lib user32.lib gdi32.lib winspool.lib comdlg32.lib advapi32.lib shell32.lib ole32.lib oleaut32.lib uuid.lib odbc32.lib odbccp32.lib /NODEFAULTLIB:libc.lib /MANIFEST /ManifestFile:".\..\..\obj\openSees\debug\openSees.exe.intermediate.manifest" /MANIFESTUAC:"level='asInvoker' uiAccess='false'" /DEBUG /PDB:".\..\..\bin/openSees.pdb" /SUBSYSTEM:CONSOLE /TLBID:1 /DYNAMICBASE /NXCOMPAT /IMPLIB:".\..\..\bin\openSees.lib" /MACHINE:X86 .\..\..\obj\openSees\debug\openSees.exe.embed.manifest.res
         .\..\..\obj\openSees\debug/tclAppInit.obj
         .\..\..\obj\openSees\debug/tclMain.obj
         F:\OpenSees2.4.0\Win32\lib\debug\cssparse.lib
         F:\OpenSees2.4.0\Win32\lib\debug\damage.lib
         F:\OpenSees2.4.0\Win32\lib\debug\optimization.lib
         F:\OpenSees2.4.0\Win32\lib\debug\tcl.lib /MACHINE:I386 /FORCE:MULTIPLE 
     1>LINK : warning LNK4075: ignoring '/INCREMENTAL' due to '/FORCE' specification
     1>LINK : fatal error LNK1181: cannot open input file 'handler.lib'
     1>Done Building Project "F:\OpenSees2.4.0\Win32\proj\openSees\OpenSeesVC6.vcxproj" (build target(s)) -- FAILED.

Build FAILED.

Time Elapsed 00:00:00.61
