Build started 10/1/2015 9:54:02 PM.
     1>Project "F:\OpenSees2.4.0\Win32\proj\openSees\OpenSees2005.vcxproj" on node 6 (build target(s)).
     1>InitializeBuildStatus:
         Touching ".\..\..\obj\openSees\debug\OpenSees.unsuccessfulbuild".
       ClCompile:
         All outputs are up-to-date.
       ManifestResourceCompile:
         All outputs are up-to-date.
       Link:
         F:\Program Files (x86)\Microsoft Visual Studio 10.0\VC\bin\link.exe /ERRORREPORT:PROMPT /OUT:".\..\..\bin/openSees.exe" /INCREMENTAL /NOLOGO /LIBPATH:"c:\program Files\tcl\lib" /LIBPATH:..\..\lib /LIBPATH:..\..\lib\debug cssparse.lib OpenGL32.lib wsock32.lib glu32.lib DoddRestrepo.lib optimization.lib damage.lib tcl.lib fedeas.lib drain.lib reliability.lib database.lib renderer.lib blas.lib lapack.lib feap.lib arpack.lib umfpack.lib actor.lib analysis.lib cblas.lib convergence.lib domain.lib element.lib graph.lib material.lib matrix.lib modelbuilder.lib recorder.lib superLU.lib system.lib tagged.lib utility.lib tcl85.lib tk85.lib ifconsol.lib libifcoremt.lib libm.lib odbc32.lib odbccp32.lib kernel32.lib user32.lib gdi32.lib winspool.lib comdlg32.lib advapi32.lib shell32.lib ole32.lib oleaut32.lib uuid.lib odbc32.lib odbccp32.lib /NODEFAULTLIB:libc.lib /MANIFEST /ManifestFile:".\..\..\obj\openSees\debug\OpenSees.exe.intermediate.manifest" /MANIFESTUAC:"level='asInvoker' uiAccess='false'" /DEBUG /PDB:".\..\..\bin/openSees.pdb" /SUBSYSTEM:CONSOLE /TLBID:1 /DYNAMICBASE:NO /IMPLIB:".\..\..\bin\OpenSees.lib" /MACHINE:X86 .\..\..\obj\openSees\debug\OpenSees.exe.embed.manifest.res
         .\..\..\obj\openSees\debug/tclAppInit.obj
         .\..\..\obj\openSees\debug/tclMain.obj
         .\..\..\obj\openSees\debug/VC2005errno.obj
         F:\OpenSees2.4.0\Win32\lib\debug\actor.lib
         F:\OpenSees2.4.0\Win32\lib\debug\analysis.lib
         F:\OpenSees2.4.0\Win32\lib\debug\cblas.lib
         F:\OpenSees2.4.0\Win32\lib\debug\convergence.lib
         F:\OpenSees2.4.0\Win32\lib\debug\cssparse.lib
         F:\OpenSees2.4.0\Win32\lib\debug\damage.lib
         F:\OpenSees2.4.0\Win32\lib\debug\database.lib
         F:\OpenSees2.4.0\Win32\lib\debug\domain.lib
         F:\OpenSees2.4.0\Win32\lib\debug\element.lib
         F:\OpenSees2.4.0\Win32\lib\debug\graph.lib
         F:\OpenSees2.4.0\Win32\lib\debug\handler.lib
         F:\OpenSees2.4.0\Win32\lib\debug\material.lib
         F:\OpenSees2.4.0\Win32\lib\debug\matrix.lib
         F:\OpenSees2.4.0\Win32\lib\debug\modelbuilder.lib
         F:\OpenSees2.4.0\Win32\lib\debug\optimization.lib
         F:\OpenSees2.4.0\Win32\lib\debug\recorder.lib
         F:\OpenSees2.4.0\Win32\lib\debug\reliability.lib
         F:\OpenSees2.4.0\Win32\lib\debug\renderer.lib
         F:\OpenSees2.4.0\Win32\lib\debug\string.lib
         F:\OpenSees2.4.0\Win32\lib\debug\superLU.lib
         F:\OpenSees2.4.0\Win32\lib\debug\system.lib
         F:\OpenSees2.4.0\Win32\lib\debug\tagged.lib
         F:\OpenSees2.4.0\Win32\lib\debug\tcl.lib
         F:\OpenSees2.4.0\Win32\lib\debug\utility.lib /MACHINE:I386 /FORCE:MULTIPLE 
     1>LINK : warning LNK4075: ignoring '/INCREMENTAL' due to '/FORCE' specification
       Manifest:
         C:\Program Files (x86)\Microsoft SDKs\Windows\v7.0A\bin\mt.exe /nologo /verbose /out:".\..\..\obj\openSees\debug\OpenSees.exe.embed.manifest" /manifest .\..\..\obj\openSees\debug\OpenSees.exe.intermediate.manifest
         C:\Program Files (x86)\Microsoft SDKs\Windows\v7.0A\bin\rc.exe /nologo /fo".\..\..\obj\openSees\debug\OpenSees.exe.embed.manifest.res" .\..\..\obj\openSees\debug\OpenSees_manifest.rc 
       LinkEmbedManifest:
         F:\Program Files (x86)\Microsoft Visual Studio 10.0\VC\bin\link.exe /ERRORREPORT:PROMPT /OUT:".\..\..\bin/openSees.exe" /INCREMENTAL /NOLOGO /LIBPATH:"c:\program Files\tcl\lib" /LIBPATH:..\..\lib /LIBPATH:..\..\lib\debug cssparse.lib OpenGL32.lib wsock32.lib glu32.lib DoddRestrepo.lib optimization.lib damage.lib tcl.lib fedeas.lib drain.lib reliability.lib database.lib renderer.lib blas.lib lapack.lib feap.lib arpack.lib umfpack.lib actor.lib analysis.lib cblas.lib convergence.lib domain.lib element.lib graph.lib material.lib matrix.lib modelbuilder.lib recorder.lib superLU.lib system.lib tagged.lib utility.lib tcl85.lib tk85.lib ifconsol.lib libifcoremt.lib libm.lib odbc32.lib odbccp32.lib kernel32.lib user32.lib gdi32.lib winspool.lib comdlg32.lib advapi32.lib shell32.lib ole32.lib oleaut32.lib uuid.lib odbc32.lib odbccp32.lib /NODEFAULTLIB:libc.lib /MANIFEST /ManifestFile:".\..\..\obj\openSees\debug\OpenSees.exe.intermediate.manifest" /MANIFESTUAC:"level='asInvoker' uiAccess='false'" /DEBUG /PDB:".\..\..\bin/openSees.pdb" /SUBSYSTEM:CONSOLE /TLBID:1 /DYNAMICBASE:NO /IMPLIB:".\..\..\bin\OpenSees.lib" /MACHINE:X86 .\..\..\obj\openSees\debug\OpenSees.exe.embed.manifest.res
         .\..\..\obj\openSees\debug/tclAppInit.obj
         .\..\..\obj\openSees\debug/tclMain.obj
         .\..\..\obj\openSees\debug/VC2005errno.obj
         F:\OpenSees2.4.0\Win32\lib\debug\actor.lib
         F:\OpenSees2.4.0\Win32\lib\debug\analysis.lib
         F:\OpenSees2.4.0\Win32\lib\debug\cblas.lib
         F:\OpenSees2.4.0\Win32\lib\debug\convergence.lib
         F:\OpenSees2.4.0\Win32\lib\debug\cssparse.lib
         F:\OpenSees2.4.0\Win32\lib\debug\damage.lib
         F:\OpenSees2.4.0\Win32\lib\debug\database.lib
         F:\OpenSees2.4.0\Win32\lib\debug\domain.lib
         F:\OpenSees2.4.0\Win32\lib\debug\element.lib
         F:\OpenSees2.4.0\Win32\lib\debug\graph.lib
         F:\OpenSees2.4.0\Win32\lib\debug\handler.lib
         F:\OpenSees2.4.0\Win32\lib\debug\material.lib
         F:\OpenSees2.4.0\Win32\lib\debug\matrix.lib
         F:\OpenSees2.4.0\Win32\lib\debug\modelbuilder.lib
         F:\OpenSees2.4.0\Win32\lib\debug\optimization.lib
         F:\OpenSees2.4.0\Win32\lib\debug\recorder.lib
         F:\OpenSees2.4.0\Win32\lib\debug\reliability.lib
         F:\OpenSees2.4.0\Win32\lib\debug\renderer.lib
         F:\OpenSees2.4.0\Win32\lib\debug\string.lib
         F:\OpenSees2.4.0\Win32\lib\debug\superLU.lib
         F:\OpenSees2.4.0\Win32\lib\debug\system.lib
         F:\OpenSees2.4.0\Win32\lib\debug\tagged.lib
         F:\OpenSees2.4.0\Win32\lib\debug\tcl.lib
         F:\OpenSees2.4.0\Win32\lib\debug\utility.lib /MACHINE:I386 /FORCE:MULTIPLE 
     1>LINK : warning LNK4075: ignoring '/INCREMENTAL' due to '/FORCE' specification
         OpenSees2005.vcxproj -> F:\OpenSees2.4.0\Win32\proj\openSees\.\..\..\bin\OpenSees.exe
       BscMake:
         F:\Program Files (x86)\Microsoft Visual Studio 10.0\VC\bin\bscmake.exe /nologo /o".\..\..\bin\OpenSees.bsc" .\..\..\obj\openSees\debug\tclAppInit.sbr .\..\..\obj\openSees\debug\tclMain.sbr .\..\..\obj\openSees\debug\VC2005errno.sbr
       FinalizeBuildStatus:
         Deleting file ".\..\..\obj\openSees\debug\OpenSees.unsuccessfulbuild".
         Touching ".\..\..\obj\openSees\debug\OpenSees.lastbuildstate".
     1>Done Building Project "F:\OpenSees2.4.0\Win32\proj\openSees\OpenSees2005.vcxproj" (build target(s)).

Build succeeded.

Time Elapsed 00:00:06.59
