.\..\..\bin\OpenSees.bsc
.\..\..\bin\OpenSees.pdb
C:\OPENSEES2.4.0\WIN32\BIN\OPENSEES.BSC
C:\OPENSEES2.4.0\WIN32\BIN\OPENSEES.EXE
C:\OPENSEES2.4.0\WIN32\BIN\OPENSEES.PDB
C:\OpenSees2.4.0\Win32\obj\openSees\debug\BscMake.command.1.tlog
C:\OpenSees2.4.0\Win32\obj\openSees\debug\bscmake.read.1.tlog
C:\OpenSees2.4.0\Win32\obj\openSees\debug\bscmake.write.1.tlog
C:\OpenSees2.4.0\Win32\obj\openSees\debug\cl.command.1.tlog
C:\OpenSees2.4.0\Win32\obj\openSees\debug\CL.read.1.tlog
C:\OpenSees2.4.0\Win32\obj\openSees\debug\CL.write.1.tlog
C:\OpenSees2.4.0\Win32\obj\openSees\debug\link.command.1.tlog
C:\OpenSees2.4.0\Win32\obj\openSees\debug\link.read.1.tlog
C:\OpenSees2.4.0\Win32\obj\openSees\debug\link.write.1.tlog
C:\OpenSees2.4.0\Win32\obj\openSees\debug\link-cvtres.read.1.tlog
C:\OpenSees2.4.0\Win32\obj\openSees\debug\link-cvtres.write.1.tlog
C:\OpenSees2.4.0\Win32\obj\openSees\debug\mt.command.1.tlog
C:\OpenSees2.4.0\Win32\obj\openSees\debug\mt.read.1.tlog
C:\OpenSees2.4.0\Win32\obj\openSees\debug\mt.write.1.tlog
C:\OPENSEES2.4.0\WIN32\OBJ\OPENSEES\DEBUG\OPENSEES.EXE.EMBED.MANIFEST
C:\OPENSEES2.4.0\WIN32\OBJ\OPENSEES\DEBUG\OPENSEES.EXE.EMBED.MANIFEST.RES
C:\OPENSEES2.4.0\WIN32\OBJ\OPENSEES\DEBUG\OPENSEES.EXE.INTERMEDIATE.MANIFEST
C:\OpenSees2.4.0\Win32\obj\openSees\debug\OpenSees.write.1.tlog
C:\OpenSees2.4.0\Win32\obj\openSees\debug\OpenSees_manifest.rc
C:\OpenSees2.4.0\Win32\obj\openSees\debug\rc.command.1.tlog
C:\OpenSees2.4.0\Win32\obj\openSees\debug\rc.read.1.tlog
C:\OpenSees2.4.0\Win32\obj\openSees\debug\rc.write.1.tlog
C:\OPENSEES2.4.0\WIN32\OBJ\OPENSEES\DEBUG\TCLAPPINIT.OBJ
C:\OPENSEES2.4.0\WIN32\OBJ\OPENSEES\DEBUG\TCLAPPINIT.SBR
C:\OPENSEES2.4.0\WIN32\OBJ\OPENSEES\DEBUG\TCLMAIN.OBJ
C:\OPENSEES2.4.0\WIN32\OBJ\OPENSEES\DEBUG\TCLMAIN.SBR
C:\OpenSees2.4.0\Win32\obj\openSees\debug\vc100.idb
C:\OPENSEES2.4.0\WIN32\OBJ\OPENSEES\DEBUG\VC100.PDB
C:\OPENSEES2.4.0\WIN32\OBJ\OPENSEES\DEBUG\VC2005ERRNO.OBJ
C:\OPENSEES2.4.0\WIN32\OBJ\OPENSEES\DEBUG\VC2005ERRNO.SBR
C:\OpenSees2.4.0\Win32\proj\openSees\.\..\..\bin\OpenSees.exe
