.\..\..\lib\debug\system.bsc
C:\OPENSEES2.4.0\WIN32\LIB\DEBUG\SYSTEM.BSC
C:\OPENSEES2.4.0\WIN32\LIB\DEBUG\SYSTEM.LIB
C:\OPENSEES2.4.0\WIN32\OBJ\SYSTEM\DEBUG\ARPACKSOE.OBJ
C:\OPENSEES2.4.0\WIN32\OBJ\SYSTEM\DEBUG\ARPACKSOE.SBR
C:\OPENSEES2.4.0\WIN32\OBJ\SYSTEM\DEBUG\ARPACKSOLVER.OBJ
C:\OPENSEES2.4.0\WIN32\OBJ\SYSTEM\DEBUG\ARPACKSOLVER.SBR
C:\OPENSEES2.4.0\WIN32\OBJ\SYSTEM\DEBUG\BANDGENLINLAPACKSOLVER.OBJ
C:\OPENSEES2.4.0\WIN32\OBJ\SYSTEM\DEBUG\BANDGENLINLAPACKSOLVER.SBR
C:\OPENSEES2.4.0\WIN32\OBJ\SYSTEM\DEBUG\BANDGENLINSOE.OBJ
C:\OPENSEES2.4.0\WIN32\OBJ\SYSTEM\DEBUG\BANDGENLINSOE.SBR
C:\OPENSEES2.4.0\WIN32\OBJ\SYSTEM\DEBUG\BANDGENLINSOLVER.OBJ
C:\OPENSEES2.4.0\WIN32\OBJ\SYSTEM\DEBUG\BANDGENLINSOLVER.SBR
C:\OPENSEES2.4.0\WIN32\OBJ\SYSTEM\DEBUG\BANDSPDLINLAPACKSOLVER.OBJ
C:\OPENSEES2.4.0\WIN32\OBJ\SYSTEM\DEBUG\BANDSPDLINLAPACKSOLVER.SBR
C:\OPENSEES2.4.0\WIN32\OBJ\SYSTEM\DEBUG\BANDSPDLINSOE.OBJ
C:\OPENSEES2.4.0\WIN32\OBJ\SYSTEM\DEBUG\BANDSPDLINSOE.SBR
C:\OPENSEES2.4.0\WIN32\OBJ\SYSTEM\DEBUG\BANDSPDLINSOLVER.OBJ
C:\OPENSEES2.4.0\WIN32\OBJ\SYSTEM\DEBUG\BANDSPDLINSOLVER.SBR
C:\OpenSees2.4.0\Win32\obj\system\debug\BscMake.command.1.tlog
C:\OpenSees2.4.0\Win32\obj\system\debug\bscmake.read.1.tlog
C:\OpenSees2.4.0\Win32\obj\system\debug\bscmake.write.1.tlog
C:\OpenSees2.4.0\Win32\obj\system\debug\cl.command.1.tlog
C:\OpenSees2.4.0\Win32\obj\system\debug\CL.read.1.tlog
C:\OpenSees2.4.0\Win32\obj\system\debug\CL.write.1.tlog
C:\OPENSEES2.4.0\WIN32\OBJ\SYSTEM\DEBUG\DIAGONALDIRECTSOLVER.OBJ
C:\OPENSEES2.4.0\WIN32\OBJ\SYSTEM\DEBUG\DIAGONALDIRECTSOLVER.SBR
C:\OPENSEES2.4.0\WIN32\OBJ\SYSTEM\DEBUG\DIAGONALSOE.OBJ
C:\OPENSEES2.4.0\WIN32\OBJ\SYSTEM\DEBUG\DIAGONALSOE.SBR
C:\OPENSEES2.4.0\WIN32\OBJ\SYSTEM\DEBUG\DIAGONALSOLVER.OBJ
C:\OPENSEES2.4.0\WIN32\OBJ\SYSTEM\DEBUG\DIAGONALSOLVER.SBR
C:\OPENSEES2.4.0\WIN32\OBJ\SYSTEM\DEBUG\DISTRIBUTEDBANDGENLINSOE.OBJ
C:\OPENSEES2.4.0\WIN32\OBJ\SYSTEM\DEBUG\DISTRIBUTEDBANDGENLINSOE.SBR
C:\OPENSEES2.4.0\WIN32\OBJ\SYSTEM\DEBUG\DISTRIBUTEDBANDSPDLINSOE.OBJ
C:\OPENSEES2.4.0\WIN32\OBJ\SYSTEM\DEBUG\DISTRIBUTEDBANDSPDLINSOE.SBR
C:\OPENSEES2.4.0\WIN32\OBJ\SYSTEM\DEBUG\DISTRIBUTEDDIAGONALSOE.OBJ
C:\OPENSEES2.4.0\WIN32\OBJ\SYSTEM\DEBUG\DISTRIBUTEDDIAGONALSOE.SBR
C:\OPENSEES2.4.0\WIN32\OBJ\SYSTEM\DEBUG\DISTRIBUTEDDIAGONALSOLVER.OBJ
C:\OPENSEES2.4.0\WIN32\OBJ\SYSTEM\DEBUG\DISTRIBUTEDDIAGONALSOLVER.SBR
C:\OPENSEES2.4.0\WIN32\OBJ\SYSTEM\DEBUG\DISTRIBUTEDPROFILESPDLINSOE.OBJ
C:\OPENSEES2.4.0\WIN32\OBJ\SYSTEM\DEBUG\DISTRIBUTEDPROFILESPDLINSOE.SBR
C:\OPENSEES2.4.0\WIN32\OBJ\SYSTEM\DEBUG\DOMAINSOLVER.OBJ
C:\OPENSEES2.4.0\WIN32\OBJ\SYSTEM\DEBUG\DOMAINSOLVER.SBR
C:\OPENSEES2.4.0\WIN32\OBJ\SYSTEM\DEBUG\EIGENSOE.OBJ
C:\OPENSEES2.4.0\WIN32\OBJ\SYSTEM\DEBUG\EIGENSOE.SBR
C:\OPENSEES2.4.0\WIN32\OBJ\SYSTEM\DEBUG\EIGENSOLVER.OBJ
C:\OPENSEES2.4.0\WIN32\OBJ\SYSTEM\DEBUG\EIGENSOLVER.SBR
C:\OPENSEES2.4.0\WIN32\OBJ\SYSTEM\DEBUG\FULLGENEIGENSOE.OBJ
C:\OPENSEES2.4.0\WIN32\OBJ\SYSTEM\DEBUG\FULLGENEIGENSOE.SBR
C:\OPENSEES2.4.0\WIN32\OBJ\SYSTEM\DEBUG\FULLGENEIGENSOLVER.OBJ
C:\OPENSEES2.4.0\WIN32\OBJ\SYSTEM\DEBUG\FULLGENEIGENSOLVER.SBR
C:\OPENSEES2.4.0\WIN32\OBJ\SYSTEM\DEBUG\FULLGENLINLAPACKSOLVER.OBJ
C:\OPENSEES2.4.0\WIN32\OBJ\SYSTEM\DEBUG\FULLGENLINLAPACKSOLVER.SBR
C:\OPENSEES2.4.0\WIN32\OBJ\SYSTEM\DEBUG\FULLGENLINSOE.OBJ
C:\OPENSEES2.4.0\WIN32\OBJ\SYSTEM\DEBUG\FULLGENLINSOE.SBR
C:\OPENSEES2.4.0\WIN32\OBJ\SYSTEM\DEBUG\FULLGENLINSOLVER.OBJ
C:\OPENSEES2.4.0\WIN32\OBJ\SYSTEM\DEBUG\FULLGENLINSOLVER.SBR
C:\OPENSEES2.4.0\WIN32\OBJ\SYSTEM\DEBUG\GRCM.OBJ
C:\OPENSEES2.4.0\WIN32\OBJ\SYSTEM\DEBUG\GRCM.SBR
C:\OpenSees2.4.0\Win32\obj\system\debug\lib.command.1.tlog
C:\OpenSees2.4.0\Win32\obj\system\debug\Lib-link.read.1.tlog
C:\OpenSees2.4.0\Win32\obj\system\debug\Lib-link.write.1.tlog
C:\OPENSEES2.4.0\WIN32\OBJ\SYSTEM\DEBUG\LINEARSOE.OBJ
C:\OPENSEES2.4.0\WIN32\OBJ\SYSTEM\DEBUG\LINEARSOE.SBR
C:\OPENSEES2.4.0\WIN32\OBJ\SYSTEM\DEBUG\LINEARSOESOLVER.OBJ
C:\OPENSEES2.4.0\WIN32\OBJ\SYSTEM\DEBUG\LINEARSOESOLVER.SBR
C:\OPENSEES2.4.0\WIN32\OBJ\SYSTEM\DEBUG\NEST.OBJ
C:\OPENSEES2.4.0\WIN32\OBJ\SYSTEM\DEBUG\NEST.SBR
C:\OPENSEES2.4.0\WIN32\OBJ\SYSTEM\DEBUG\NEWORDR.OBJ
C:\OPENSEES2.4.0\WIN32\OBJ\SYSTEM\DEBUG\NEWORDR.SBR
C:\OPENSEES2.4.0\WIN32\OBJ\SYSTEM\DEBUG\NMAT.OBJ
C:\OPENSEES2.4.0\WIN32\OBJ\SYSTEM\DEBUG\NMAT.SBR
C:\OPENSEES2.4.0\WIN32\OBJ\SYSTEM\DEBUG\NNSIM.OBJ
C:\OPENSEES2.4.0\WIN32\OBJ\SYSTEM\DEBUG\NNSIM.SBR
C:\OPENSEES2.4.0\WIN32\OBJ\SYSTEM\DEBUG\PFEMLINSOE.OBJ
C:\OPENSEES2.4.0\WIN32\OBJ\SYSTEM\DEBUG\PFEMLINSOE.SBR
C:\OPENSEES2.4.0\WIN32\OBJ\SYSTEM\DEBUG\PFEMSOLVER.OBJ
C:\OPENSEES2.4.0\WIN32\OBJ\SYSTEM\DEBUG\PFEMSOLVER.SBR
C:\OPENSEES2.4.0\WIN32\OBJ\SYSTEM\DEBUG\PROFILESPDLINDIRECTSOLVER.OBJ
C:\OPENSEES2.4.0\WIN32\OBJ\SYSTEM\DEBUG\PROFILESPDLINDIRECTSOLVER.SBR
C:\OPENSEES2.4.0\WIN32\OBJ\SYSTEM\DEBUG\PROFILESPDLINSOE.OBJ
C:\OPENSEES2.4.0\WIN32\OBJ\SYSTEM\DEBUG\PROFILESPDLINSOE.SBR
C:\OPENSEES2.4.0\WIN32\OBJ\SYSTEM\DEBUG\PROFILESPDLINSOLVER.OBJ
C:\OPENSEES2.4.0\WIN32\OBJ\SYSTEM\DEBUG\PROFILESPDLINSOLVER.SBR
C:\OPENSEES2.4.0\WIN32\OBJ\SYSTEM\DEBUG\PROFILESPDLINSUBSTRSOLVER.OBJ
C:\OPENSEES2.4.0\WIN32\OBJ\SYSTEM\DEBUG\PROFILESPDLINSUBSTRSOLVER.SBR
C:\OPENSEES2.4.0\WIN32\OBJ\SYSTEM\DEBUG\SOLVER.OBJ
C:\OPENSEES2.4.0\WIN32\OBJ\SYSTEM\DEBUG\SOLVER.SBR
C:\OPENSEES2.4.0\WIN32\OBJ\SYSTEM\DEBUG\SPARSEGENCOLLINSOE.OBJ
C:\OPENSEES2.4.0\WIN32\OBJ\SYSTEM\DEBUG\SPARSEGENCOLLINSOE.SBR
C:\OPENSEES2.4.0\WIN32\OBJ\SYSTEM\DEBUG\SPARSEGENCOLLINSOLVER.OBJ
C:\OPENSEES2.4.0\WIN32\OBJ\SYSTEM\DEBUG\SPARSEGENCOLLINSOLVER.SBR
C:\OPENSEES2.4.0\WIN32\OBJ\SYSTEM\DEBUG\SPROFILESPDLINSOE.OBJ
C:\OPENSEES2.4.0\WIN32\OBJ\SYSTEM\DEBUG\SPROFILESPDLINSOE.SBR
C:\OPENSEES2.4.0\WIN32\OBJ\SYSTEM\DEBUG\SPROFILESPDLINSOLVER.OBJ
C:\OPENSEES2.4.0\WIN32\OBJ\SYSTEM\DEBUG\SPROFILESPDLINSOLVER.SBR
C:\OPENSEES2.4.0\WIN32\OBJ\SYSTEM\DEBUG\SUPERLU.OBJ
C:\OPENSEES2.4.0\WIN32\OBJ\SYSTEM\DEBUG\SUPERLU.SBR
C:\OPENSEES2.4.0\WIN32\OBJ\SYSTEM\DEBUG\SYMBANDEIGENSOE.OBJ
C:\OPENSEES2.4.0\WIN32\OBJ\SYSTEM\DEBUG\SYMBANDEIGENSOE.SBR
C:\OPENSEES2.4.0\WIN32\OBJ\SYSTEM\DEBUG\SYMBANDEIGENSOLVER.OBJ
C:\OPENSEES2.4.0\WIN32\OBJ\SYSTEM\DEBUG\SYMBANDEIGENSOLVER.SBR
C:\OPENSEES2.4.0\WIN32\OBJ\SYSTEM\DEBUG\SYMBOLIC.OBJ
C:\OPENSEES2.4.0\WIN32\OBJ\SYSTEM\DEBUG\SYMBOLIC.SBR
C:\OPENSEES2.4.0\WIN32\OBJ\SYSTEM\DEBUG\SYMSPARSELINSOE.OBJ
C:\OPENSEES2.4.0\WIN32\OBJ\SYSTEM\DEBUG\SYMSPARSELINSOE.SBR
C:\OPENSEES2.4.0\WIN32\OBJ\SYSTEM\DEBUG\SYMSPARSELINSOLVER.OBJ
C:\OPENSEES2.4.0\WIN32\OBJ\SYSTEM\DEBUG\SYMSPARSELINSOLVER.SBR
C:\OPENSEES2.4.0\WIN32\OBJ\SYSTEM\DEBUG\SYSTEMOFEQN.OBJ
C:\OPENSEES2.4.0\WIN32\OBJ\SYSTEM\DEBUG\SYSTEMOFEQN.SBR
C:\OPENSEES2.4.0\WIN32\OBJ\SYSTEM\DEBUG\TIM.OBJ
C:\OPENSEES2.4.0\WIN32\OBJ\SYSTEM\DEBUG\TIM.SBR
C:\OPENSEES2.4.0\WIN32\OBJ\SYSTEM\DEBUG\UMFPACKGENLINSOE.OBJ
C:\OPENSEES2.4.0\WIN32\OBJ\SYSTEM\DEBUG\UMFPACKGENLINSOE.SBR
C:\OPENSEES2.4.0\WIN32\OBJ\SYSTEM\DEBUG\UMFPACKGENLINSOLVER.OBJ
C:\OPENSEES2.4.0\WIN32\OBJ\SYSTEM\DEBUG\UMFPACKGENLINSOLVER.SBR
C:\OPENSEES2.4.0\WIN32\OBJ\SYSTEM\DEBUG\UTILITY.OBJ
C:\OPENSEES2.4.0\WIN32\OBJ\SYSTEM\DEBUG\UTILITY.SBR
C:\OpenSees2.4.0\Win32\obj\system\debug\vc100.idb
C:\OPENSEES2.4.0\WIN32\OBJ\SYSTEM\DEBUG\VC100.PDB
C:\OpenSees2.4.0\Win32\proj\system\.\..\..\lib\debug\system.lib
