.\..\..\lib\debug\matrix.bsc
C:\OPENSEES2.4.0\WIN32\LIB\DEBUG\MATRIX.BSC
C:\OPENSEES2.4.0\WIN32\LIB\DEBUG\MATRIX.LIB
C:\OpenSees2.4.0\Win32\obj\matrix\debug\BscMake.command.1.tlog
C:\OpenSees2.4.0\Win32\obj\matrix\debug\bscmake.read.1.tlog
C:\OpenSees2.4.0\Win32\obj\matrix\debug\bscmake.write.1.tlog
C:\OpenSees2.4.0\Win32\obj\matrix\debug\cl.command.1.tlog
C:\OpenSees2.4.0\Win32\obj\matrix\debug\CL.read.1.tlog
C:\OpenSees2.4.0\Win32\obj\matrix\debug\CL.write.1.tlog
C:\OPENSEES2.4.0\WIN32\OBJ\MATRIX\DEBUG\ID.OBJ
C:\OPENSEES2.4.0\WIN32\OBJ\MATRIX\DEBUG\ID.SBR
C:\OpenSees2.4.0\Win32\obj\matrix\debug\lib.command.1.tlog
C:\OpenSees2.4.0\Win32\obj\matrix\debug\Lib-link.read.1.tlog
C:\OpenSees2.4.0\Win32\obj\matrix\debug\Lib-link.write.1.tlog
C:\OPENSEES2.4.0\WIN32\OBJ\MATRIX\DEBUG\MATRIX.OBJ
C:\OPENSEES2.4.0\WIN32\OBJ\MATRIX\DEBUG\MATRIX.SBR
C:\OpenSees2.4.0\Win32\obj\matrix\debug\vc100.idb
C:\OPENSEES2.4.0\WIN32\OBJ\MATRIX\DEBUG\VC100.PDB
C:\OPENSEES2.4.0\WIN32\OBJ\MATRIX\DEBUG\VECTOR.OBJ
C:\OPENSEES2.4.0\WIN32\OBJ\MATRIX\DEBUG\VECTOR.SBR
C:\OpenSees2.4.0\Win32\proj\matrix\.\..\..\lib\debug\matrix.lib
