Build started 10/1/2015 9:54:02 PM.
     1>Project "F:\OpenSees2.4.0\Win32\proj\quickMain\quickMain2005.vcxproj" on node 2 (build target(s)).
     1>InitializeBuildStatus:
         Touching ".\..\..\obj\quickMain\debug\quickMain.unsuccessfulbuild".
       ClCompile:
         All outputs are up-to-date.
       ManifestResourceCompile:
         All outputs are up-to-date.
       Link:
         F:\Program Files (x86)\Microsoft Visual Studio 10.0\VC\bin\link.exe /ERRORREPORT:PROMPT /OUT:".\..\..\bin/quickMain.exe" /INCREMENTAL /NOLOGO /LIBPATH:c:\msdev\lib /LIBPATH:"c:\Program Files\tcl\lib" /LIBPATH:..\..\lib /LIBPATH:..\..\lib\debug reliability.lib actor.lib analysis.lib cblas.lib convergence.lib domain.lib element.lib graph.lib material.lib matrix.lib modelbuilder.lib recorder.lib superLU.lib system.lib tagged.lib utility.lib database.lib renderer.lib blas.lib lapack.lib feap.lib arpack.lib umfpack.lib ifconsol.lib libifcoremt.lib libm.lib odbc32.lib odbccp32.lib OpenGL32.lib glu32.lib kernel32.lib user32.lib gdi32.lib winspool.lib comdlg32.lib advapi32.lib shell32.lib ole32.lib oleaut32.lib uuid.lib odbc32.lib odbccp32.lib /NODEFAULTLIB:libc.lib /MANIFEST /ManifestFile:".\..\..\obj\quickMain\debug\quickMain.exe.intermediate.manifest" /MANIFESTUAC:"level='asInvoker' uiAccess='false'" /DEBUG /PDB:".\..\..\bin/quickMain.pdb" /SUBSYSTEM:CONSOLE /TLBID:1 /DYNAMICBASE:NO /IMPLIB:".\..\..\bin\quickMain.lib" /MACHINE:X86 .\..\..\obj\quickMain\debug\quickMain.exe.embed.manifest.res
         .\..\..\obj\quickMain\debug/elementAPI_Dummy.obj
         .\..\..\obj\quickMain\debug/main.obj
         .\..\..\obj\quickMain\debug/VC2005errno.obj
         F:\OpenSees2.4.0\Win32\lib\debug\actor.lib
         F:\OpenSees2.4.0\Win32\lib\debug\analysis.lib
         F:\OpenSees2.4.0\Win32\lib\debug\cblas.lib
         F:\OpenSees2.4.0\Win32\lib\debug\convergence.lib
         F:\OpenSees2.4.0\Win32\lib\debug\database.lib
         F:\OpenSees2.4.0\Win32\lib\debug\domain.lib
         F:\OpenSees2.4.0\Win32\lib\debug\element.lib
         F:\OpenSees2.4.0\Win32\lib\debug\graph.lib
         F:\OpenSees2.4.0\Win32\lib\debug\handler.lib
         F:\OpenSees2.4.0\Win32\lib\debug\material.lib
         F:\OpenSees2.4.0\Win32\lib\debug\matrix.lib
         F:\OpenSees2.4.0\Win32\lib\debug\modelbuilder.lib
         F:\OpenSees2.4.0\Win32\lib\debug\recorder.lib
         F:\OpenSees2.4.0\Win32\lib\debug\renderer.lib
         F:\OpenSees2.4.0\Win32\lib\debug\string.lib
         F:\OpenSees2.4.0\Win32\lib\debug\superLU.lib
         F:\OpenSees2.4.0\Win32\lib\debug\system.lib
         F:\OpenSees2.4.0\Win32\lib\debug\tagged.lib
         F:\OpenSees2.4.0\Win32\lib\debug\utility.lib /MACHINE:I386 /FORCE:MULTIPLE 
     1>LINK : warning LNK4075: ignoring '/INCREMENTAL' due to '/FORCE' specification
       Manifest:
         C:\Program Files (x86)\Microsoft SDKs\Windows\v7.0A\bin\mt.exe /nologo /verbose /out:".\..\..\obj\quickMain\debug\quickMain.exe.embed.manifest" /manifest .\..\..\obj\quickMain\debug\quickMain.exe.intermediate.manifest
         C:\Program Files (x86)\Microsoft SDKs\Windows\v7.0A\bin\rc.exe /nologo /fo".\..\..\obj\quickMain\debug\quickMain.exe.embed.manifest.res" .\..\..\obj\quickMain\debug\quickMain_manifest.rc 
       LinkEmbedManifest:
         F:\Program Files (x86)\Microsoft Visual Studio 10.0\VC\bin\link.exe /ERRORREPORT:PROMPT /OUT:".\..\..\bin/quickMain.exe" /INCREMENTAL /NOLOGO /LIBPATH:c:\msdev\lib /LIBPATH:"c:\Program Files\tcl\lib" /LIBPATH:..\..\lib /LIBPATH:..\..\lib\debug reliability.lib actor.lib analysis.lib cblas.lib convergence.lib domain.lib element.lib graph.lib material.lib matrix.lib modelbuilder.lib recorder.lib superLU.lib system.lib tagged.lib utility.lib database.lib renderer.lib blas.lib lapack.lib feap.lib arpack.lib umfpack.lib ifconsol.lib libifcoremt.lib libm.lib odbc32.lib odbccp32.lib OpenGL32.lib glu32.lib kernel32.lib user32.lib gdi32.lib winspool.lib comdlg32.lib advapi32.lib shell32.lib ole32.lib oleaut32.lib uuid.lib odbc32.lib odbccp32.lib /NODEFAULTLIB:libc.lib /MANIFEST /ManifestFile:".\..\..\obj\quickMain\debug\quickMain.exe.intermediate.manifest" /MANIFESTUAC:"level='asInvoker' uiAccess='false'" /DEBUG /PDB:".\..\..\bin/quickMain.pdb" /SUBSYSTEM:CONSOLE /TLBID:1 /DYNAMICBASE:NO /IMPLIB:".\..\..\bin\quickMain.lib" /MACHINE:X86 .\..\..\obj\quickMain\debug\quickMain.exe.embed.manifest.res
         .\..\..\obj\quickMain\debug/elementAPI_Dummy.obj
         .\..\..\obj\quickMain\debug/main.obj
         .\..\..\obj\quickMain\debug/VC2005errno.obj
         F:\OpenSees2.4.0\Win32\lib\debug\actor.lib
         F:\OpenSees2.4.0\Win32\lib\debug\analysis.lib
         F:\OpenSees2.4.0\Win32\lib\debug\cblas.lib
         F:\OpenSees2.4.0\Win32\lib\debug\convergence.lib
         F:\OpenSees2.4.0\Win32\lib\debug\database.lib
         F:\OpenSees2.4.0\Win32\lib\debug\domain.lib
         F:\OpenSees2.4.0\Win32\lib\debug\element.lib
         F:\OpenSees2.4.0\Win32\lib\debug\graph.lib
         F:\OpenSees2.4.0\Win32\lib\debug\handler.lib
         F:\OpenSees2.4.0\Win32\lib\debug\material.lib
         F:\OpenSees2.4.0\Win32\lib\debug\matrix.lib
         F:\OpenSees2.4.0\Win32\lib\debug\modelbuilder.lib
         F:\OpenSees2.4.0\Win32\lib\debug\recorder.lib
         F:\OpenSees2.4.0\Win32\lib\debug\renderer.lib
         F:\OpenSees2.4.0\Win32\lib\debug\string.lib
         F:\OpenSees2.4.0\Win32\lib\debug\superLU.lib
         F:\OpenSees2.4.0\Win32\lib\debug\system.lib
         F:\OpenSees2.4.0\Win32\lib\debug\tagged.lib
         F:\OpenSees2.4.0\Win32\lib\debug\utility.lib /MACHINE:I386 /FORCE:MULTIPLE 
     1>LINK : warning LNK4075: ignoring '/INCREMENTAL' due to '/FORCE' specification
         quickMain2005.vcxproj -> F:\OpenSees2.4.0\Win32\proj\quickMain\.\..\..\bin\quickMain.exe
       BscMake:
         F:\Program Files (x86)\Microsoft Visual Studio 10.0\VC\bin\bscmake.exe /nologo /o".\..\..\bin\quickMain.bsc" .\..\..\obj\quickMain\debug\elementAPI_Dummy.sbr .\..\..\obj\quickMain\debug\main.sbr .\..\..\obj\quickMain\debug\VC2005errno.sbr
       FinalizeBuildStatus:
         Deleting file ".\..\..\obj\quickMain\debug\quickMain.unsuccessfulbuild".
         Touching ".\..\..\obj\quickMain\debug\quickMain.lastbuildstate".
     1>Done Building Project "F:\OpenSees2.4.0\Win32\proj\quickMain\quickMain2005.vcxproj" (build target(s)).

Build succeeded.

Time Elapsed 00:00:06.60
