.\..\..\bin\quickMain.bsc
.\..\..\bin\quickMain.pdb
C:\OPENSEES2.4.0\WIN32\BIN\QUICKMAIN.BSC
C:\OPENSEES2.4.0\WIN32\BIN\QUICKMAIN.EXE
C:\OPENSEES2.4.0\WIN32\BIN\QUICKMAIN.PDB
C:\OpenSees2.4.0\Win32\obj\quickMain\debug\BscMake.command.1.tlog
C:\OpenSees2.4.0\Win32\obj\quickMain\debug\bscmake.read.1.tlog
C:\OpenSees2.4.0\Win32\obj\quickMain\debug\bscmake.write.1.tlog
C:\OpenSees2.4.0\Win32\obj\quickMain\debug\cl.command.1.tlog
C:\OpenSees2.4.0\Win32\obj\quickMain\debug\CL.read.1.tlog
C:\OpenSees2.4.0\Win32\obj\quickMain\debug\CL.write.1.tlog
C:\OPENSEES2.4.0\WIN32\OBJ\QUICKMAIN\DEBUG\ELEMENTAPI_DUMMY.OBJ
C:\OPENSEES2.4.0\WIN32\OBJ\QUICKMAIN\DEBUG\ELEMENTAPI_DUMMY.SBR
C:\OpenSees2.4.0\Win32\obj\quickMain\debug\link.command.1.tlog
C:\OpenSees2.4.0\Win32\obj\quickMain\debug\link.read.1.tlog
C:\OpenSees2.4.0\Win32\obj\quickMain\debug\link.write.1.tlog
C:\OpenSees2.4.0\Win32\obj\quickMain\debug\link-cvtres.read.1.tlog
C:\OpenSees2.4.0\Win32\obj\quickMain\debug\link-cvtres.write.1.tlog
C:\OPENSEES2.4.0\WIN32\OBJ\QUICKMAIN\DEBUG\MAIN.OBJ
C:\OPENSEES2.4.0\WIN32\OBJ\QUICKMAIN\DEBUG\MAIN.SBR
C:\OpenSees2.4.0\Win32\obj\quickMain\debug\mt.command.1.tlog
C:\OpenSees2.4.0\Win32\obj\quickMain\debug\mt.read.1.tlog
C:\OpenSees2.4.0\Win32\obj\quickMain\debug\mt.write.1.tlog
C:\OPENSEES2.4.0\WIN32\OBJ\QUICKMAIN\DEBUG\QUICKMAIN.EXE.EMBED.MANIFEST
C:\OPENSEES2.4.0\WIN32\OBJ\QUICKMAIN\DEBUG\QUICKMAIN.EXE.EMBED.MANIFEST.RES
C:\OPENSEES2.4.0\WIN32\OBJ\QUICKMAIN\DEBUG\QUICKMAIN.EXE.INTERMEDIATE.MANIFEST
C:\OpenSees2.4.0\Win32\obj\quickMain\debug\quickMain.write.1.tlog
C:\OpenSees2.4.0\Win32\obj\quickMain\debug\quickMain_manifest.rc
C:\OpenSees2.4.0\Win32\obj\quickMain\debug\rc.command.1.tlog
C:\OpenSees2.4.0\Win32\obj\quickMain\debug\rc.read.1.tlog
C:\OpenSees2.4.0\Win32\obj\quickMain\debug\rc.write.1.tlog
C:\OpenSees2.4.0\Win32\obj\quickMain\debug\vc100.idb
C:\OPENSEES2.4.0\WIN32\OBJ\QUICKMAIN\DEBUG\VC100.PDB
C:\OPENSEES2.4.0\WIN32\OBJ\QUICKMAIN\DEBUG\VC2005ERRNO.OBJ
C:\OPENSEES2.4.0\WIN32\OBJ\QUICKMAIN\DEBUG\VC2005ERRNO.SBR
C:\OpenSees2.4.0\Win32\proj\quickMain\.\..\..\bin\quickMain.exe
