.\..\..\lib\debug\renderer.bsc
C:\OPENSEES2.4.0\WIN32\LIB\DEBUG\RENDERER.BSC
C:\OPENSEES2.4.0\WIN32\LIB\DEBUG\RENDERER.LIB
C:\OpenSees2.4.0\Win32\obj\render\debug\BscMake.command.1.tlog
C:\OpenSees2.4.0\Win32\obj\render\debug\bscmake.read.1.tlog
C:\OpenSees2.4.0\Win32\obj\render\debug\bscmake.write.1.tlog
C:\OpenSees2.4.0\Win32\obj\render\debug\cl.command.1.tlog
C:\OpenSees2.4.0\Win32\obj\render\debug\CL.read.1.tlog
C:\OpenSees2.4.0\Win32\obj\render\debug\CL.write.1.tlog
C:\OPENSEES2.4.0\WIN32\OBJ\RENDER\DEBUG\CLIPPING.OBJ
C:\OPENSEES2.4.0\WIN32\OBJ\RENDER\DEBUG\CLIPPING.SBR
C:\OPENSEES2.4.0\WIN32\OBJ\RENDER\DEBUG\DB.OBJ
C:\OPENSEES2.4.0\WIN32\OBJ\RENDER\DEBUG\DB.SBR
C:\OPENSEES2.4.0\WIN32\OBJ\RENDER\DEBUG\DEVICE.OBJ
C:\OPENSEES2.4.0\WIN32\OBJ\RENDER\DEBUG\DEVICE.SBR
C:\OPENSEES2.4.0\WIN32\OBJ\RENDER\DEBUG\DOFCOLORMAP.OBJ
C:\OPENSEES2.4.0\WIN32\OBJ\RENDER\DEBUG\DOFCOLORMAP.SBR
C:\OPENSEES2.4.0\WIN32\OBJ\RENDER\DEBUG\GMATRIX.OBJ
C:\OPENSEES2.4.0\WIN32\OBJ\RENDER\DEBUG\GMATRIX.SBR
C:\OpenSees2.4.0\Win32\obj\render\debug\lib.command.1.tlog
C:\OpenSees2.4.0\Win32\obj\render\debug\Lib-link.read.1.tlog
C:\OpenSees2.4.0\Win32\obj\render\debug\Lib-link.write.1.tlog
C:\OPENSEES2.4.0\WIN32\OBJ\RENDER\DEBUG\OPENGLDEVICE.OBJ
C:\OPENSEES2.4.0\WIN32\OBJ\RENDER\DEBUG\OPENGLDEVICE.SBR
C:\OPENSEES2.4.0\WIN32\OBJ\RENDER\DEBUG\OPENGLRENDERER.OBJ
C:\OPENSEES2.4.0\WIN32\OBJ\RENDER\DEBUG\OPENGLRENDERER.SBR
C:\OPENSEES2.4.0\WIN32\OBJ\RENDER\DEBUG\PLAINMAP.OBJ
C:\OPENSEES2.4.0\WIN32\OBJ\RENDER\DEBUG\PLAINMAP.SBR
C:\OPENSEES2.4.0\WIN32\OBJ\RENDER\DEBUG\PROJECTION.OBJ
C:\OPENSEES2.4.0\WIN32\OBJ\RENDER\DEBUG\PROJECTION.SBR
C:\OPENSEES2.4.0\WIN32\OBJ\RENDER\DEBUG\RENDERER.OBJ
C:\OPENSEES2.4.0\WIN32\OBJ\RENDER\DEBUG\RENDERER.SBR
C:\OPENSEES2.4.0\WIN32\OBJ\RENDER\DEBUG\SCAN.OBJ
C:\OPENSEES2.4.0\WIN32\OBJ\RENDER\DEBUG\SCAN.SBR
C:\OpenSees2.4.0\Win32\obj\render\debug\vc100.idb
C:\OPENSEES2.4.0\WIN32\OBJ\RENDER\DEBUG\VC100.PDB
C:\OPENSEES2.4.0\WIN32\OBJ\RENDER\DEBUG\VIEW.OBJ
C:\OPENSEES2.4.0\WIN32\OBJ\RENDER\DEBUG\VIEW.SBR
C:\OPENSEES2.4.0\WIN32\OBJ\RENDER\DEBUG\VIEWPORT.OBJ
C:\OPENSEES2.4.0\WIN32\OBJ\RENDER\DEBUG\VIEWPORT.SBR
C:\OPENSEES2.4.0\WIN32\OBJ\RENDER\DEBUG\WINDOWDEVICE.OBJ
C:\OPENSEES2.4.0\WIN32\OBJ\RENDER\DEBUG\WINDOWDEVICE.SBR
C:\OPENSEES2.4.0\WIN32\OBJ\RENDER\DEBUG\WINDOWRENDERER.OBJ
C:\OPENSEES2.4.0\WIN32\OBJ\RENDER\DEBUG\WINDOWRENDERER.SBR
C:\OpenSees2.4.0\Win32\proj\renderer\.\..\..\lib\debug\renderer.lib
