.\..\..\lib\debug\recorder.bsc
C:\OPENSEES2.4.0\WIN32\LIB\DEBUG\RECORDER.BSC
C:\OPENSEES2.4.0\WIN32\LIB\DEBUG\RECORDER.LIB
C:\OPENSEES2.4.0\WIN32\OBJ\RECORDER\DEBUG\ALGORITHMINCREMENTS.OBJ
C:\OPENSEES2.4.0\WIN32\OBJ\RECORDER\DEBUG\ALGORITHMINCREMENTS.SBR
C:\OpenSees2.4.0\Win32\obj\recorder\debug\BscMake.command.1.tlog
C:\OpenSees2.4.0\Win32\obj\recorder\debug\bscmake.read.1.tlog
C:\OpenSees2.4.0\Win32\obj\recorder\debug\bscmake.write.1.tlog
C:\OpenSees2.4.0\Win32\obj\recorder\debug\cl.command.1.tlog
C:\OpenSees2.4.0\Win32\obj\recorder\debug\CL.read.1.tlog
C:\OpenSees2.4.0\Win32\obj\recorder\debug\CL.write.1.tlog
C:\OPENSEES2.4.0\WIN32\OBJ\RECORDER\DEBUG\COMPOSITERESPONSE.OBJ
C:\OPENSEES2.4.0\WIN32\OBJ\RECORDER\DEBUG\COMPOSITERESPONSE.SBR
C:\OPENSEES2.4.0\WIN32\OBJ\RECORDER\DEBUG\DAMAGERECORDER.OBJ
C:\OPENSEES2.4.0\WIN32\OBJ\RECORDER\DEBUG\DAMAGERECORDER.SBR
C:\OPENSEES2.4.0\WIN32\OBJ\RECORDER\DEBUG\DATASTORERECORDER.OBJ
C:\OPENSEES2.4.0\WIN32\OBJ\RECORDER\DEBUG\DATASTORERECORDER.SBR
C:\OPENSEES2.4.0\WIN32\OBJ\RECORDER\DEBUG\DRIFTRECORDER.OBJ
C:\OPENSEES2.4.0\WIN32\OBJ\RECORDER\DEBUG\DRIFTRECORDER.SBR
C:\OPENSEES2.4.0\WIN32\OBJ\RECORDER\DEBUG\ELEMENTRECORDER.OBJ
C:\OPENSEES2.4.0\WIN32\OBJ\RECORDER\DEBUG\ELEMENTRECORDER.SBR
C:\OPENSEES2.4.0\WIN32\OBJ\RECORDER\DEBUG\ELEMENTRESPONSE.OBJ
C:\OPENSEES2.4.0\WIN32\OBJ\RECORDER\DEBUG\ELEMENTRESPONSE.SBR
C:\OPENSEES2.4.0\WIN32\OBJ\RECORDER\DEBUG\ENVELOPEDRIFTRECORDER.OBJ
C:\OPENSEES2.4.0\WIN32\OBJ\RECORDER\DEBUG\ENVELOPEDRIFTRECORDER.SBR
C:\OPENSEES2.4.0\WIN32\OBJ\RECORDER\DEBUG\ENVELOPEELEMENTRECORDER.OBJ
C:\OPENSEES2.4.0\WIN32\OBJ\RECORDER\DEBUG\ENVELOPEELEMENTRECORDER.SBR
C:\OPENSEES2.4.0\WIN32\OBJ\RECORDER\DEBUG\ENVELOPENODERECORDER.OBJ
C:\OPENSEES2.4.0\WIN32\OBJ\RECORDER\DEBUG\ENVELOPENODERECORDER.SBR
C:\OPENSEES2.4.0\WIN32\OBJ\RECORDER\DEBUG\FIBERRESPONSE.OBJ
C:\OPENSEES2.4.0\WIN32\OBJ\RECORDER\DEBUG\FIBERRESPONSE.SBR
C:\OPENSEES2.4.0\WIN32\OBJ\RECORDER\DEBUG\FILEPLOTTER.OBJ
C:\OPENSEES2.4.0\WIN32\OBJ\RECORDER\DEBUG\FILEPLOTTER.SBR
C:\OPENSEES2.4.0\WIN32\OBJ\RECORDER\DEBUG\GSA_RECORDER.OBJ
C:\OPENSEES2.4.0\WIN32\OBJ\RECORDER\DEBUG\GSA_RECORDER.SBR
C:\OpenSees2.4.0\Win32\obj\recorder\debug\lib.command.1.tlog
C:\OpenSees2.4.0\Win32\obj\recorder\debug\Lib-link.read.1.tlog
C:\OpenSees2.4.0\Win32\obj\recorder\debug\Lib-link.write.1.tlog
C:\OPENSEES2.4.0\WIN32\OBJ\RECORDER\DEBUG\MATERIALRESPONSE.OBJ
C:\OPENSEES2.4.0\WIN32\OBJ\RECORDER\DEBUG\MATERIALRESPONSE.SBR
C:\OPENSEES2.4.0\WIN32\OBJ\RECORDER\DEBUG\MAXNODEDISPRECORDER.OBJ
C:\OPENSEES2.4.0\WIN32\OBJ\RECORDER\DEBUG\MAXNODEDISPRECORDER.SBR
C:\OPENSEES2.4.0\WIN32\OBJ\RECORDER\DEBUG\NODERECORDER.OBJ
C:\OPENSEES2.4.0\WIN32\OBJ\RECORDER\DEBUG\NODERECORDER.SBR
C:\OPENSEES2.4.0\WIN32\OBJ\RECORDER\DEBUG\NORMELEMENTRECORDER.OBJ
C:\OPENSEES2.4.0\WIN32\OBJ\RECORDER\DEBUG\NORMELEMENTRECORDER.SBR
C:\OPENSEES2.4.0\WIN32\OBJ\RECORDER\DEBUG\NORMENVELOPEELEMENTRECORDER.OBJ
C:\OPENSEES2.4.0\WIN32\OBJ\RECORDER\DEBUG\NORMENVELOPEELEMENTRECORDER.SBR
C:\OPENSEES2.4.0\WIN32\OBJ\RECORDER\DEBUG\PATTERNRECORDER.OBJ
C:\OPENSEES2.4.0\WIN32\OBJ\RECORDER\DEBUG\PATTERNRECORDER.SBR
C:\OPENSEES2.4.0\WIN32\OBJ\RECORDER\DEBUG\RECORDER.OBJ
C:\OPENSEES2.4.0\WIN32\OBJ\RECORDER\DEBUG\RECORDER.SBR
C:\OPENSEES2.4.0\WIN32\OBJ\RECORDER\DEBUG\REMOVERECORDER.OBJ
C:\OPENSEES2.4.0\WIN32\OBJ\RECORDER\DEBUG\REMOVERECORDER.SBR
C:\OPENSEES2.4.0\WIN32\OBJ\RECORDER\DEBUG\RESPONSE.OBJ
C:\OPENSEES2.4.0\WIN32\OBJ\RECORDER\DEBUG\RESPONSE.SBR
C:\OPENSEES2.4.0\WIN32\OBJ\RECORDER\DEBUG\TCLRECORDERCOMMANDS.OBJ
C:\OPENSEES2.4.0\WIN32\OBJ\RECORDER\DEBUG\TCLRECORDERCOMMANDS.SBR
C:\OpenSees2.4.0\Win32\obj\recorder\debug\vc100.idb
C:\OPENSEES2.4.0\WIN32\OBJ\RECORDER\DEBUG\VC100.PDB
C:\OpenSees2.4.0\Win32\proj\recorder\.\..\..\lib\debug\recorder.lib
