.\..\..\lib\debug\convergence.bsc
C:\OPENSEES2.4.0\WIN32\LIB\DEBUG\CONVERGENCE.BSC
C:\OPENSEES2.4.0\WIN32\LIB\DEBUG\CONVERGENCE.LIB
C:\OpenSees2.4.0\Win32\obj\convergence\debug\BscMake.command.1.tlog
C:\OpenSees2.4.0\Win32\obj\convergence\debug\bscmake.read.1.tlog
C:\OpenSees2.4.0\Win32\obj\convergence\debug\bscmake.write.1.tlog
C:\OpenSees2.4.0\Win32\obj\convergence\debug\cl.command.1.tlog
C:\OpenSees2.4.0\Win32\obj\convergence\debug\CL.read.1.tlog
C:\OpenSees2.4.0\Win32\obj\convergence\debug\CL.write.1.tlog
C:\OPENSEES2.4.0\WIN32\OBJ\CONVERGENCE\DEBUG\CONVERGENCETEST.OBJ
C:\OPENSEES2.4.0\WIN32\OBJ\CONVERGENCE\DEBUG\CONVERGENCETEST.SBR
C:\OPENSEES2.4.0\WIN32\OBJ\CONVERGENCE\DEBUG\CTESTENERGYINCR.OBJ
C:\OPENSEES2.4.0\WIN32\OBJ\CONVERGENCE\DEBUG\CTESTENERGYINCR.SBR
C:\OPENSEES2.4.0\WIN32\OBJ\CONVERGENCE\DEBUG\CTESTFIXEDNUMITER.OBJ
C:\OPENSEES2.4.0\WIN32\OBJ\CONVERGENCE\DEBUG\CTESTFIXEDNUMITER.SBR
C:\OPENSEES2.4.0\WIN32\OBJ\CONVERGENCE\DEBUG\CTESTNORMDISPINCR.OBJ
C:\OPENSEES2.4.0\WIN32\OBJ\CONVERGENCE\DEBUG\CTESTNORMDISPINCR.SBR
C:\OPENSEES2.4.0\WIN32\OBJ\CONVERGENCE\DEBUG\CTESTNORMUNBALANCE.OBJ
C:\OPENSEES2.4.0\WIN32\OBJ\CONVERGENCE\DEBUG\CTESTNORMUNBALANCE.SBR
C:\OPENSEES2.4.0\WIN32\OBJ\CONVERGENCE\DEBUG\CTESTRELATIVEENERGYINCR.OBJ
C:\OPENSEES2.4.0\WIN32\OBJ\CONVERGENCE\DEBUG\CTESTRELATIVEENERGYINCR.SBR
C:\OPENSEES2.4.0\WIN32\OBJ\CONVERGENCE\DEBUG\CTESTRELATIVENORMDISPINCR.OBJ
C:\OPENSEES2.4.0\WIN32\OBJ\CONVERGENCE\DEBUG\CTESTRELATIVENORMDISPINCR.SBR
C:\OPENSEES2.4.0\WIN32\OBJ\CONVERGENCE\DEBUG\CTESTRELATIVENORMUNBALANCE.OBJ
C:\OPENSEES2.4.0\WIN32\OBJ\CONVERGENCE\DEBUG\CTESTRELATIVENORMUNBALANCE.SBR
C:\OPENSEES2.4.0\WIN32\OBJ\CONVERGENCE\DEBUG\CTESTRELATIVETOTALNORMDISPINCR.OBJ
C:\OPENSEES2.4.0\WIN32\OBJ\CONVERGENCE\DEBUG\CTESTRELATIVETOTALNORMDISPINCR.SBR
C:\OpenSees2.4.0\Win32\obj\convergence\debug\lib.command.1.tlog
C:\OpenSees2.4.0\Win32\obj\convergence\debug\Lib-link.read.1.tlog
C:\OpenSees2.4.0\Win32\obj\convergence\debug\Lib-link.write.1.tlog
C:\OPENSEES2.4.0\WIN32\OBJ\CONVERGENCE\DEBUG\NORMDISPANDUNBALANCE.OBJ
C:\OPENSEES2.4.0\WIN32\OBJ\CONVERGENCE\DEBUG\NORMDISPANDUNBALANCE.SBR
C:\OPENSEES2.4.0\WIN32\OBJ\CONVERGENCE\DEBUG\NORMDISPORUNBALANCE.OBJ
C:\OPENSEES2.4.0\WIN32\OBJ\CONVERGENCE\DEBUG\NORMDISPORUNBALANCE.SBR
C:\OpenSees2.4.0\Win32\obj\convergence\debug\vc100.idb
C:\OPENSEES2.4.0\WIN32\OBJ\CONVERGENCE\DEBUG\VC100.PDB
C:\OpenSees2.4.0\Win32\proj\convergence\.\..\..\lib\debug\convergence.lib
