C:\OPENSEES2.4.0\WIN32\LIB\DEBUG\HANDLER.BSC
C:\OPENSEES2.4.0\WIN32\LIB\DEBUG\HANDLER.LIB
C:\OPENSEES2.4.0\WIN32\OBJ\HANDLER\DEBUG\BINARYFILESTREAM.OBJ
C:\OPENSEES2.4.0\WIN32\OBJ\HANDLER\DEBUG\BINARYFILESTREAM.SBR
C:\OPENSEES2.4.0\WIN32\OBJ\HANDLER\DEBUG\DATABASESTREAM.OBJ
C:\OPENSEES2.4.0\WIN32\OBJ\HANDLER\DEBUG\DATABASESTREAM.SBR
C:\OPENSEES2.4.0\WIN32\OBJ\HANDLER\DEBUG\DATAFILESTREAM.OBJ
C:\OPENSEES2.4.0\WIN32\OBJ\HANDLER\DEBUG\DATAFILESTREAM.SBR
C:\OPENSEES2.4.0\WIN32\OBJ\HANDLER\DEBUG\DUMMYSTREAM.OBJ
C:\OPENSEES2.4.0\WIN32\OBJ\HANDLER\DEBUG\DUMMYSTREAM.SBR
C:\OPENSEES2.4.0\WIN32\OBJ\HANDLER\DEBUG\FILESTREAM.OBJ
C:\OPENSEES2.4.0\WIN32\OBJ\HANDLER\DEBUG\FILESTREAM.SBR
C:\OPENSEES2.4.0\WIN32\OBJ\HANDLER\DEBUG\OPS_STREAM.OBJ
C:\OPENSEES2.4.0\WIN32\OBJ\HANDLER\DEBUG\OPS_STREAM.SBR
C:\OPENSEES2.4.0\WIN32\OBJ\HANDLER\DEBUG\STANDARDSTREAM.OBJ
C:\OPENSEES2.4.0\WIN32\OBJ\HANDLER\DEBUG\STANDARDSTREAM.SBR
C:\OPENSEES2.4.0\WIN32\OBJ\HANDLER\DEBUG\TCP_STREAM.OBJ
C:\OPENSEES2.4.0\WIN32\OBJ\HANDLER\DEBUG\TCP_STREAM.SBR
C:\OPENSEES2.4.0\WIN32\OBJ\HANDLER\DEBUG\VC100.PDB
C:\OPENSEES2.4.0\WIN32\OBJ\HANDLER\DEBUG\XMLFILESTREAM.OBJ
C:\OPENSEES2.4.0\WIN32\OBJ\HANDLER\DEBUG\XMLFILESTREAM.SBR
F:\OpenSees2.4.0\Win32\obj\handler\debug\BscMake.command.1.tlog
F:\OpenSees2.4.0\Win32\obj\handler\debug\bscmake.read.1.tlog
F:\OpenSees2.4.0\Win32\obj\handler\debug\bscmake.write.1.tlog
F:\OpenSees2.4.0\Win32\obj\handler\debug\cl.command.1.tlog
F:\OpenSees2.4.0\Win32\obj\handler\debug\CL.read.1.tlog
F:\OpenSees2.4.0\Win32\obj\handler\debug\CL.write.1.tlog
F:\OpenSees2.4.0\Win32\obj\handler\debug\lib.command.1.tlog
F:\OpenSees2.4.0\Win32\obj\handler\debug\Lib-link.read.1.tlog
F:\OpenSees2.4.0\Win32\obj\handler\debug\Lib-link.write.1.tlog
F:\OpenSees2.4.0\Win32\obj\handler\debug\vc100.idb
