.\..\..\lib\debug\analysis.bsc
C:\OPENSEES2.4.0\WIN32\LIB\DEBUG\ANALYSIS.BSC
C:\OPENSEES2.4.0\WIN32\LIB\DEBUG\ANALYSIS.LIB
C:\OPENSEES2.4.0\WIN32\OBJ\ANALYSIS\DEBUG\ACCELERATEDNEWTON.OBJ
C:\OPENSEES2.4.0\WIN32\OBJ\ANALYSIS\DEBUG\ACCELERATEDNEWTON.SBR
C:\OPENSEES2.4.0\WIN32\OBJ\ANALYSIS\DEBUG\ACCELERATOR.OBJ
C:\OPENSEES2.4.0\WIN32\OBJ\ANALYSIS\DEBUG\ACCELERATOR.SBR
C:\OPENSEES2.4.0\WIN32\OBJ\ANALYSIS\DEBUG\ALPHAOS.OBJ
C:\OPENSEES2.4.0\WIN32\OBJ\ANALYSIS\DEBUG\ALPHAOS.SBR
C:\OPENSEES2.4.0\WIN32\OBJ\ANALYSIS\DEBUG\ALPHAOSGENERALIZED.OBJ
C:\OPENSEES2.4.0\WIN32\OBJ\ANALYSIS\DEBUG\ALPHAOSGENERALIZED.SBR
C:\OPENSEES2.4.0\WIN32\OBJ\ANALYSIS\DEBUG\ANALYSIS.OBJ
C:\OPENSEES2.4.0\WIN32\OBJ\ANALYSIS\DEBUG\ANALYSIS.SBR
C:\OPENSEES2.4.0\WIN32\OBJ\ANALYSIS\DEBUG\ANALYSISMODEL.OBJ
C:\OPENSEES2.4.0\WIN32\OBJ\ANALYSIS\DEBUG\ANALYSISMODEL.SBR
C:\OPENSEES2.4.0\WIN32\OBJ\ANALYSIS\DEBUG\ARCLENGTH.OBJ
C:\OPENSEES2.4.0\WIN32\OBJ\ANALYSIS\DEBUG\ARCLENGTH.SBR
C:\OPENSEES2.4.0\WIN32\OBJ\ANALYSIS\DEBUG\ARCLENGTH1.OBJ
C:\OPENSEES2.4.0\WIN32\OBJ\ANALYSIS\DEBUG\ARCLENGTH1.SBR
C:\OPENSEES2.4.0\WIN32\OBJ\ANALYSIS\DEBUG\BACKWARDEULER.OBJ
C:\OPENSEES2.4.0\WIN32\OBJ\ANALYSIS\DEBUG\BACKWARDEULER.SBR
C:\OPENSEES2.4.0\WIN32\OBJ\ANALYSIS\DEBUG\BFGS.OBJ
C:\OPENSEES2.4.0\WIN32\OBJ\ANALYSIS\DEBUG\BFGS.SBR
C:\OPENSEES2.4.0\WIN32\OBJ\ANALYSIS\DEBUG\BISECTIONLINESEARCH.OBJ
C:\OPENSEES2.4.0\WIN32\OBJ\ANALYSIS\DEBUG\BISECTIONLINESEARCH.SBR
C:\OPENSEES2.4.0\WIN32\OBJ\ANALYSIS\DEBUG\BROYDEN.OBJ
C:\OPENSEES2.4.0\WIN32\OBJ\ANALYSIS\DEBUG\BROYDEN.SBR
C:\OpenSees2.4.0\Win32\obj\analysis\debug\BscMake.command.1.tlog
C:\OpenSees2.4.0\Win32\obj\analysis\debug\bscmake.read.1.tlog
C:\OpenSees2.4.0\Win32\obj\analysis\debug\bscmake.write.1.tlog
C:\OPENSEES2.4.0\WIN32\OBJ\ANALYSIS\DEBUG\CENTRALDIFFERENCE.OBJ
C:\OPENSEES2.4.0\WIN32\OBJ\ANALYSIS\DEBUG\CENTRALDIFFERENCE.SBR
C:\OPENSEES2.4.0\WIN32\OBJ\ANALYSIS\DEBUG\CENTRALDIFFERENCEALTERNATIVE.OBJ
C:\OPENSEES2.4.0\WIN32\OBJ\ANALYSIS\DEBUG\CENTRALDIFFERENCEALTERNATIVE.SBR
C:\OPENSEES2.4.0\WIN32\OBJ\ANALYSIS\DEBUG\CENTRALDIFFERENCENODAMPING.OBJ
C:\OPENSEES2.4.0\WIN32\OBJ\ANALYSIS\DEBUG\CENTRALDIFFERENCENODAMPING.SBR
C:\OpenSees2.4.0\Win32\obj\analysis\debug\cl.command.1.tlog
C:\OpenSees2.4.0\Win32\obj\analysis\debug\CL.read.1.tlog
C:\OpenSees2.4.0\Win32\obj\analysis\debug\CL.write.1.tlog
C:\OPENSEES2.4.0\WIN32\OBJ\ANALYSIS\DEBUG\COLLOCATION.OBJ
C:\OPENSEES2.4.0\WIN32\OBJ\ANALYSIS\DEBUG\COLLOCATION.SBR
C:\OPENSEES2.4.0\WIN32\OBJ\ANALYSIS\DEBUG\COLLOCATIONHSFIXEDNUMITER.OBJ
C:\OPENSEES2.4.0\WIN32\OBJ\ANALYSIS\DEBUG\COLLOCATIONHSFIXEDNUMITER.SBR
C:\OPENSEES2.4.0\WIN32\OBJ\ANALYSIS\DEBUG\COLLOCATIONHSINCRLIMIT.OBJ
C:\OPENSEES2.4.0\WIN32\OBJ\ANALYSIS\DEBUG\COLLOCATIONHSINCRLIMIT.SBR
C:\OPENSEES2.4.0\WIN32\OBJ\ANALYSIS\DEBUG\COLLOCATIONHSINCRREDUCT.OBJ
C:\OPENSEES2.4.0\WIN32\OBJ\ANALYSIS\DEBUG\COLLOCATIONHSINCRREDUCT.SBR
C:\OPENSEES2.4.0\WIN32\OBJ\ANALYSIS\DEBUG\CONSTRAINTHANDLER.OBJ
C:\OPENSEES2.4.0\WIN32\OBJ\ANALYSIS\DEBUG\CONSTRAINTHANDLER.SBR
C:\OPENSEES2.4.0\WIN32\OBJ\ANALYSIS\DEBUG\DIRECTINTEGRATIONANALYSIS.OBJ
C:\OPENSEES2.4.0\WIN32\OBJ\ANALYSIS\DEBUG\DIRECTINTEGRATIONANALYSIS.SBR
C:\OPENSEES2.4.0\WIN32\OBJ\ANALYSIS\DEBUG\DISPLACEMENTCONTROL.OBJ
C:\OPENSEES2.4.0\WIN32\OBJ\ANALYSIS\DEBUG\DISPLACEMENTCONTROL.SBR
C:\OPENSEES2.4.0\WIN32\OBJ\ANALYSIS\DEBUG\DOF_GROUP.OBJ
C:\OPENSEES2.4.0\WIN32\OBJ\ANALYSIS\DEBUG\DOF_GROUP.SBR
C:\OPENSEES2.4.0\WIN32\OBJ\ANALYSIS\DEBUG\DOF_GRPITER.OBJ
C:\OPENSEES2.4.0\WIN32\OBJ\ANALYSIS\DEBUG\DOF_GRPITER.SBR
C:\OPENSEES2.4.0\WIN32\OBJ\ANALYSIS\DEBUG\DOF_NUMBERER.OBJ
C:\OPENSEES2.4.0\WIN32\OBJ\ANALYSIS\DEBUG\DOF_NUMBERER.SBR
C:\OPENSEES2.4.0\WIN32\OBJ\ANALYSIS\DEBUG\DOMAINDECOMPALGO.OBJ
C:\OPENSEES2.4.0\WIN32\OBJ\ANALYSIS\DEBUG\DOMAINDECOMPALGO.SBR
C:\OPENSEES2.4.0\WIN32\OBJ\ANALYSIS\DEBUG\DOMAINDECOMPOSITIONANALYSIS.OBJ
C:\OPENSEES2.4.0\WIN32\OBJ\ANALYSIS\DEBUG\DOMAINDECOMPOSITIONANALYSIS.SBR
C:\OPENSEES2.4.0\WIN32\OBJ\ANALYSIS\DEBUG\EIGENINTEGRATOR.OBJ
C:\OPENSEES2.4.0\WIN32\OBJ\ANALYSIS\DEBUG\EIGENINTEGRATOR.SBR
C:\OPENSEES2.4.0\WIN32\OBJ\ANALYSIS\DEBUG\EQUISOLNALGO.OBJ
C:\OPENSEES2.4.0\WIN32\OBJ\ANALYSIS\DEBUG\EQUISOLNALGO.SBR
C:\OPENSEES2.4.0\WIN32\OBJ\ANALYSIS\DEBUG\FE_ELEITER.OBJ
C:\OPENSEES2.4.0\WIN32\OBJ\ANALYSIS\DEBUG\FE_ELEITER.SBR
C:\OPENSEES2.4.0\WIN32\OBJ\ANALYSIS\DEBUG\FE_ELEMENT.OBJ
C:\OPENSEES2.4.0\WIN32\OBJ\ANALYSIS\DEBUG\FE_ELEMENT.SBR
C:\OPENSEES2.4.0\WIN32\OBJ\ANALYSIS\DEBUG\GENERALIZEDALPHA.OBJ
C:\OPENSEES2.4.0\WIN32\OBJ\ANALYSIS\DEBUG\GENERALIZEDALPHA.SBR
C:\OPENSEES2.4.0\WIN32\OBJ\ANALYSIS\DEBUG\HHT.OBJ
C:\OPENSEES2.4.0\WIN32\OBJ\ANALYSIS\DEBUG\HHT.SBR
C:\OPENSEES2.4.0\WIN32\OBJ\ANALYSIS\DEBUG\HHT1.OBJ
C:\OPENSEES2.4.0\WIN32\OBJ\ANALYSIS\DEBUG\HHT1.SBR
C:\OPENSEES2.4.0\WIN32\OBJ\ANALYSIS\DEBUG\HHTEXPLICIT.OBJ
C:\OPENSEES2.4.0\WIN32\OBJ\ANALYSIS\DEBUG\HHTEXPLICIT.SBR
C:\OPENSEES2.4.0\WIN32\OBJ\ANALYSIS\DEBUG\HHTGENERALIZED.OBJ
C:\OPENSEES2.4.0\WIN32\OBJ\ANALYSIS\DEBUG\HHTGENERALIZED.SBR
C:\OPENSEES2.4.0\WIN32\OBJ\ANALYSIS\DEBUG\HHTGENERALIZEDEXPLICIT.OBJ
C:\OPENSEES2.4.0\WIN32\OBJ\ANALYSIS\DEBUG\HHTGENERALIZEDEXPLICIT.SBR
C:\OPENSEES2.4.0\WIN32\OBJ\ANALYSIS\DEBUG\HHTHSFIXEDNUMITER.OBJ
C:\OPENSEES2.4.0\WIN32\OBJ\ANALYSIS\DEBUG\HHTHSFIXEDNUMITER.SBR
C:\OPENSEES2.4.0\WIN32\OBJ\ANALYSIS\DEBUG\HHTHSINCRLIMIT.OBJ
C:\OPENSEES2.4.0\WIN32\OBJ\ANALYSIS\DEBUG\HHTHSINCRLIMIT.SBR
C:\OPENSEES2.4.0\WIN32\OBJ\ANALYSIS\DEBUG\HHTHSINCRREDUCT.OBJ
C:\OPENSEES2.4.0\WIN32\OBJ\ANALYSIS\DEBUG\HHTHSINCRREDUCT.SBR
C:\OPENSEES2.4.0\WIN32\OBJ\ANALYSIS\DEBUG\HOUBOLT.OBJ
C:\OPENSEES2.4.0\WIN32\OBJ\ANALYSIS\DEBUG\HOUBOLT.SBR
C:\OPENSEES2.4.0\WIN32\OBJ\ANALYSIS\DEBUG\HSCONSTRAINT.OBJ
C:\OPENSEES2.4.0\WIN32\OBJ\ANALYSIS\DEBUG\HSCONSTRAINT.SBR
C:\OPENSEES2.4.0\WIN32\OBJ\ANALYSIS\DEBUG\INCREMENTALINTEGRATOR.OBJ
C:\OPENSEES2.4.0\WIN32\OBJ\ANALYSIS\DEBUG\INCREMENTALINTEGRATOR.SBR
C:\OPENSEES2.4.0\WIN32\OBJ\ANALYSIS\DEBUG\INITIALINTERPOLATEDLINESEARCH.OBJ
C:\OPENSEES2.4.0\WIN32\OBJ\ANALYSIS\DEBUG\INITIALINTERPOLATEDLINESEARCH.SBR
C:\OPENSEES2.4.0\WIN32\OBJ\ANALYSIS\DEBUG\INTEGRATOR.OBJ
C:\OPENSEES2.4.0\WIN32\OBJ\ANALYSIS\DEBUG\INTEGRATOR.SBR
C:\OPENSEES2.4.0\WIN32\OBJ\ANALYSIS\DEBUG\KRYLOVACCELERATOR.OBJ
C:\OPENSEES2.4.0\WIN32\OBJ\ANALYSIS\DEBUG\KRYLOVACCELERATOR.SBR
C:\OPENSEES2.4.0\WIN32\OBJ\ANALYSIS\DEBUG\KRYLOVNEWTON.OBJ
C:\OPENSEES2.4.0\WIN32\OBJ\ANALYSIS\DEBUG\KRYLOVNEWTON.SBR
C:\OPENSEES2.4.0\WIN32\OBJ\ANALYSIS\DEBUG\LAGRANGECONSTRAINTHANDLER.OBJ
C:\OPENSEES2.4.0\WIN32\OBJ\ANALYSIS\DEBUG\LAGRANGECONSTRAINTHANDLER.SBR
C:\OPENSEES2.4.0\WIN32\OBJ\ANALYSIS\DEBUG\LAGRANGEDOF_GROUP.OBJ
C:\OPENSEES2.4.0\WIN32\OBJ\ANALYSIS\DEBUG\LAGRANGEDOF_GROUP.SBR
C:\OPENSEES2.4.0\WIN32\OBJ\ANALYSIS\DEBUG\LAGRANGEMP_FE.OBJ
C:\OPENSEES2.4.0\WIN32\OBJ\ANALYSIS\DEBUG\LAGRANGEMP_FE.SBR
C:\OPENSEES2.4.0\WIN32\OBJ\ANALYSIS\DEBUG\LAGRANGESP_FE.OBJ
C:\OPENSEES2.4.0\WIN32\OBJ\ANALYSIS\DEBUG\LAGRANGESP_FE.SBR
C:\OpenSees2.4.0\Win32\obj\analysis\debug\lib.command.1.tlog
C:\OpenSees2.4.0\Win32\obj\analysis\debug\Lib-link.read.1.tlog
C:\OpenSees2.4.0\Win32\obj\analysis\debug\Lib-link.write.1.tlog
C:\OPENSEES2.4.0\WIN32\OBJ\ANALYSIS\DEBUG\LINEAR.OBJ
C:\OPENSEES2.4.0\WIN32\OBJ\ANALYSIS\DEBUG\LINEAR.SBR
C:\OPENSEES2.4.0\WIN32\OBJ\ANALYSIS\DEBUG\LINESEARCH.OBJ
C:\OPENSEES2.4.0\WIN32\OBJ\ANALYSIS\DEBUG\LINESEARCH.SBR
C:\OPENSEES2.4.0\WIN32\OBJ\ANALYSIS\DEBUG\LOADCONTROL.OBJ
C:\OPENSEES2.4.0\WIN32\OBJ\ANALYSIS\DEBUG\LOADCONTROL.SBR
C:\OPENSEES2.4.0\WIN32\OBJ\ANALYSIS\DEBUG\LOADPATH.OBJ
C:\OPENSEES2.4.0\WIN32\OBJ\ANALYSIS\DEBUG\LOADPATH.SBR
C:\OPENSEES2.4.0\WIN32\OBJ\ANALYSIS\DEBUG\MINUNBALDISPNORM.OBJ
C:\OPENSEES2.4.0\WIN32\OBJ\ANALYSIS\DEBUG\MINUNBALDISPNORM.SBR
C:\OPENSEES2.4.0\WIN32\OBJ\ANALYSIS\DEBUG\MODIFIEDNEWTON.OBJ
C:\OPENSEES2.4.0\WIN32\OBJ\ANALYSIS\DEBUG\MODIFIEDNEWTON.SBR
C:\OPENSEES2.4.0\WIN32\OBJ\ANALYSIS\DEBUG\NEWMARK.OBJ
C:\OPENSEES2.4.0\WIN32\OBJ\ANALYSIS\DEBUG\NEWMARK.SBR
C:\OPENSEES2.4.0\WIN32\OBJ\ANALYSIS\DEBUG\NEWMARK1.OBJ
C:\OPENSEES2.4.0\WIN32\OBJ\ANALYSIS\DEBUG\NEWMARK1.SBR
C:\OPENSEES2.4.0\WIN32\OBJ\ANALYSIS\DEBUG\NEWMARKEXPLICIT.OBJ
C:\OPENSEES2.4.0\WIN32\OBJ\ANALYSIS\DEBUG\NEWMARKEXPLICIT.SBR
C:\OPENSEES2.4.0\WIN32\OBJ\ANALYSIS\DEBUG\NEWMARKHSFIXEDNUMITER.OBJ
C:\OPENSEES2.4.0\WIN32\OBJ\ANALYSIS\DEBUG\NEWMARKHSFIXEDNUMITER.SBR
C:\OPENSEES2.4.0\WIN32\OBJ\ANALYSIS\DEBUG\NEWMARKHSINCRLIMIT.OBJ
C:\OPENSEES2.4.0\WIN32\OBJ\ANALYSIS\DEBUG\NEWMARKHSINCRLIMIT.SBR
C:\OPENSEES2.4.0\WIN32\OBJ\ANALYSIS\DEBUG\NEWMARKHSINCRREDUCT.OBJ
C:\OPENSEES2.4.0\WIN32\OBJ\ANALYSIS\DEBUG\NEWMARKHSINCRREDUCT.SBR
C:\OPENSEES2.4.0\WIN32\OBJ\ANALYSIS\DEBUG\NEWTONLINESEARCH.OBJ
C:\OPENSEES2.4.0\WIN32\OBJ\ANALYSIS\DEBUG\NEWTONLINESEARCH.SBR
C:\OPENSEES2.4.0\WIN32\OBJ\ANALYSIS\DEBUG\NEWTONRAPHSON.OBJ
C:\OPENSEES2.4.0\WIN32\OBJ\ANALYSIS\DEBUG\NEWTONRAPHSON.SBR
C:\OPENSEES2.4.0\WIN32\OBJ\ANALYSIS\DEBUG\PARKLMS3.OBJ
C:\OPENSEES2.4.0\WIN32\OBJ\ANALYSIS\DEBUG\PARKLMS3.SBR
C:\OPENSEES2.4.0\WIN32\OBJ\ANALYSIS\DEBUG\PENALTYCONSTRAINTHANDLER.OBJ
C:\OPENSEES2.4.0\WIN32\OBJ\ANALYSIS\DEBUG\PENALTYCONSTRAINTHANDLER.SBR
C:\OPENSEES2.4.0\WIN32\OBJ\ANALYSIS\DEBUG\PENALTYMP_FE.OBJ
C:\OPENSEES2.4.0\WIN32\OBJ\ANALYSIS\DEBUG\PENALTYMP_FE.SBR
C:\OPENSEES2.4.0\WIN32\OBJ\ANALYSIS\DEBUG\PENALTYSP_FE.OBJ
C:\OPENSEES2.4.0\WIN32\OBJ\ANALYSIS\DEBUG\PENALTYSP_FE.SBR
C:\OPENSEES2.4.0\WIN32\OBJ\ANALYSIS\DEBUG\PERIODICACCELERATOR.OBJ
C:\OPENSEES2.4.0\WIN32\OBJ\ANALYSIS\DEBUG\PERIODICACCELERATOR.SBR
C:\OPENSEES2.4.0\WIN32\OBJ\ANALYSIS\DEBUG\PERIODICNEWTON.OBJ
C:\OPENSEES2.4.0\WIN32\OBJ\ANALYSIS\DEBUG\PERIODICNEWTON.SBR
C:\OPENSEES2.4.0\WIN32\OBJ\ANALYSIS\DEBUG\PFEMANALYSIS.OBJ
C:\OPENSEES2.4.0\WIN32\OBJ\ANALYSIS\DEBUG\PFEMANALYSIS.SBR
C:\OPENSEES2.4.0\WIN32\OBJ\ANALYSIS\DEBUG\PFEMINTEGRATOR.OBJ
C:\OPENSEES2.4.0\WIN32\OBJ\ANALYSIS\DEBUG\PFEMINTEGRATOR.SBR
C:\OPENSEES2.4.0\WIN32\OBJ\ANALYSIS\DEBUG\PLAINHANDLER.OBJ
C:\OPENSEES2.4.0\WIN32\OBJ\ANALYSIS\DEBUG\PLAINHANDLER.SBR
C:\OPENSEES2.4.0\WIN32\OBJ\ANALYSIS\DEBUG\PLAINNUMBERER.OBJ
C:\OPENSEES2.4.0\WIN32\OBJ\ANALYSIS\DEBUG\PLAINNUMBERER.SBR
C:\OPENSEES2.4.0\WIN32\OBJ\ANALYSIS\DEBUG\RAPHSONACCELERATOR.OBJ
C:\OPENSEES2.4.0\WIN32\OBJ\ANALYSIS\DEBUG\RAPHSONACCELERATOR.SBR
C:\OPENSEES2.4.0\WIN32\OBJ\ANALYSIS\DEBUG\REGULAFALSILINESEARCH.OBJ
C:\OPENSEES2.4.0\WIN32\OBJ\ANALYSIS\DEBUG\REGULAFALSILINESEARCH.SBR
C:\OPENSEES2.4.0\WIN32\OBJ\ANALYSIS\DEBUG\SECANTACCELERATOR1.OBJ
C:\OPENSEES2.4.0\WIN32\OBJ\ANALYSIS\DEBUG\SECANTACCELERATOR1.SBR
C:\OPENSEES2.4.0\WIN32\OBJ\ANALYSIS\DEBUG\SECANTACCELERATOR2.OBJ
C:\OPENSEES2.4.0\WIN32\OBJ\ANALYSIS\DEBUG\SECANTACCELERATOR2.SBR
C:\OPENSEES2.4.0\WIN32\OBJ\ANALYSIS\DEBUG\SECANTACCELERATOR3.OBJ
C:\OPENSEES2.4.0\WIN32\OBJ\ANALYSIS\DEBUG\SECANTACCELERATOR3.SBR
C:\OPENSEES2.4.0\WIN32\OBJ\ANALYSIS\DEBUG\SECANTLINESEARCH.OBJ
C:\OPENSEES2.4.0\WIN32\OBJ\ANALYSIS\DEBUG\SECANTLINESEARCH.SBR
C:\OPENSEES2.4.0\WIN32\OBJ\ANALYSIS\DEBUG\SOLUTIONALGORITHM.OBJ
C:\OPENSEES2.4.0\WIN32\OBJ\ANALYSIS\DEBUG\SOLUTIONALGORITHM.SBR
C:\OPENSEES2.4.0\WIN32\OBJ\ANALYSIS\DEBUG\STATICANALYSIS.OBJ
C:\OPENSEES2.4.0\WIN32\OBJ\ANALYSIS\DEBUG\STATICANALYSIS.SBR
C:\OPENSEES2.4.0\WIN32\OBJ\ANALYSIS\DEBUG\STATICINTEGRATOR.OBJ
C:\OPENSEES2.4.0\WIN32\OBJ\ANALYSIS\DEBUG\STATICINTEGRATOR.SBR
C:\OPENSEES2.4.0\WIN32\OBJ\ANALYSIS\DEBUG\TRANSFORMATIONCONSTRAINTHANDLER.OBJ
C:\OPENSEES2.4.0\WIN32\OBJ\ANALYSIS\DEBUG\TRANSFORMATIONCONSTRAINTHANDLER.SBR
C:\OPENSEES2.4.0\WIN32\OBJ\ANALYSIS\DEBUG\TRANSFORMATIONDOF_GROUP.OBJ
C:\OPENSEES2.4.0\WIN32\OBJ\ANALYSIS\DEBUG\TRANSFORMATIONDOF_GROUP.SBR
C:\OPENSEES2.4.0\WIN32\OBJ\ANALYSIS\DEBUG\TRANSFORMATIONFE.OBJ
C:\OPENSEES2.4.0\WIN32\OBJ\ANALYSIS\DEBUG\TRANSFORMATIONFE.SBR
C:\OPENSEES2.4.0\WIN32\OBJ\ANALYSIS\DEBUG\TRANSIENTANALYSIS.OBJ
C:\OPENSEES2.4.0\WIN32\OBJ\ANALYSIS\DEBUG\TRANSIENTANALYSIS.SBR
C:\OPENSEES2.4.0\WIN32\OBJ\ANALYSIS\DEBUG\TRANSIENTINTEGRATOR.OBJ
C:\OPENSEES2.4.0\WIN32\OBJ\ANALYSIS\DEBUG\TRANSIENTINTEGRATOR.SBR
C:\OPENSEES2.4.0\WIN32\OBJ\ANALYSIS\DEBUG\TRBDF2.OBJ
C:\OPENSEES2.4.0\WIN32\OBJ\ANALYSIS\DEBUG\TRBDF2.SBR
C:\OPENSEES2.4.0\WIN32\OBJ\ANALYSIS\DEBUG\TRBDF3.OBJ
C:\OPENSEES2.4.0\WIN32\OBJ\ANALYSIS\DEBUG\TRBDF3.SBR
C:\OPENSEES2.4.0\WIN32\OBJ\ANALYSIS\DEBUG\VARIABLETIMESTEPDIRECTINTEGRATIONANALYSIS.OBJ
C:\OPENSEES2.4.0\WIN32\OBJ\ANALYSIS\DEBUG\VARIABLETIMESTEPDIRECTINTEGRATIONANALYSIS.SBR
C:\OpenSees2.4.0\Win32\obj\analysis\debug\vc100.idb
C:\OPENSEES2.4.0\WIN32\OBJ\ANALYSIS\DEBUG\VC100.PDB
C:\OPENSEES2.4.0\WIN32\OBJ\ANALYSIS\DEBUG\WILSONTHETA.OBJ
C:\OPENSEES2.4.0\WIN32\OBJ\ANALYSIS\DEBUG\WILSONTHETA.SBR
C:\OpenSees2.4.0\Win32\proj\analysis\.\..\..\lib\debug\analysis.lib
