.\..\..\lib\debug\material.bsc
C:\OPENSEES2.4.0\WIN32\LIB\DEBUG\MATERIAL.BSC
C:\OPENSEES2.4.0\WIN32\LIB\DEBUG\MATERIAL.LIB
C:\OPENSEES2.4.0\WIN32\OBJ\MATERIAL\DEBUG\ARCTANGENTBACKBONE.OBJ
C:\OPENSEES2.4.0\WIN32\OBJ\MATERIAL\DEBUG\ARCTANGENTBACKBONE.SBR
C:\OPENSEES2.4.0\WIN32\OBJ\MATERIAL\DEBUG\ATTALLA2D.OBJ
C:\OPENSEES2.4.0\WIN32\OBJ\MATERIAL\DEBUG\ATTALLA2D.SBR
C:\OPENSEES2.4.0\WIN32\OBJ\MATERIAL\DEBUG\AXIALCURVE.OBJ
C:\OPENSEES2.4.0\WIN32\OBJ\MATERIAL\DEBUG\AXIALCURVE.SBR
C:\OPENSEES2.4.0\WIN32\OBJ\MATERIAL\DEBUG\BACKBONEMATERIAL.OBJ
C:\OPENSEES2.4.0\WIN32\OBJ\MATERIAL\DEBUG\BACKBONEMATERIAL.SBR
C:\OPENSEES2.4.0\WIN32\OBJ\MATERIAL\DEBUG\BARSLIPMATERIAL.OBJ
C:\OPENSEES2.4.0\WIN32\OBJ\MATERIAL\DEBUG\BARSLIPMATERIAL.SBR
C:\OPENSEES2.4.0\WIN32\OBJ\MATERIAL\DEBUG\BEAMFIBERMATERIAL.OBJ
C:\OPENSEES2.4.0\WIN32\OBJ\MATERIAL\DEBUG\BEAMFIBERMATERIAL.SBR
C:\OPENSEES2.4.0\WIN32\OBJ\MATERIAL\DEBUG\BEAMFIBERMATERIAL2D.OBJ
C:\OPENSEES2.4.0\WIN32\OBJ\MATERIAL\DEBUG\BEAMFIBERMATERIAL2D.SBR
C:\OPENSEES2.4.0\WIN32\OBJ\MATERIAL\DEBUG\BIDIRECTIONAL.OBJ
C:\OPENSEES2.4.0\WIN32\OBJ\MATERIAL\DEBUG\BIDIRECTIONAL.SBR
C:\OPENSEES2.4.0\WIN32\OBJ\MATERIAL\DEBUG\BILIN.OBJ
C:\OPENSEES2.4.0\WIN32\OBJ\MATERIAL\DEBUG\BILIN.SBR
C:\OPENSEES2.4.0\WIN32\OBJ\MATERIAL\DEBUG\BILINEAR.OBJ
C:\OPENSEES2.4.0\WIN32\OBJ\MATERIAL\DEBUG\BILINEAR.SBR
C:\OPENSEES2.4.0\WIN32\OBJ\MATERIAL\DEBUG\BKSTRESSLIMSURFACE2D.OBJ
C:\OPENSEES2.4.0\WIN32\OBJ\MATERIAL\DEBUG\BKSTRESSLIMSURFACE2D.SBR
C:\OPENSEES2.4.0\WIN32\OBJ\MATERIAL\DEBUG\BOND_SP01.OBJ
C:\OPENSEES2.4.0\WIN32\OBJ\MATERIAL\DEBUG\BOND_SP01.SBR
C:\OPENSEES2.4.0\WIN32\OBJ\MATERIAL\DEBUG\BOUCWENMATERIAL.OBJ
C:\OPENSEES2.4.0\WIN32\OBJ\MATERIAL\DEBUG\BOUCWENMATERIAL.SBR
C:\OPENSEES2.4.0\WIN32\OBJ\MATERIAL\DEBUG\BOUNDINGCAMCLAY.OBJ
C:\OPENSEES2.4.0\WIN32\OBJ\MATERIAL\DEBUG\BOUNDINGCAMCLAY.SBR
C:\OPENSEES2.4.0\WIN32\OBJ\MATERIAL\DEBUG\BOUNDINGCAMCLAY3D.OBJ
C:\OPENSEES2.4.0\WIN32\OBJ\MATERIAL\DEBUG\BOUNDINGCAMCLAY3D.SBR
C:\OPENSEES2.4.0\WIN32\OBJ\MATERIAL\DEBUG\BOUNDINGCAMCLAYPLANESTRAIN.OBJ
C:\OPENSEES2.4.0\WIN32\OBJ\MATERIAL\DEBUG\BOUNDINGCAMCLAYPLANESTRAIN.SBR
C:\OPENSEES2.4.0\WIN32\OBJ\MATERIAL\DEBUG\BOUNDINGSURFACE2D.OBJ
C:\OPENSEES2.4.0\WIN32\OBJ\MATERIAL\DEBUG\BOUNDINGSURFACE2D.SBR
C:\OpenSees2.4.0\Win32\obj\material\debug\BscMake.command.1.tlog
C:\OpenSees2.4.0\Win32\obj\material\debug\bscmake.read.1.tlog
C:\OpenSees2.4.0\Win32\obj\material\debug\bscmake.write.1.tlog
C:\OPENSEES2.4.0\WIN32\OBJ\MATERIAL\DEBUG\CABLEMATERIAL.OBJ
C:\OPENSEES2.4.0\WIN32\OBJ\MATERIAL\DEBUG\CABLEMATERIAL.SBR
C:\OPENSEES2.4.0\WIN32\OBJ\MATERIAL\DEBUG\CAST.OBJ
C:\OPENSEES2.4.0\WIN32\OBJ\MATERIAL\DEBUG\CAST.SBR
C:\OPENSEES2.4.0\WIN32\OBJ\MATERIAL\DEBUG\CELL.OBJ
C:\OPENSEES2.4.0\WIN32\OBJ\MATERIAL\DEBUG\CELL.SBR
C:\OPENSEES2.4.0\WIN32\OBJ\MATERIAL\DEBUG\CIRCPATCH.OBJ
C:\OPENSEES2.4.0\WIN32\OBJ\MATERIAL\DEBUG\CIRCPATCH.SBR
C:\OPENSEES2.4.0\WIN32\OBJ\MATERIAL\DEBUG\CIRCREINFLAYER.OBJ
C:\OPENSEES2.4.0\WIN32\OBJ\MATERIAL\DEBUG\CIRCREINFLAYER.SBR
C:\OpenSees2.4.0\Win32\obj\material\debug\cl.command.1.tlog
C:\OpenSees2.4.0\Win32\obj\material\debug\CL.read.1.tlog
C:\OpenSees2.4.0\Win32\obj\material\debug\CL.write.1.tlog
C:\OPENSEES2.4.0\WIN32\OBJ\MATERIAL\DEBUG\CLOUGH.OBJ
C:\OPENSEES2.4.0\WIN32\OBJ\MATERIAL\DEBUG\CLOUGH.SBR
C:\OPENSEES2.4.0\WIN32\OBJ\MATERIAL\DEBUG\CLOUGHDAMAGE.OBJ
C:\OPENSEES2.4.0\WIN32\OBJ\MATERIAL\DEBUG\CLOUGHDAMAGE.SBR
C:\OPENSEES2.4.0\WIN32\OBJ\MATERIAL\DEBUG\CLOUGHHENRY.OBJ
C:\OPENSEES2.4.0\WIN32\OBJ\MATERIAL\DEBUG\CLOUGHHENRY.SBR
C:\OPENSEES2.4.0\WIN32\OBJ\MATERIAL\DEBUG\COMBINEDISOKIN2D01.OBJ
C:\OPENSEES2.4.0\WIN32\OBJ\MATERIAL\DEBUG\COMBINEDISOKIN2D01.SBR
C:\OPENSEES2.4.0\WIN32\OBJ\MATERIAL\DEBUG\COMBINEDISOKIN2D02.OBJ
C:\OPENSEES2.4.0\WIN32\OBJ\MATERIAL\DEBUG\COMBINEDISOKIN2D02.SBR
C:\OPENSEES2.4.0\WIN32\OBJ\MATERIAL\DEBUG\CONCRETE01.OBJ
C:\OPENSEES2.4.0\WIN32\OBJ\MATERIAL\DEBUG\CONCRETE01.SBR
C:\OPENSEES2.4.0\WIN32\OBJ\MATERIAL\DEBUG\CONCRETE01WITHSITC.OBJ
C:\OPENSEES2.4.0\WIN32\OBJ\MATERIAL\DEBUG\CONCRETE01WITHSITC.SBR
C:\OPENSEES2.4.0\WIN32\OBJ\MATERIAL\DEBUG\CONCRETE02.OBJ
C:\OPENSEES2.4.0\WIN32\OBJ\MATERIAL\DEBUG\CONCRETE02.SBR
C:\OPENSEES2.4.0\WIN32\OBJ\MATERIAL\DEBUG\CONCRETE02THERMAL.OBJ
C:\OPENSEES2.4.0\WIN32\OBJ\MATERIAL\DEBUG\CONCRETE02THERMAL.SBR
C:\OPENSEES2.4.0\WIN32\OBJ\MATERIAL\DEBUG\CONCRETE04.OBJ
C:\OPENSEES2.4.0\WIN32\OBJ\MATERIAL\DEBUG\CONCRETE04.SBR
C:\OPENSEES2.4.0\WIN32\OBJ\MATERIAL\DEBUG\CONCRETE06.OBJ
C:\OPENSEES2.4.0\WIN32\OBJ\MATERIAL\DEBUG\CONCRETE06.SBR
C:\OPENSEES2.4.0\WIN32\OBJ\MATERIAL\DEBUG\CONCRETE07.OBJ
C:\OPENSEES2.4.0\WIN32\OBJ\MATERIAL\DEBUG\CONCRETE07.SBR
C:\OPENSEES2.4.0\WIN32\OBJ\MATERIAL\DEBUG\CONCRETEL01.OBJ
C:\OPENSEES2.4.0\WIN32\OBJ\MATERIAL\DEBUG\CONCRETEL01.SBR
C:\OPENSEES2.4.0\WIN32\OBJ\MATERIAL\DEBUG\CONCRETEZ01.OBJ
C:\OPENSEES2.4.0\WIN32\OBJ\MATERIAL\DEBUG\CONCRETEZ01.SBR
C:\OPENSEES2.4.0\WIN32\OBJ\MATERIAL\DEBUG\CONFINEDCONCRETE01.OBJ
C:\OPENSEES2.4.0\WIN32\OBJ\MATERIAL\DEBUG\CONFINEDCONCRETE01.SBR
C:\OPENSEES2.4.0\WIN32\OBJ\MATERIAL\DEBUG\CONTACTMATERIAL2D.OBJ
C:\OPENSEES2.4.0\WIN32\OBJ\MATERIAL\DEBUG\CONTACTMATERIAL2D.SBR
C:\OPENSEES2.4.0\WIN32\OBJ\MATERIAL\DEBUG\CONTACTMATERIAL3D.OBJ
C:\OPENSEES2.4.0\WIN32\OBJ\MATERIAL\DEBUG\CONTACTMATERIAL3D.SBR
C:\OPENSEES2.4.0\WIN32\OBJ\MATERIAL\DEBUG\CYCLIQCP.OBJ
C:\OPENSEES2.4.0\WIN32\OBJ\MATERIAL\DEBUG\CYCLIQCP.SBR
C:\OPENSEES2.4.0\WIN32\OBJ\MATERIAL\DEBUG\CYCLIQCP3D.OBJ
C:\OPENSEES2.4.0\WIN32\OBJ\MATERIAL\DEBUG\CYCLIQCP3D.SBR
C:\OPENSEES2.4.0\WIN32\OBJ\MATERIAL\DEBUG\CYCLIQCPPLANESTRAIN.OBJ
C:\OPENSEES2.4.0\WIN32\OBJ\MATERIAL\DEBUG\CYCLIQCPPLANESTRAIN.SBR
C:\OPENSEES2.4.0\WIN32\OBJ\MATERIAL\DEBUG\DODD_RESTREPO.OBJ
C:\OPENSEES2.4.0\WIN32\OBJ\MATERIAL\DEBUG\DODD_RESTREPO.SBR
C:\OPENSEES2.4.0\WIN32\OBJ\MATERIAL\DEBUG\DRAINBILINEARMATERIAL.OBJ
C:\OPENSEES2.4.0\WIN32\OBJ\MATERIAL\DEBUG\DRAINBILINEARMATERIAL.SBR
C:\OPENSEES2.4.0\WIN32\OBJ\MATERIAL\DEBUG\DRAINCLOUGH1MATERIAL.OBJ
C:\OPENSEES2.4.0\WIN32\OBJ\MATERIAL\DEBUG\DRAINCLOUGH1MATERIAL.SBR
C:\OPENSEES2.4.0\WIN32\OBJ\MATERIAL\DEBUG\DRAINCLOUGH2MATERIAL.OBJ
C:\OPENSEES2.4.0\WIN32\OBJ\MATERIAL\DEBUG\DRAINCLOUGH2MATERIAL.SBR
C:\OPENSEES2.4.0\WIN32\OBJ\MATERIAL\DEBUG\DRAINHARDENINGMATERIAL.OBJ
C:\OPENSEES2.4.0\WIN32\OBJ\MATERIAL\DEBUG\DRAINHARDENINGMATERIAL.SBR
C:\OPENSEES2.4.0\WIN32\OBJ\MATERIAL\DEBUG\DRAINMATERIAL.OBJ
C:\OPENSEES2.4.0\WIN32\OBJ\MATERIAL\DEBUG\DRAINMATERIAL.SBR
C:\OPENSEES2.4.0\WIN32\OBJ\MATERIAL\DEBUG\DRAINPINCH1MATERIAL.OBJ
C:\OPENSEES2.4.0\WIN32\OBJ\MATERIAL\DEBUG\DRAINPINCH1MATERIAL.SBR
C:\OPENSEES2.4.0\WIN32\OBJ\MATERIAL\DEBUG\DRUCKERPRAGER.OBJ
C:\OPENSEES2.4.0\WIN32\OBJ\MATERIAL\DEBUG\DRUCKERPRAGER.SBR
C:\OPENSEES2.4.0\WIN32\OBJ\MATERIAL\DEBUG\DRUCKERPRAGER3D.OBJ
C:\OPENSEES2.4.0\WIN32\OBJ\MATERIAL\DEBUG\DRUCKERPRAGER3D.SBR
C:\OPENSEES2.4.0\WIN32\OBJ\MATERIAL\DEBUG\DRUCKERPRAGERPLANESTRAIN.OBJ
C:\OPENSEES2.4.0\WIN32\OBJ\MATERIAL\DEBUG\DRUCKERPRAGERPLANESTRAIN.SBR
C:\OPENSEES2.4.0\WIN32\OBJ\MATERIAL\DEBUG\ECC01.OBJ
C:\OPENSEES2.4.0\WIN32\OBJ\MATERIAL\DEBUG\ECC01.SBR
C:\OPENSEES2.4.0\WIN32\OBJ\MATERIAL\DEBUG\ELASTIC2MATERIAL.OBJ
C:\OPENSEES2.4.0\WIN32\OBJ\MATERIAL\DEBUG\ELASTIC2MATERIAL.SBR
C:\OPENSEES2.4.0\WIN32\OBJ\MATERIAL\DEBUG\ELASTICBILIN.OBJ
C:\OPENSEES2.4.0\WIN32\OBJ\MATERIAL\DEBUG\ELASTICBILIN.SBR
C:\OPENSEES2.4.0\WIN32\OBJ\MATERIAL\DEBUG\ELASTICISOTROPICAXISYMM.OBJ
C:\OPENSEES2.4.0\WIN32\OBJ\MATERIAL\DEBUG\ELASTICISOTROPICAXISYMM.SBR
C:\OPENSEES2.4.0\WIN32\OBJ\MATERIAL\DEBUG\ELASTICISOTROPICBEAMFIBER.OBJ
C:\OPENSEES2.4.0\WIN32\OBJ\MATERIAL\DEBUG\ELASTICISOTROPICBEAMFIBER.SBR
C:\OPENSEES2.4.0\WIN32\OBJ\MATERIAL\DEBUG\ELASTICISOTROPICBEAMFIBER2D.OBJ
C:\OPENSEES2.4.0\WIN32\OBJ\MATERIAL\DEBUG\ELASTICISOTROPICBEAMFIBER2D.SBR
C:\OPENSEES2.4.0\WIN32\OBJ\MATERIAL\DEBUG\ELASTICISOTROPICMATERIAL.OBJ
C:\OPENSEES2.4.0\WIN32\OBJ\MATERIAL\DEBUG\ELASTICISOTROPICMATERIAL.SBR
C:\OPENSEES2.4.0\WIN32\OBJ\MATERIAL\DEBUG\ELASTICISOTROPICPLANESTRAIN2D.OBJ
C:\OPENSEES2.4.0\WIN32\OBJ\MATERIAL\DEBUG\ELASTICISOTROPICPLANESTRAIN2D.SBR
C:\OPENSEES2.4.0\WIN32\OBJ\MATERIAL\DEBUG\ELASTICISOTROPICPLANESTRESS2D.OBJ
C:\OPENSEES2.4.0\WIN32\OBJ\MATERIAL\DEBUG\ELASTICISOTROPICPLANESTRESS2D.SBR
C:\OPENSEES2.4.0\WIN32\OBJ\MATERIAL\DEBUG\ELASTICISOTROPICPLATEFIBER.OBJ
C:\OPENSEES2.4.0\WIN32\OBJ\MATERIAL\DEBUG\ELASTICISOTROPICPLATEFIBER.SBR
C:\OPENSEES2.4.0\WIN32\OBJ\MATERIAL\DEBUG\ELASTICISOTROPICTHREEDIMENSIONAL.OBJ
C:\OPENSEES2.4.0\WIN32\OBJ\MATERIAL\DEBUG\ELASTICISOTROPICTHREEDIMENSIONAL.SBR
C:\OPENSEES2.4.0\WIN32\OBJ\MATERIAL\DEBUG\ELASTICMATERIAL.OBJ
C:\OPENSEES2.4.0\WIN32\OBJ\MATERIAL\DEBUG\ELASTICMATERIAL.SBR
C:\OPENSEES2.4.0\WIN32\OBJ\MATERIAL\DEBUG\ELASTICMEMBRANEPLATESECTION.OBJ
C:\OPENSEES2.4.0\WIN32\OBJ\MATERIAL\DEBUG\ELASTICMEMBRANEPLATESECTION.SBR
C:\OPENSEES2.4.0\WIN32\OBJ\MATERIAL\DEBUG\ELASTICMULTILINEAR.OBJ
C:\OPENSEES2.4.0\WIN32\OBJ\MATERIAL\DEBUG\ELASTICMULTILINEAR.SBR
C:\OPENSEES2.4.0\WIN32\OBJ\MATERIAL\DEBUG\ELASTICPLATESECTION.OBJ
C:\OPENSEES2.4.0\WIN32\OBJ\MATERIAL\DEBUG\ELASTICPLATESECTION.SBR
C:\OPENSEES2.4.0\WIN32\OBJ\MATERIAL\DEBUG\ELASTICPPMATERIAL.OBJ
C:\OPENSEES2.4.0\WIN32\OBJ\MATERIAL\DEBUG\ELASTICPPMATERIAL.SBR
C:\OPENSEES2.4.0\WIN32\OBJ\MATERIAL\DEBUG\ELASTICSECTION2D.OBJ
C:\OPENSEES2.4.0\WIN32\OBJ\MATERIAL\DEBUG\ELASTICSECTION2D.SBR
C:\OPENSEES2.4.0\WIN32\OBJ\MATERIAL\DEBUG\ELASTICSECTION3D.OBJ
C:\OPENSEES2.4.0\WIN32\OBJ\MATERIAL\DEBUG\ELASTICSECTION3D.SBR
C:\OPENSEES2.4.0\WIN32\OBJ\MATERIAL\DEBUG\ELASTICSHEARSECTION2D.OBJ
C:\OPENSEES2.4.0\WIN32\OBJ\MATERIAL\DEBUG\ELASTICSHEARSECTION2D.SBR
C:\OPENSEES2.4.0\WIN32\OBJ\MATERIAL\DEBUG\ELASTICSHEARSECTION3D.OBJ
C:\OPENSEES2.4.0\WIN32\OBJ\MATERIAL\DEBUG\ELASTICSHEARSECTION3D.SBR
C:\OPENSEES2.4.0\WIN32\OBJ\MATERIAL\DEBUG\ELASTICTUBESECTION3D.OBJ
C:\OPENSEES2.4.0\WIN32\OBJ\MATERIAL\DEBUG\ELASTICTUBESECTION3D.SBR
C:\OPENSEES2.4.0\WIN32\OBJ\MATERIAL\DEBUG\ELTAWIL2D.OBJ
C:\OPENSEES2.4.0\WIN32\OBJ\MATERIAL\DEBUG\ELTAWIL2D.SBR
C:\OPENSEES2.4.0\WIN32\OBJ\MATERIAL\DEBUG\ELTAWIL2DUNSYM.OBJ
C:\OPENSEES2.4.0\WIN32\OBJ\MATERIAL\DEBUG\ELTAWIL2DUNSYM.SBR
C:\OPENSEES2.4.0\WIN32\OBJ\MATERIAL\DEBUG\ENTMATERIAL.OBJ
C:\OPENSEES2.4.0\WIN32\OBJ\MATERIAL\DEBUG\ENTMATERIAL.SBR
C:\OPENSEES2.4.0\WIN32\OBJ\MATERIAL\DEBUG\EPPGAPMATERIAL.OBJ
C:\OPENSEES2.4.0\WIN32\OBJ\MATERIAL\DEBUG\EPPGAPMATERIAL.SBR
C:\OPENSEES2.4.0\WIN32\OBJ\MATERIAL\DEBUG\EXPONREDUCING.OBJ
C:\OPENSEES2.4.0\WIN32\OBJ\MATERIAL\DEBUG\EXPONREDUCING.SBR
C:\OPENSEES2.4.0\WIN32\OBJ\MATERIAL\DEBUG\FAFOURSTEELPCPLANESTRESS.OBJ
C:\OPENSEES2.4.0\WIN32\OBJ\MATERIAL\DEBUG\FAFOURSTEELPCPLANESTRESS.SBR
C:\OPENSEES2.4.0\WIN32\OBJ\MATERIAL\DEBUG\FAFOURSTEELRCPLANESTRESS.OBJ
C:\OPENSEES2.4.0\WIN32\OBJ\MATERIAL\DEBUG\FAFOURSTEELRCPLANESTRESS.SBR
C:\OPENSEES2.4.0\WIN32\OBJ\MATERIAL\DEBUG\FAPRESTRESSEDCONCRETEPLANESTRESS.OBJ
C:\OPENSEES2.4.0\WIN32\OBJ\MATERIAL\DEBUG\FAPRESTRESSEDCONCRETEPLANESTRESS.SBR
C:\OPENSEES2.4.0\WIN32\OBJ\MATERIAL\DEBUG\FAREINFORCEDCONCRETEPLANESTRESS.OBJ
C:\OPENSEES2.4.0\WIN32\OBJ\MATERIAL\DEBUG\FAREINFORCEDCONCRETEPLANESTRESS.SBR
C:\OPENSEES2.4.0\WIN32\OBJ\MATERIAL\DEBUG\FATIGUEMATERIAL.OBJ
C:\OPENSEES2.4.0\WIN32\OBJ\MATERIAL\DEBUG\FATIGUEMATERIAL.SBR
C:\OPENSEES2.4.0\WIN32\OBJ\MATERIAL\DEBUG\FEAPMATERIAL.OBJ
C:\OPENSEES2.4.0\WIN32\OBJ\MATERIAL\DEBUG\FEAPMATERIAL.SBR
C:\OPENSEES2.4.0\WIN32\OBJ\MATERIAL\DEBUG\FEAPMATERIAL01.OBJ
C:\OPENSEES2.4.0\WIN32\OBJ\MATERIAL\DEBUG\FEAPMATERIAL01.SBR
C:\OPENSEES2.4.0\WIN32\OBJ\MATERIAL\DEBUG\FEAPMATERIAL02.OBJ
C:\OPENSEES2.4.0\WIN32\OBJ\MATERIAL\DEBUG\FEAPMATERIAL02.SBR
C:\OPENSEES2.4.0\WIN32\OBJ\MATERIAL\DEBUG\FEAPMATERIAL03.OBJ
C:\OPENSEES2.4.0\WIN32\OBJ\MATERIAL\DEBUG\FEAPMATERIAL03.SBR
C:\OPENSEES2.4.0\WIN32\OBJ\MATERIAL\DEBUG\FEDEASBOND1MATERIAL.OBJ
C:\OPENSEES2.4.0\WIN32\OBJ\MATERIAL\DEBUG\FEDEASBOND1MATERIAL.SBR
C:\OPENSEES2.4.0\WIN32\OBJ\MATERIAL\DEBUG\FEDEASBOND2MATERIAL.OBJ
C:\OPENSEES2.4.0\WIN32\OBJ\MATERIAL\DEBUG\FEDEASBOND2MATERIAL.SBR
C:\OPENSEES2.4.0\WIN32\OBJ\MATERIAL\DEBUG\FEDEASCONCR1MATERIAL.OBJ
C:\OPENSEES2.4.0\WIN32\OBJ\MATERIAL\DEBUG\FEDEASCONCR1MATERIAL.SBR
C:\OPENSEES2.4.0\WIN32\OBJ\MATERIAL\DEBUG\FEDEASCONCR2MATERIAL.OBJ
C:\OPENSEES2.4.0\WIN32\OBJ\MATERIAL\DEBUG\FEDEASCONCR2MATERIAL.SBR
C:\OPENSEES2.4.0\WIN32\OBJ\MATERIAL\DEBUG\FEDEASCONCR3MATERIAL.OBJ
C:\OPENSEES2.4.0\WIN32\OBJ\MATERIAL\DEBUG\FEDEASCONCR3MATERIAL.SBR
C:\OPENSEES2.4.0\WIN32\OBJ\MATERIAL\DEBUG\FEDEASHARDENINGMATERIAL.OBJ
C:\OPENSEES2.4.0\WIN32\OBJ\MATERIAL\DEBUG\FEDEASHARDENINGMATERIAL.SBR
C:\OPENSEES2.4.0\WIN32\OBJ\MATERIAL\DEBUG\FEDEASHYSTER1MATERIAL.OBJ
C:\OPENSEES2.4.0\WIN32\OBJ\MATERIAL\DEBUG\FEDEASHYSTER1MATERIAL.SBR
C:\OPENSEES2.4.0\WIN32\OBJ\MATERIAL\DEBUG\FEDEASHYSTER2MATERIAL.OBJ
C:\OPENSEES2.4.0\WIN32\OBJ\MATERIAL\DEBUG\FEDEASHYSTER2MATERIAL.SBR
C:\OPENSEES2.4.0\WIN32\OBJ\MATERIAL\DEBUG\FEDEASMATERIAL.OBJ
C:\OPENSEES2.4.0\WIN32\OBJ\MATERIAL\DEBUG\FEDEASMATERIAL.SBR
C:\OPENSEES2.4.0\WIN32\OBJ\MATERIAL\DEBUG\FEDEASSTEEL1MATERIAL.OBJ
C:\OPENSEES2.4.0\WIN32\OBJ\MATERIAL\DEBUG\FEDEASSTEEL1MATERIAL.SBR
C:\OPENSEES2.4.0\WIN32\OBJ\MATERIAL\DEBUG\FEDEASSTEEL2MATERIAL.OBJ
C:\OPENSEES2.4.0\WIN32\OBJ\MATERIAL\DEBUG\FEDEASSTEEL2MATERIAL.SBR
C:\OPENSEES2.4.0\WIN32\OBJ\MATERIAL\DEBUG\FIBER.OBJ
C:\OPENSEES2.4.0\WIN32\OBJ\MATERIAL\DEBUG\FIBER.SBR
C:\OPENSEES2.4.0\WIN32\OBJ\MATERIAL\DEBUG\FIBERSECTION2D.OBJ
C:\OPENSEES2.4.0\WIN32\OBJ\MATERIAL\DEBUG\FIBERSECTION2D.SBR
C:\OPENSEES2.4.0\WIN32\OBJ\MATERIAL\DEBUG\FIBERSECTION2DTHERMAL.OBJ
C:\OPENSEES2.4.0\WIN32\OBJ\MATERIAL\DEBUG\FIBERSECTION2DTHERMAL.SBR
C:\OPENSEES2.4.0\WIN32\OBJ\MATERIAL\DEBUG\FIBERSECTION3D.OBJ
C:\OPENSEES2.4.0\WIN32\OBJ\MATERIAL\DEBUG\FIBERSECTION3D.SBR
C:\OPENSEES2.4.0\WIN32\OBJ\MATERIAL\DEBUG\FIBERSECTIONGJ.OBJ
C:\OPENSEES2.4.0\WIN32\OBJ\MATERIAL\DEBUG\FIBERSECTIONGJ.SBR
C:\OPENSEES2.4.0\WIN32\OBJ\MATERIAL\DEBUG\FIBERSECTIONREPR.OBJ
C:\OPENSEES2.4.0\WIN32\OBJ\MATERIAL\DEBUG\FIBERSECTIONREPR.SBR
C:\OPENSEES2.4.0\WIN32\OBJ\MATERIAL\DEBUG\FLUIDSOLIDPOROUSMATERIAL.OBJ
C:\OPENSEES2.4.0\WIN32\OBJ\MATERIAL\DEBUG\FLUIDSOLIDPOROUSMATERIAL.SBR
C:\OPENSEES2.4.0\WIN32\OBJ\MATERIAL\DEBUG\GENERICSECTION1D.OBJ
C:\OPENSEES2.4.0\WIN32\OBJ\MATERIAL\DEBUG\GENERICSECTION1D.SBR
C:\OPENSEES2.4.0\WIN32\OBJ\MATERIAL\DEBUG\HAJJAR2D.OBJ
C:\OPENSEES2.4.0\WIN32\OBJ\MATERIAL\DEBUG\HAJJAR2D.SBR
C:\OPENSEES2.4.0\WIN32\OBJ\MATERIAL\DEBUG\HARDENINGMATERIAL.OBJ
C:\OPENSEES2.4.0\WIN32\OBJ\MATERIAL\DEBUG\HARDENINGMATERIAL.SBR
C:\OPENSEES2.4.0\WIN32\OBJ\MATERIAL\DEBUG\HOOKGAP.OBJ
C:\OPENSEES2.4.0\WIN32\OBJ\MATERIAL\DEBUG\HOOKGAP.SBR
C:\OPENSEES2.4.0\WIN32\OBJ\MATERIAL\DEBUG\HYPERBOLICGAPMATERIAL.OBJ
C:\OPENSEES2.4.0\WIN32\OBJ\MATERIAL\DEBUG\HYPERBOLICGAPMATERIAL.SBR
C:\OPENSEES2.4.0\WIN32\OBJ\MATERIAL\DEBUG\HYSTERETICBACKBONE.OBJ
C:\OPENSEES2.4.0\WIN32\OBJ\MATERIAL\DEBUG\HYSTERETICBACKBONE.SBR
C:\OPENSEES2.4.0\WIN32\OBJ\MATERIAL\DEBUG\HYSTERETICMATERIAL.OBJ
C:\OPENSEES2.4.0\WIN32\OBJ\MATERIAL\DEBUG\HYSTERETICMATERIAL.SBR
C:\OPENSEES2.4.0\WIN32\OBJ\MATERIAL\DEBUG\IMPACTMATERIAL.OBJ
C:\OPENSEES2.4.0\WIN32\OBJ\MATERIAL\DEBUG\IMPACTMATERIAL.SBR
C:\OPENSEES2.4.0\WIN32\OBJ\MATERIAL\DEBUG\INITIALSTATEANALYSISWRAPPER.OBJ
C:\OPENSEES2.4.0\WIN32\OBJ\MATERIAL\DEBUG\INITIALSTATEANALYSISWRAPPER.SBR
C:\OPENSEES2.4.0\WIN32\OBJ\MATERIAL\DEBUG\INITSTRAINMATERIAL.OBJ
C:\OPENSEES2.4.0\WIN32\OBJ\MATERIAL\DEBUG\INITSTRAINMATERIAL.SBR
C:\OPENSEES2.4.0\WIN32\OBJ\MATERIAL\DEBUG\INITSTRESSMATERIAL.OBJ
C:\OPENSEES2.4.0\WIN32\OBJ\MATERIAL\DEBUG\INITSTRESSMATERIAL.SBR
C:\OPENSEES2.4.0\WIN32\OBJ\MATERIAL\DEBUG\ISOLATOR2SPRING.OBJ
C:\OPENSEES2.4.0\WIN32\OBJ\MATERIAL\DEBUG\ISOLATOR2SPRING.SBR
C:\OPENSEES2.4.0\WIN32\OBJ\MATERIAL\DEBUG\ISOTROPIC2D01.OBJ
C:\OPENSEES2.4.0\WIN32\OBJ\MATERIAL\DEBUG\ISOTROPIC2D01.SBR
C:\OPENSEES2.4.0\WIN32\OBJ\MATERIAL\DEBUG\J2AXISYMM.OBJ
C:\OPENSEES2.4.0\WIN32\OBJ\MATERIAL\DEBUG\J2AXISYMM.SBR
C:\OPENSEES2.4.0\WIN32\OBJ\MATERIAL\DEBUG\J2PLANESTRAIN.OBJ
C:\OPENSEES2.4.0\WIN32\OBJ\MATERIAL\DEBUG\J2PLANESTRAIN.SBR
C:\OPENSEES2.4.0\WIN32\OBJ\MATERIAL\DEBUG\J2PLANESTRESS.OBJ
C:\OPENSEES2.4.0\WIN32\OBJ\MATERIAL\DEBUG\J2PLANESTRESS.SBR
C:\OPENSEES2.4.0\WIN32\OBJ\MATERIAL\DEBUG\J2PLASTICITY.OBJ
C:\OPENSEES2.4.0\WIN32\OBJ\MATERIAL\DEBUG\J2PLASTICITY.SBR
C:\OPENSEES2.4.0\WIN32\OBJ\MATERIAL\DEBUG\J2PLATEFIBER.OBJ
C:\OPENSEES2.4.0\WIN32\OBJ\MATERIAL\DEBUG\J2PLATEFIBER.SBR
C:\OPENSEES2.4.0\WIN32\OBJ\MATERIAL\DEBUG\J2THREEDIMENSIONAL.OBJ
C:\OPENSEES2.4.0\WIN32\OBJ\MATERIAL\DEBUG\J2THREEDIMENSIONAL.SBR
C:\OPENSEES2.4.0\WIN32\OBJ\MATERIAL\DEBUG\KINEMATIC2D01.OBJ
C:\OPENSEES2.4.0\WIN32\OBJ\MATERIAL\DEBUG\KINEMATIC2D01.SBR
C:\OPENSEES2.4.0\WIN32\OBJ\MATERIAL\DEBUG\KINEMATIC2D02.OBJ
C:\OPENSEES2.4.0\WIN32\OBJ\MATERIAL\DEBUG\KINEMATIC2D02.SBR
C:\OpenSees2.4.0\Win32\obj\material\debug\lib.command.1.tlog
C:\OpenSees2.4.0\Win32\obj\material\debug\Lib-link.read.1.tlog
C:\OpenSees2.4.0\Win32\obj\material\debug\Lib-link.write.1.tlog
C:\OPENSEES2.4.0\WIN32\OBJ\MATERIAL\DEBUG\LIMITCURVE.OBJ
C:\OPENSEES2.4.0\WIN32\OBJ\MATERIAL\DEBUG\LIMITCURVE.SBR
C:\OPENSEES2.4.0\WIN32\OBJ\MATERIAL\DEBUG\LIMITSTATEMATERIAL.OBJ
C:\OPENSEES2.4.0\WIN32\OBJ\MATERIAL\DEBUG\LIMITSTATEMATERIAL.SBR
C:\OPENSEES2.4.0\WIN32\OBJ\MATERIAL\DEBUG\MANDERBACKBONE.OBJ
C:\OPENSEES2.4.0\WIN32\OBJ\MATERIAL\DEBUG\MANDERBACKBONE.SBR
C:\OPENSEES2.4.0\WIN32\OBJ\MATERIAL\DEBUG\MANZARIDAFALIAS.OBJ
C:\OPENSEES2.4.0\WIN32\OBJ\MATERIAL\DEBUG\MANZARIDAFALIAS.SBR
C:\OPENSEES2.4.0\WIN32\OBJ\MATERIAL\DEBUG\MANZARIDAFALIAS3D.OBJ
C:\OPENSEES2.4.0\WIN32\OBJ\MATERIAL\DEBUG\MANZARIDAFALIAS3D.SBR
C:\OPENSEES2.4.0\WIN32\OBJ\MATERIAL\DEBUG\MANZARIDAFALIASPLANESTRAIN.OBJ
C:\OPENSEES2.4.0\WIN32\OBJ\MATERIAL\DEBUG\MANZARIDAFALIASPLANESTRAIN.SBR
C:\OPENSEES2.4.0\WIN32\OBJ\MATERIAL\DEBUG\MATERIAL.OBJ
C:\OPENSEES2.4.0\WIN32\OBJ\MATERIAL\DEBUG\MATERIAL.SBR
C:\OPENSEES2.4.0\WIN32\OBJ\MATERIAL\DEBUG\MAXWELL.OBJ
C:\OPENSEES2.4.0\WIN32\OBJ\MATERIAL\DEBUG\MAXWELL.SBR
C:\OPENSEES2.4.0\WIN32\OBJ\MATERIAL\DEBUG\MEMBRANEPLATEFIBERSECTION.OBJ
C:\OPENSEES2.4.0\WIN32\OBJ\MATERIAL\DEBUG\MEMBRANEPLATEFIBERSECTION.SBR
C:\OPENSEES2.4.0\WIN32\OBJ\MATERIAL\DEBUG\MINMAXMATERIAL.OBJ
C:\OPENSEES2.4.0\WIN32\OBJ\MATERIAL\DEBUG\MINMAXMATERIAL.SBR
C:\OPENSEES2.4.0\WIN32\OBJ\MATERIAL\DEBUG\MODIMKPEAKORIENTED.OBJ
C:\OPENSEES2.4.0\WIN32\OBJ\MATERIAL\DEBUG\MODIMKPEAKORIENTED.SBR
C:\OPENSEES2.4.0\WIN32\OBJ\MATERIAL\DEBUG\MODIMKPINCHING.OBJ
C:\OPENSEES2.4.0\WIN32\OBJ\MATERIAL\DEBUG\MODIMKPINCHING.SBR
C:\OPENSEES2.4.0\WIN32\OBJ\MATERIAL\DEBUG\MULTIAXIALCYCLICPLASTICITY.OBJ
C:\OPENSEES2.4.0\WIN32\OBJ\MATERIAL\DEBUG\MULTIAXIALCYCLICPLASTICITY.SBR
C:\OPENSEES2.4.0\WIN32\OBJ\MATERIAL\DEBUG\MULTIAXIALCYCLICPLASTICITY3D.OBJ
C:\OPENSEES2.4.0\WIN32\OBJ\MATERIAL\DEBUG\MULTIAXIALCYCLICPLASTICITY3D.SBR
C:\OPENSEES2.4.0\WIN32\OBJ\MATERIAL\DEBUG\MULTIAXIALCYCLICPLASTICITYAXISYMM.OBJ
C:\OPENSEES2.4.0\WIN32\OBJ\MATERIAL\DEBUG\MULTIAXIALCYCLICPLASTICITYAXISYMM.SBR
C:\OPENSEES2.4.0\WIN32\OBJ\MATERIAL\DEBUG\MULTIAXIALCYCLICPLASTICITYPLANESTRAIN.OBJ
C:\OPENSEES2.4.0\WIN32\OBJ\MATERIAL\DEBUG\MULTIAXIALCYCLICPLASTICITYPLANESTRAIN.SBR
C:\OPENSEES2.4.0\WIN32\OBJ\MATERIAL\DEBUG\MULTILINEAR.OBJ
C:\OPENSEES2.4.0\WIN32\OBJ\MATERIAL\DEBUG\MULTILINEAR.SBR
C:\OPENSEES2.4.0\WIN32\OBJ\MATERIAL\DEBUG\MULTILINEARKP.OBJ
C:\OPENSEES2.4.0\WIN32\OBJ\MATERIAL\DEBUG\MULTILINEARKP.SBR
C:\OPENSEES2.4.0\WIN32\OBJ\MATERIAL\DEBUG\MULTIYIELDSURFACE.OBJ
C:\OPENSEES2.4.0\WIN32\OBJ\MATERIAL\DEBUG\MULTIYIELDSURFACE.SBR
C:\OPENSEES2.4.0\WIN32\OBJ\MATERIAL\DEBUG\MULTIYIELDSURFACECLAY.OBJ
C:\OPENSEES2.4.0\WIN32\OBJ\MATERIAL\DEBUG\MULTIYIELDSURFACECLAY.SBR
C:\OPENSEES2.4.0\WIN32\OBJ\MATERIAL\DEBUG\NDFIBER2D.OBJ
C:\OPENSEES2.4.0\WIN32\OBJ\MATERIAL\DEBUG\NDFIBER2D.SBR
C:\OPENSEES2.4.0\WIN32\OBJ\MATERIAL\DEBUG\NDFIBER3D.OBJ
C:\OPENSEES2.4.0\WIN32\OBJ\MATERIAL\DEBUG\NDFIBER3D.SBR
C:\OPENSEES2.4.0\WIN32\OBJ\MATERIAL\DEBUG\NDFIBERSECTION2D.OBJ
C:\OPENSEES2.4.0\WIN32\OBJ\MATERIAL\DEBUG\NDFIBERSECTION2D.SBR
C:\OPENSEES2.4.0\WIN32\OBJ\MATERIAL\DEBUG\NDFIBERSECTION3D.OBJ
C:\OPENSEES2.4.0\WIN32\OBJ\MATERIAL\DEBUG\NDFIBERSECTION3D.SBR
C:\OPENSEES2.4.0\WIN32\OBJ\MATERIAL\DEBUG\NDMATERIAL.OBJ
C:\OPENSEES2.4.0\WIN32\OBJ\MATERIAL\DEBUG\NDMATERIAL.SBR
C:\OPENSEES2.4.0\WIN32\OBJ\MATERIAL\DEBUG\NEWUNIAXIALMATERIAL.OBJ
C:\OPENSEES2.4.0\WIN32\OBJ\MATERIAL\DEBUG\NEWUNIAXIALMATERIAL.SBR
C:\OPENSEES2.4.0\WIN32\OBJ\MATERIAL\DEBUG\NULLEVOLUTION.OBJ
C:\OPENSEES2.4.0\WIN32\OBJ\MATERIAL\DEBUG\NULLEVOLUTION.SBR
C:\OPENSEES2.4.0\WIN32\OBJ\MATERIAL\DEBUG\NULLPLASTICMATERIAL.OBJ
C:\OPENSEES2.4.0\WIN32\OBJ\MATERIAL\DEBUG\NULLPLASTICMATERIAL.SBR
C:\OPENSEES2.4.0\WIN32\OBJ\MATERIAL\DEBUG\NULLYS2D.OBJ
C:\OPENSEES2.4.0\WIN32\OBJ\MATERIAL\DEBUG\NULLYS2D.SBR
C:\OPENSEES2.4.0\WIN32\OBJ\MATERIAL\DEBUG\ORBISON2D.OBJ
C:\OPENSEES2.4.0\WIN32\OBJ\MATERIAL\DEBUG\ORBISON2D.SBR
C:\OPENSEES2.4.0\WIN32\OBJ\MATERIAL\DEBUG\PARALLELMATERIAL.OBJ
C:\OPENSEES2.4.0\WIN32\OBJ\MATERIAL\DEBUG\PARALLELMATERIAL.SBR
C:\OPENSEES2.4.0\WIN32\OBJ\MATERIAL\DEBUG\PARALLELSECTION.OBJ
C:\OPENSEES2.4.0\WIN32\OBJ\MATERIAL\DEBUG\PARALLELSECTION.SBR
C:\OPENSEES2.4.0\WIN32\OBJ\MATERIAL\DEBUG\PATCH.OBJ
C:\OPENSEES2.4.0\WIN32\OBJ\MATERIAL\DEBUG\PATCH.SBR
C:\OPENSEES2.4.0\WIN32\OBJ\MATERIAL\DEBUG\PATHINDEPENDENTMATERIAL.OBJ
C:\OPENSEES2.4.0\WIN32\OBJ\MATERIAL\DEBUG\PATHINDEPENDENTMATERIAL.SBR
C:\OPENSEES2.4.0\WIN32\OBJ\MATERIAL\DEBUG\PD1.OBJ
C:\OPENSEES2.4.0\WIN32\OBJ\MATERIAL\DEBUG\PD1.SBR
C:\OPENSEES2.4.0\WIN32\OBJ\MATERIAL\DEBUG\PEAKORIENTED2D01.OBJ
C:\OPENSEES2.4.0\WIN32\OBJ\MATERIAL\DEBUG\PEAKORIENTED2D01.SBR
C:\OPENSEES2.4.0\WIN32\OBJ\MATERIAL\DEBUG\PEAKORIENTED2D02.OBJ
C:\OPENSEES2.4.0\WIN32\OBJ\MATERIAL\DEBUG\PEAKORIENTED2D02.SBR
C:\OPENSEES2.4.0\WIN32\OBJ\MATERIAL\DEBUG\PINCHING.OBJ
C:\OPENSEES2.4.0\WIN32\OBJ\MATERIAL\DEBUG\PINCHING.SBR
C:\OPENSEES2.4.0\WIN32\OBJ\MATERIAL\DEBUG\PINCHING4MATERIAL.OBJ
C:\OPENSEES2.4.0\WIN32\OBJ\MATERIAL\DEBUG\PINCHING4MATERIAL.SBR
C:\OPENSEES2.4.0\WIN32\OBJ\MATERIAL\DEBUG\PINCHINGDAMAGE.OBJ
C:\OPENSEES2.4.0\WIN32\OBJ\MATERIAL\DEBUG\PINCHINGDAMAGE.SBR
C:\OPENSEES2.4.0\WIN32\OBJ\MATERIAL\DEBUG\PLANESTRAINMATERIAL.OBJ
C:\OPENSEES2.4.0\WIN32\OBJ\MATERIAL\DEBUG\PLANESTRAINMATERIAL.SBR
C:\OPENSEES2.4.0\WIN32\OBJ\MATERIAL\DEBUG\PLANESTRESSMATERIAL.OBJ
C:\OPENSEES2.4.0\WIN32\OBJ\MATERIAL\DEBUG\PLANESTRESSMATERIAL.SBR
C:\OPENSEES2.4.0\WIN32\OBJ\MATERIAL\DEBUG\PLASTICDAMAGEMATERIAL.OBJ
C:\OPENSEES2.4.0\WIN32\OBJ\MATERIAL\DEBUG\PLASTICDAMAGEMATERIAL.SBR
C:\OPENSEES2.4.0\WIN32\OBJ\MATERIAL\DEBUG\PLASTICHARDENING2D.OBJ
C:\OPENSEES2.4.0\WIN32\OBJ\MATERIAL\DEBUG\PLASTICHARDENING2D.SBR
C:\OPENSEES2.4.0\WIN32\OBJ\MATERIAL\DEBUG\PLASTICHARDENINGMATERIAL.OBJ
C:\OPENSEES2.4.0\WIN32\OBJ\MATERIAL\DEBUG\PLASTICHARDENINGMATERIAL.SBR
C:\OPENSEES2.4.0\WIN32\OBJ\MATERIAL\DEBUG\PLATEFIBERMATERIAL.OBJ
C:\OPENSEES2.4.0\WIN32\OBJ\MATERIAL\DEBUG\PLATEFIBERMATERIAL.SBR
C:\OPENSEES2.4.0\WIN32\OBJ\MATERIAL\DEBUG\PRESSUREDEPENDENTELASTIC3D.OBJ
C:\OPENSEES2.4.0\WIN32\OBJ\MATERIAL\DEBUG\PRESSUREDEPENDENTELASTIC3D.SBR
C:\OPENSEES2.4.0\WIN32\OBJ\MATERIAL\DEBUG\PRESSUREDEPENDMULTIYIELD.OBJ
C:\OPENSEES2.4.0\WIN32\OBJ\MATERIAL\DEBUG\PRESSUREDEPENDMULTIYIELD.SBR
C:\OPENSEES2.4.0\WIN32\OBJ\MATERIAL\DEBUG\PRESSUREDEPENDMULTIYIELD02.OBJ
C:\OPENSEES2.4.0\WIN32\OBJ\MATERIAL\DEBUG\PRESSUREDEPENDMULTIYIELD02.SBR
C:\OPENSEES2.4.0\WIN32\OBJ\MATERIAL\DEBUG\PRESSUREINDEPENDMULTIYIELD.OBJ
C:\OPENSEES2.4.0\WIN32\OBJ\MATERIAL\DEBUG\PRESSUREINDEPENDMULTIYIELD.SBR
C:\OPENSEES2.4.0\WIN32\OBJ\MATERIAL\DEBUG\PRESTRESSEDCONCRETEPLANESTRESS.OBJ
C:\OPENSEES2.4.0\WIN32\OBJ\MATERIAL\DEBUG\PRESTRESSEDCONCRETEPLANESTRESS.SBR
C:\OPENSEES2.4.0\WIN32\OBJ\MATERIAL\DEBUG\PYLIQ1.OBJ
C:\OPENSEES2.4.0\WIN32\OBJ\MATERIAL\DEBUG\PYLIQ1.SBR
C:\OPENSEES2.4.0\WIN32\OBJ\MATERIAL\DEBUG\PYSIMPLE1.OBJ
C:\OPENSEES2.4.0\WIN32\OBJ\MATERIAL\DEBUG\PYSIMPLE1.SBR
C:\OPENSEES2.4.0\WIN32\OBJ\MATERIAL\DEBUG\PYSIMPLE1GEN.OBJ
C:\OPENSEES2.4.0\WIN32\OBJ\MATERIAL\DEBUG\PYSIMPLE1GEN.SBR
C:\OPENSEES2.4.0\WIN32\OBJ\MATERIAL\DEBUG\PYSIMPLE2.OBJ
C:\OPENSEES2.4.0\WIN32\OBJ\MATERIAL\DEBUG\PYSIMPLE2.SBR
C:\OPENSEES2.4.0\WIN32\OBJ\MATERIAL\DEBUG\PYUCLA.OBJ
C:\OPENSEES2.4.0\WIN32\OBJ\MATERIAL\DEBUG\PYUCLA.SBR
C:\OPENSEES2.4.0\WIN32\OBJ\MATERIAL\DEBUG\QUADCELL.OBJ
C:\OPENSEES2.4.0\WIN32\OBJ\MATERIAL\DEBUG\QUADCELL.SBR
C:\OPENSEES2.4.0\WIN32\OBJ\MATERIAL\DEBUG\QUADPATCH.OBJ
C:\OPENSEES2.4.0\WIN32\OBJ\MATERIAL\DEBUG\QUADPATCH.SBR
C:\OPENSEES2.4.0\WIN32\OBJ\MATERIAL\DEBUG\QZSIMPLE1.OBJ
C:\OPENSEES2.4.0\WIN32\OBJ\MATERIAL\DEBUG\QZSIMPLE1.SBR
C:\OPENSEES2.4.0\WIN32\OBJ\MATERIAL\DEBUG\QZSIMPLE2.OBJ
C:\OPENSEES2.4.0\WIN32\OBJ\MATERIAL\DEBUG\QZSIMPLE2.SBR
C:\OPENSEES2.4.0\WIN32\OBJ\MATERIAL\DEBUG\RAFOURSTEELPCPLANESTRESS.OBJ
C:\OPENSEES2.4.0\WIN32\OBJ\MATERIAL\DEBUG\RAFOURSTEELPCPLANESTRESS.SBR
C:\OPENSEES2.4.0\WIN32\OBJ\MATERIAL\DEBUG\RAFOURSTEELRCPLANESTRESS.OBJ
C:\OPENSEES2.4.0\WIN32\OBJ\MATERIAL\DEBUG\RAFOURSTEELRCPLANESTRESS.SBR
C:\OPENSEES2.4.0\WIN32\OBJ\MATERIAL\DEBUG\RAMBERGOSGOODSTEEL.OBJ
C:\OPENSEES2.4.0\WIN32\OBJ\MATERIAL\DEBUG\RAMBERGOSGOODSTEEL.SBR
C:\OPENSEES2.4.0\WIN32\OBJ\MATERIAL\DEBUG\RAYNORBACKBONE.OBJ
C:\OPENSEES2.4.0\WIN32\OBJ\MATERIAL\DEBUG\RAYNORBACKBONE.SBR
C:\OPENSEES2.4.0\WIN32\OBJ\MATERIAL\DEBUG\RCSECTIONINTEGRATION.OBJ
C:\OPENSEES2.4.0\WIN32\OBJ\MATERIAL\DEBUG\RCSECTIONINTEGRATION.SBR
C:\OPENSEES2.4.0\WIN32\OBJ\MATERIAL\DEBUG\RCTBEAMSECTIONINTEGRATION.OBJ
C:\OPENSEES2.4.0\WIN32\OBJ\MATERIAL\DEBUG\RCTBEAMSECTIONINTEGRATION.SBR
C:\OPENSEES2.4.0\WIN32\OBJ\MATERIAL\DEBUG\REESESANDBACKBONE.OBJ
C:\OPENSEES2.4.0\WIN32\OBJ\MATERIAL\DEBUG\REESESANDBACKBONE.SBR
C:\OPENSEES2.4.0\WIN32\OBJ\MATERIAL\DEBUG\REESESOFTCLAYBACKBONE.OBJ
C:\OPENSEES2.4.0\WIN32\OBJ\MATERIAL\DEBUG\REESESOFTCLAYBACKBONE.SBR
C:\OPENSEES2.4.0\WIN32\OBJ\MATERIAL\DEBUG\REESESTIFFCLAYBELOWWS.OBJ
C:\OPENSEES2.4.0\WIN32\OBJ\MATERIAL\DEBUG\REESESTIFFCLAYBELOWWS.SBR
C:\OPENSEES2.4.0\WIN32\OBJ\MATERIAL\DEBUG\REINFBAR.OBJ
C:\OPENSEES2.4.0\WIN32\OBJ\MATERIAL\DEBUG\REINFBAR.SBR
C:\OPENSEES2.4.0\WIN32\OBJ\MATERIAL\DEBUG\REINFLAYER.OBJ
C:\OPENSEES2.4.0\WIN32\OBJ\MATERIAL\DEBUG\REINFLAYER.SBR
C:\OPENSEES2.4.0\WIN32\OBJ\MATERIAL\DEBUG\REINFORCEDCONCRETEPLANESTRESS.OBJ
C:\OPENSEES2.4.0\WIN32\OBJ\MATERIAL\DEBUG\REINFORCEDCONCRETEPLANESTRESS.SBR
C:\OPENSEES2.4.0\WIN32\OBJ\MATERIAL\DEBUG\REINFORCINGSTEEL.OBJ
C:\OPENSEES2.4.0\WIN32\OBJ\MATERIAL\DEBUG\REINFORCINGSTEEL.SBR
C:\OPENSEES2.4.0\WIN32\OBJ\MATERIAL\DEBUG\SAWSMATERIAL.OBJ
C:\OPENSEES2.4.0\WIN32\OBJ\MATERIAL\DEBUG\SAWSMATERIAL.SBR
C:\OPENSEES2.4.0\WIN32\OBJ\MATERIAL\DEBUG\SECTIONAGGREGATOR.OBJ
C:\OPENSEES2.4.0\WIN32\OBJ\MATERIAL\DEBUG\SECTIONAGGREGATOR.SBR
C:\OPENSEES2.4.0\WIN32\OBJ\MATERIAL\DEBUG\SECTIONFORCEDEFORMATION.OBJ
C:\OPENSEES2.4.0\WIN32\OBJ\MATERIAL\DEBUG\SECTIONFORCEDEFORMATION.SBR
C:\OPENSEES2.4.0\WIN32\OBJ\MATERIAL\DEBUG\SECTIONINTEGRATION.OBJ
C:\OPENSEES2.4.0\WIN32\OBJ\MATERIAL\DEBUG\SECTIONINTEGRATION.SBR
C:\OPENSEES2.4.0\WIN32\OBJ\MATERIAL\DEBUG\SECTIONREPRES.OBJ
C:\OPENSEES2.4.0\WIN32\OBJ\MATERIAL\DEBUG\SECTIONREPRES.SBR
C:\OPENSEES2.4.0\WIN32\OBJ\MATERIAL\DEBUG\SELFCENTERINGMATERIAL.OBJ
C:\OPENSEES2.4.0\WIN32\OBJ\MATERIAL\DEBUG\SELFCENTERINGMATERIAL.SBR
C:\OPENSEES2.4.0\WIN32\OBJ\MATERIAL\DEBUG\SERIESMATERIAL.OBJ
C:\OPENSEES2.4.0\WIN32\OBJ\MATERIAL\DEBUG\SERIESMATERIAL.SBR
C:\OPENSEES2.4.0\WIN32\OBJ\MATERIAL\DEBUG\SHALLOWFOUNDATIONGEN.OBJ
C:\OPENSEES2.4.0\WIN32\OBJ\MATERIAL\DEBUG\SHALLOWFOUNDATIONGEN.SBR
C:\OPENSEES2.4.0\WIN32\OBJ\MATERIAL\DEBUG\SHEARCURVE.OBJ
C:\OPENSEES2.4.0\WIN32\OBJ\MATERIAL\DEBUG\SHEARCURVE.SBR
C:\OPENSEES2.4.0\WIN32\OBJ\MATERIAL\DEBUG\SHEARPANELMATERIAL.OBJ
C:\OPENSEES2.4.0\WIN32\OBJ\MATERIAL\DEBUG\SHEARPANELMATERIAL.SBR
C:\OPENSEES2.4.0\WIN32\OBJ\MATERIAL\DEBUG\SMOOTHPSCONCRETE.OBJ
C:\OPENSEES2.4.0\WIN32\OBJ\MATERIAL\DEBUG\SMOOTHPSCONCRETE.SBR
C:\OPENSEES2.4.0\WIN32\OBJ\MATERIAL\DEBUG\SOILFOOTINGSECTION2D.OBJ
C:\OPENSEES2.4.0\WIN32\OBJ\MATERIAL\DEBUG\SOILFOOTINGSECTION2D.SBR
C:\OPENSEES2.4.0\WIN32\OBJ\MATERIAL\DEBUG\STEEL01.OBJ
C:\OPENSEES2.4.0\WIN32\OBJ\MATERIAL\DEBUG\STEEL01.SBR
C:\OPENSEES2.4.0\WIN32\OBJ\MATERIAL\DEBUG\STEEL01THERMAL.OBJ
C:\OPENSEES2.4.0\WIN32\OBJ\MATERIAL\DEBUG\STEEL01THERMAL.SBR
C:\OPENSEES2.4.0\WIN32\OBJ\MATERIAL\DEBUG\STEEL02.OBJ
C:\OPENSEES2.4.0\WIN32\OBJ\MATERIAL\DEBUG\STEEL02.SBR
C:\OPENSEES2.4.0\WIN32\OBJ\MATERIAL\DEBUG\STEEL02THERMAL.OBJ
C:\OPENSEES2.4.0\WIN32\OBJ\MATERIAL\DEBUG\STEEL02THERMAL.SBR
C:\OPENSEES2.4.0\WIN32\OBJ\MATERIAL\DEBUG\STEEL03.OBJ
C:\OPENSEES2.4.0\WIN32\OBJ\MATERIAL\DEBUG\STEEL03.SBR
C:\OPENSEES2.4.0\WIN32\OBJ\MATERIAL\DEBUG\STEELMP.OBJ
C:\OPENSEES2.4.0\WIN32\OBJ\MATERIAL\DEBUG\STEELMP.SBR
C:\OPENSEES2.4.0\WIN32\OBJ\MATERIAL\DEBUG\STEELZ01.OBJ
C:\OPENSEES2.4.0\WIN32\OBJ\MATERIAL\DEBUG\STEELZ01.SBR
C:\OPENSEES2.4.0\WIN32\OBJ\MATERIAL\DEBUG\STRAIGHTREINFLAYER.OBJ
C:\OPENSEES2.4.0\WIN32\OBJ\MATERIAL\DEBUG\STRAIGHTREINFLAYER.SBR
C:\OPENSEES2.4.0\WIN32\OBJ\MATERIAL\DEBUG\T2VECTOR.OBJ
C:\OPENSEES2.4.0\WIN32\OBJ\MATERIAL\DEBUG\T2VECTOR.SBR
C:\OPENSEES2.4.0\WIN32\OBJ\MATERIAL\DEBUG\TAPEREDFIBERSECTIONSMOOTHING3D.OBJ
C:\OPENSEES2.4.0\WIN32\OBJ\MATERIAL\DEBUG\TAPEREDFIBERSECTIONSMOOTHING3D.SBR
C:\OPENSEES2.4.0\WIN32\OBJ\MATERIAL\DEBUG\TCLDRAINMATERIALCOMMAND.OBJ
C:\OPENSEES2.4.0\WIN32\OBJ\MATERIAL\DEBUG\TCLDRAINMATERIALCOMMAND.SBR
C:\OPENSEES2.4.0\WIN32\OBJ\MATERIAL\DEBUG\TCLFEAPMATERIALCOMMAND.OBJ
C:\OPENSEES2.4.0\WIN32\OBJ\MATERIAL\DEBUG\TCLFEAPMATERIALCOMMAND.SBR
C:\OPENSEES2.4.0\WIN32\OBJ\MATERIAL\DEBUG\TCLFEDEASMATERIALCOMMAND.OBJ
C:\OPENSEES2.4.0\WIN32\OBJ\MATERIAL\DEBUG\TCLFEDEASMATERIALCOMMAND.SBR
C:\OPENSEES2.4.0\WIN32\OBJ\MATERIAL\DEBUG\TCLHYPERBOLICGAPMATERIAL.OBJ
C:\OPENSEES2.4.0\WIN32\OBJ\MATERIAL\DEBUG\TCLHYPERBOLICGAPMATERIAL.SBR
C:\OPENSEES2.4.0\WIN32\OBJ\MATERIAL\DEBUG\TCLLIMITSTATE.OBJ
C:\OPENSEES2.4.0\WIN32\OBJ\MATERIAL\DEBUG\TCLLIMITSTATE.SBR
C:\OPENSEES2.4.0\WIN32\OBJ\MATERIAL\DEBUG\TCLMODELBUILDERBACKBONECOMMAND.OBJ
C:\OPENSEES2.4.0\WIN32\OBJ\MATERIAL\DEBUG\TCLMODELBUILDERBACKBONECOMMAND.SBR
C:\OPENSEES2.4.0\WIN32\OBJ\MATERIAL\DEBUG\TCLMODELBUILDERNDMATERIALCOMMAND.OBJ
C:\OPENSEES2.4.0\WIN32\OBJ\MATERIAL\DEBUG\TCLMODELBUILDERNDMATERIALCOMMAND.SBR
C:\OPENSEES2.4.0\WIN32\OBJ\MATERIAL\DEBUG\TCLMODELBUILDERSECTIONCOMMAND.OBJ
C:\OPENSEES2.4.0\WIN32\OBJ\MATERIAL\DEBUG\TCLMODELBUILDERSECTIONCOMMAND.SBR
C:\OPENSEES2.4.0\WIN32\OBJ\MATERIAL\DEBUG\TCLMODELBUILDERUNIAXIALMATERIALCOMMAND.OBJ
C:\OPENSEES2.4.0\WIN32\OBJ\MATERIAL\DEBUG\TCLMODELBUILDERUNIAXIALMATERIALCOMMAND.SBR
C:\OPENSEES2.4.0\WIN32\OBJ\MATERIAL\DEBUG\TCLMODELBUILDERYIELDSURFACEBCCOMMAND.OBJ
C:\OPENSEES2.4.0\WIN32\OBJ\MATERIAL\DEBUG\TCLMODELBUILDERYIELDSURFACEBCCOMMAND.SBR
C:\OPENSEES2.4.0\WIN32\OBJ\MATERIAL\DEBUG\TCLMODELBUILDERYS_EVOLUTIONCOMMAND.OBJ
C:\OPENSEES2.4.0\WIN32\OBJ\MATERIAL\DEBUG\TCLMODELBUILDERYS_EVOLUTIONCOMMAND.SBR
C:\OPENSEES2.4.0\WIN32\OBJ\MATERIAL\DEBUG\TCLMODELBUILDERYS_SECTIONCOMMAND.OBJ
C:\OPENSEES2.4.0\WIN32\OBJ\MATERIAL\DEBUG\TCLMODELBUILDERYS_SECTIONCOMMAND.SBR
C:\OPENSEES2.4.0\WIN32\OBJ\MATERIAL\DEBUG\TCLMODELBUILDERYSPLASTICMATERIALCOMMAND.OBJ
C:\OPENSEES2.4.0\WIN32\OBJ\MATERIAL\DEBUG\TCLMODELBUILDERYSPLASTICMATERIALCOMMAND.SBR
C:\OPENSEES2.4.0\WIN32\OBJ\MATERIAL\DEBUG\TCLPYTZQZMATERIALCOMMAND.OBJ
C:\OPENSEES2.4.0\WIN32\OBJ\MATERIAL\DEBUG\TCLPYTZQZMATERIALCOMMAND.SBR
C:\OPENSEES2.4.0\WIN32\OBJ\MATERIAL\DEBUG\TCLREINFORCINGSTEEL.OBJ
C:\OPENSEES2.4.0\WIN32\OBJ\MATERIAL\DEBUG\TCLREINFORCINGSTEEL.SBR
C:\OPENSEES2.4.0\WIN32\OBJ\MATERIAL\DEBUG\TCLSNAPMATERIALCOMMAND.OBJ
C:\OPENSEES2.4.0\WIN32\OBJ\MATERIAL\DEBUG\TCLSNAPMATERIALCOMMAND.SBR
C:\OPENSEES2.4.0\WIN32\OBJ\MATERIAL\DEBUG\TCLUPDATEMATERIALSTAGECOMMAND.OBJ
C:\OPENSEES2.4.0\WIN32\OBJ\MATERIAL\DEBUG\TCLUPDATEMATERIALSTAGECOMMAND.SBR
C:\OPENSEES2.4.0\WIN32\OBJ\MATERIAL\DEBUG\TENDONL01.OBJ
C:\OPENSEES2.4.0\WIN32\OBJ\MATERIAL\DEBUG\TENDONL01.SBR
C:\OPENSEES2.4.0\WIN32\OBJ\MATERIAL\DEBUG\THREEPOINTCURVE.OBJ
C:\OPENSEES2.4.0\WIN32\OBJ\MATERIAL\DEBUG\THREEPOINTCURVE.SBR
C:\OPENSEES2.4.0\WIN32\OBJ\MATERIAL\DEBUG\TRILINEARBACKBONE.OBJ
C:\OPENSEES2.4.0\WIN32\OBJ\MATERIAL\DEBUG\TRILINEARBACKBONE.SBR
C:\OPENSEES2.4.0\WIN32\OBJ\MATERIAL\DEBUG\TZLIQ1.OBJ
C:\OPENSEES2.4.0\WIN32\OBJ\MATERIAL\DEBUG\TZLIQ1.SBR
C:\OPENSEES2.4.0\WIN32\OBJ\MATERIAL\DEBUG\TZSIMPLE1.OBJ
C:\OPENSEES2.4.0\WIN32\OBJ\MATERIAL\DEBUG\TZSIMPLE1.SBR
C:\OPENSEES2.4.0\WIN32\OBJ\MATERIAL\DEBUG\TZSIMPLE1GEN.OBJ
C:\OPENSEES2.4.0\WIN32\OBJ\MATERIAL\DEBUG\TZSIMPLE1GEN.SBR
C:\OPENSEES2.4.0\WIN32\OBJ\MATERIAL\DEBUG\TZSIMPLE2.OBJ
C:\OPENSEES2.4.0\WIN32\OBJ\MATERIAL\DEBUG\TZSIMPLE2.SBR
C:\OPENSEES2.4.0\WIN32\OBJ\MATERIAL\DEBUG\UNIAXIALFIBER2D.OBJ
C:\OPENSEES2.4.0\WIN32\OBJ\MATERIAL\DEBUG\UNIAXIALFIBER2D.SBR
C:\OPENSEES2.4.0\WIN32\OBJ\MATERIAL\DEBUG\UNIAXIALFIBER3D.OBJ
C:\OPENSEES2.4.0\WIN32\OBJ\MATERIAL\DEBUG\UNIAXIALFIBER3D.SBR
C:\OPENSEES2.4.0\WIN32\OBJ\MATERIAL\DEBUG\UNIAXIALJ2PLASTICITY.OBJ
C:\OPENSEES2.4.0\WIN32\OBJ\MATERIAL\DEBUG\UNIAXIALJ2PLASTICITY.SBR
C:\OPENSEES2.4.0\WIN32\OBJ\MATERIAL\DEBUG\UNIAXIALMATERIAL.OBJ
C:\OPENSEES2.4.0\WIN32\OBJ\MATERIAL\DEBUG\UNIAXIALMATERIAL.SBR
C:\OpenSees2.4.0\Win32\obj\material\debug\vc100.idb
C:\OPENSEES2.4.0\WIN32\OBJ\MATERIAL\DEBUG\VC100.PDB
C:\OPENSEES2.4.0\WIN32\OBJ\MATERIAL\DEBUG\VISCOUSMATERIAL.OBJ
C:\OPENSEES2.4.0\WIN32\OBJ\MATERIAL\DEBUG\VISCOUSMATERIAL.SBR
C:\OPENSEES2.4.0\WIN32\OBJ\MATERIAL\DEBUG\WIDEFLANGESECTIONINTEGRATION.OBJ
C:\OPENSEES2.4.0\WIN32\OBJ\MATERIAL\DEBUG\WIDEFLANGESECTIONINTEGRATION.SBR
C:\OPENSEES2.4.0\WIN32\OBJ\MATERIAL\DEBUG\WRAPPERNDMATERIAL.OBJ
C:\OPENSEES2.4.0\WIN32\OBJ\MATERIAL\DEBUG\WRAPPERNDMATERIAL.SBR
C:\OPENSEES2.4.0\WIN32\OBJ\MATERIAL\DEBUG\WRAPPERUNIAXIALMATERIAL.OBJ
C:\OPENSEES2.4.0\WIN32\OBJ\MATERIAL\DEBUG\WRAPPERUNIAXIALMATERIAL.SBR
C:\OPENSEES2.4.0\WIN32\OBJ\MATERIAL\DEBUG\YIELDSURFACE_BC.OBJ
C:\OPENSEES2.4.0\WIN32\OBJ\MATERIAL\DEBUG\YIELDSURFACE_BC.SBR
C:\OPENSEES2.4.0\WIN32\OBJ\MATERIAL\DEBUG\YIELDSURFACE_BC2D.OBJ
C:\OPENSEES2.4.0\WIN32\OBJ\MATERIAL\DEBUG\YIELDSURFACE_BC2D.SBR
C:\OPENSEES2.4.0\WIN32\OBJ\MATERIAL\DEBUG\YIELDSURFACESECTION2D.OBJ
C:\OPENSEES2.4.0\WIN32\OBJ\MATERIAL\DEBUG\YIELDSURFACESECTION2D.SBR
C:\OPENSEES2.4.0\WIN32\OBJ\MATERIAL\DEBUG\YS_EVOLUTION.OBJ
C:\OPENSEES2.4.0\WIN32\OBJ\MATERIAL\DEBUG\YS_EVOLUTION.SBR
C:\OPENSEES2.4.0\WIN32\OBJ\MATERIAL\DEBUG\YS_EVOLUTION2D.OBJ
C:\OPENSEES2.4.0\WIN32\OBJ\MATERIAL\DEBUG\YS_EVOLUTION2D.SBR
C:\OPENSEES2.4.0\WIN32\OBJ\MATERIAL\DEBUG\YS_SECTION2D01.OBJ
C:\OPENSEES2.4.0\WIN32\OBJ\MATERIAL\DEBUG\YS_SECTION2D01.SBR
C:\OPENSEES2.4.0\WIN32\OBJ\MATERIAL\DEBUG\YS_SECTION2D02.OBJ
C:\OPENSEES2.4.0\WIN32\OBJ\MATERIAL\DEBUG\YS_SECTION2D02.SBR
C:\OpenSees2.4.0\Win32\proj\material\.\..\..\lib\debug\material.lib
