.\..\..\lib\debug\database.bsc
C:\OPENSEES2.4.0\WIN32\LIB\DEBUG\DATABASE.BSC
C:\OPENSEES2.4.0\WIN32\LIB\DEBUG\DATABASE.LIB
C:\OpenSees2.4.0\Win32\obj\database\debug\BscMake.command.1.tlog
C:\OpenSees2.4.0\Win32\obj\database\debug\bscmake.read.1.tlog
C:\OpenSees2.4.0\Win32\obj\database\debug\bscmake.write.1.tlog
C:\OpenSees2.4.0\Win32\obj\database\debug\cl.command.1.tlog
C:\OpenSees2.4.0\Win32\obj\database\debug\CL.read.1.tlog
C:\OpenSees2.4.0\Win32\obj\database\debug\CL.write.1.tlog
C:\OPENSEES2.4.0\WIN32\OBJ\DATABASE\DEBUG\FE_DATASTORE.OBJ
C:\OPENSEES2.4.0\WIN32\OBJ\DATABASE\DEBUG\FE_DATASTORE.SBR
C:\OPENSEES2.4.0\WIN32\OBJ\DATABASE\DEBUG\FILEDATASTORE.OBJ
C:\OPENSEES2.4.0\WIN32\OBJ\DATABASE\DEBUG\FILEDATASTORE.SBR
C:\OpenSees2.4.0\Win32\obj\database\debug\lib.command.1.tlog
C:\OpenSees2.4.0\Win32\obj\database\debug\Lib-link.read.1.tlog
C:\OpenSees2.4.0\Win32\obj\database\debug\Lib-link.write.1.tlog
C:\OPENSEES2.4.0\WIN32\OBJ\DATABASE\DEBUG\NEESDATA.OBJ
C:\OPENSEES2.4.0\WIN32\OBJ\DATABASE\DEBUG\NEESDATA.SBR
C:\OPENSEES2.4.0\WIN32\OBJ\DATABASE\DEBUG\TCLDATABASECOMMANDS.OBJ
C:\OPENSEES2.4.0\WIN32\OBJ\DATABASE\DEBUG\TCLDATABASECOMMANDS.SBR
C:\OpenSees2.4.0\Win32\obj\database\debug\vc100.idb
C:\OPENSEES2.4.0\WIN32\OBJ\DATABASE\DEBUG\VC100.PDB
C:\OpenSees2.4.0\Win32\proj\database\.\..\..\lib\debug\database.lib
