.\..\..\lib\debug\element.bsc
C:\OPENSEES2.4.0\WIN32\LIB\DEBUG\ELEMENT.BSC
C:\OPENSEES2.4.0\WIN32\LIB\DEBUG\ELEMENT.LIB
C:\OPENSEES2.4.0\WIN32\OBJ\ELEMENT\DEBUG\ACTUATOR.OBJ
C:\OPENSEES2.4.0\WIN32\OBJ\ELEMENT\DEBUG\ACTUATOR.SBR
C:\OPENSEES2.4.0\WIN32\OBJ\ELEMENT\DEBUG\ACTUATORCOROT.OBJ
C:\OPENSEES2.4.0\WIN32\OBJ\ELEMENT\DEBUG\ACTUATORCOROT.SBR
C:\OPENSEES2.4.0\WIN32\OBJ\ELEMENT\DEBUG\ADAPTER.OBJ
C:\OPENSEES2.4.0\WIN32\OBJ\ELEMENT\DEBUG\ADAPTER.SBR
C:\OPENSEES2.4.0\WIN32\OBJ\ELEMENT\DEBUG\BBARBRICK.OBJ
C:\OPENSEES2.4.0\WIN32\OBJ\ELEMENT\DEBUG\BBARBRICK.SBR
C:\OPENSEES2.4.0\WIN32\OBJ\ELEMENT\DEBUG\BBARBRICKUP.OBJ
C:\OPENSEES2.4.0\WIN32\OBJ\ELEMENT\DEBUG\BBARBRICKUP.SBR
C:\OPENSEES2.4.0\WIN32\OBJ\ELEMENT\DEBUG\BBARBRICKWITHSENSITIVITY.OBJ
C:\OPENSEES2.4.0\WIN32\OBJ\ELEMENT\DEBUG\BBARBRICKWITHSENSITIVITY.SBR
C:\OPENSEES2.4.0\WIN32\OBJ\ELEMENT\DEBUG\BBARFOURNODEQUADUP.OBJ
C:\OPENSEES2.4.0\WIN32\OBJ\ELEMENT\DEBUG\BBARFOURNODEQUADUP.SBR
C:\OPENSEES2.4.0\WIN32\OBJ\ELEMENT\DEBUG\BEAMCOLUMNJOINT2D.OBJ
C:\OPENSEES2.4.0\WIN32\OBJ\ELEMENT\DEBUG\BEAMCOLUMNJOINT2D.SBR
C:\OPENSEES2.4.0\WIN32\OBJ\ELEMENT\DEBUG\BEAMCOLUMNJOINT3D.OBJ
C:\OPENSEES2.4.0\WIN32\OBJ\ELEMENT\DEBUG\BEAMCOLUMNJOINT3D.SBR
C:\OPENSEES2.4.0\WIN32\OBJ\ELEMENT\DEBUG\BEAMCONTACT2D.OBJ
C:\OPENSEES2.4.0\WIN32\OBJ\ELEMENT\DEBUG\BEAMCONTACT2D.SBR
C:\OPENSEES2.4.0\WIN32\OBJ\ELEMENT\DEBUG\BEAMCONTACT2DP.OBJ
C:\OPENSEES2.4.0\WIN32\OBJ\ELEMENT\DEBUG\BEAMCONTACT2DP.SBR
C:\OPENSEES2.4.0\WIN32\OBJ\ELEMENT\DEBUG\BEAMCONTACT3D.OBJ
C:\OPENSEES2.4.0\WIN32\OBJ\ELEMENT\DEBUG\BEAMCONTACT3D.SBR
C:\OPENSEES2.4.0\WIN32\OBJ\ELEMENT\DEBUG\BEAMCONTACT3DP.OBJ
C:\OPENSEES2.4.0\WIN32\OBJ\ELEMENT\DEBUG\BEAMCONTACT3DP.SBR
C:\OPENSEES2.4.0\WIN32\OBJ\ELEMENT\DEBUG\BEAMENDCONTACT3D.OBJ
C:\OPENSEES2.4.0\WIN32\OBJ\ELEMENT\DEBUG\BEAMENDCONTACT3D.SBR
C:\OPENSEES2.4.0\WIN32\OBJ\ELEMENT\DEBUG\BEAMENDCONTACT3DP.OBJ
C:\OPENSEES2.4.0\WIN32\OBJ\ELEMENT\DEBUG\BEAMENDCONTACT3DP.SBR
C:\OPENSEES2.4.0\WIN32\OBJ\ELEMENT\DEBUG\BEAMINTEGRATION.OBJ
C:\OPENSEES2.4.0\WIN32\OBJ\ELEMENT\DEBUG\BEAMINTEGRATION.SBR
C:\OPENSEES2.4.0\WIN32\OBJ\ELEMENT\DEBUG\BILINEARCYCLIC.OBJ
C:\OPENSEES2.4.0\WIN32\OBJ\ELEMENT\DEBUG\BILINEARCYCLIC.SBR
C:\OPENSEES2.4.0\WIN32\OBJ\ELEMENT\DEBUG\BRICK.OBJ
C:\OPENSEES2.4.0\WIN32\OBJ\ELEMENT\DEBUG\BRICK.SBR
C:\OPENSEES2.4.0\WIN32\OBJ\ELEMENT\DEBUG\BRICK8FIBEROVERLAY.OBJ
C:\OPENSEES2.4.0\WIN32\OBJ\ELEMENT\DEBUG\BRICK8FIBEROVERLAY.SBR
C:\OPENSEES2.4.0\WIN32\OBJ\ELEMENT\DEBUG\BRICKUP.OBJ
C:\OPENSEES2.4.0\WIN32\OBJ\ELEMENT\DEBUG\BRICKUP.SBR
C:\OpenSees2.4.0\Win32\obj\element\debug\BscMake.command.1.tlog
C:\OpenSees2.4.0\Win32\obj\element\debug\bscmake.read.1.tlog
C:\OpenSees2.4.0\Win32\obj\element\debug\bscmake.write.1.tlog
C:\OpenSees2.4.0\Win32\obj\element\debug\cl.command.1.tlog
C:\OpenSees2.4.0\Win32\obj\element\debug\CL.read.1.tlog
C:\OpenSees2.4.0\Win32\obj\element\debug\CL.write.1.tlog
C:\OPENSEES2.4.0\WIN32\OBJ\ELEMENT\DEBUG\CONSTANTPRESSUREVOLUMEQUAD.OBJ
C:\OPENSEES2.4.0\WIN32\OBJ\ELEMENT\DEBUG\CONSTANTPRESSUREVOLUMEQUAD.SBR
C:\OPENSEES2.4.0\WIN32\OBJ\ELEMENT\DEBUG\COROTCRDTRANSF2D.OBJ
C:\OPENSEES2.4.0\WIN32\OBJ\ELEMENT\DEBUG\COROTCRDTRANSF2D.SBR
C:\OPENSEES2.4.0\WIN32\OBJ\ELEMENT\DEBUG\COROTCRDTRANSF3D.OBJ
C:\OPENSEES2.4.0\WIN32\OBJ\ELEMENT\DEBUG\COROTCRDTRANSF3D.SBR
C:\OPENSEES2.4.0\WIN32\OBJ\ELEMENT\DEBUG\COROTCRDTRANSF3D22.OBJ
C:\OPENSEES2.4.0\WIN32\OBJ\ELEMENT\DEBUG\COROTCRDTRANSF3D22.SBR
C:\OPENSEES2.4.0\WIN32\OBJ\ELEMENT\DEBUG\COROTTRUSS.OBJ
C:\OPENSEES2.4.0\WIN32\OBJ\ELEMENT\DEBUG\COROTTRUSS.SBR
C:\OPENSEES2.4.0\WIN32\OBJ\ELEMENT\DEBUG\COROTTRUSSSECTION.OBJ
C:\OPENSEES2.4.0\WIN32\OBJ\ELEMENT\DEBUG\COROTTRUSSSECTION.SBR
C:\OPENSEES2.4.0\WIN32\OBJ\ELEMENT\DEBUG\COULOMB.OBJ
C:\OPENSEES2.4.0\WIN32\OBJ\ELEMENT\DEBUG\COULOMB.SBR
C:\OPENSEES2.4.0\WIN32\OBJ\ELEMENT\DEBUG\COUPLEDZEROLENGTH.OBJ
C:\OPENSEES2.4.0\WIN32\OBJ\ELEMENT\DEBUG\COUPLEDZEROLENGTH.SBR
C:\OPENSEES2.4.0\WIN32\OBJ\ELEMENT\DEBUG\CRDTRANSF.OBJ
C:\OPENSEES2.4.0\WIN32\OBJ\ELEMENT\DEBUG\CRDTRANSF.SBR
C:\OPENSEES2.4.0\WIN32\OBJ\ELEMENT\DEBUG\CYCLICMODEL.OBJ
C:\OPENSEES2.4.0\WIN32\OBJ\ELEMENT\DEBUG\CYCLICMODEL.SBR
C:\OPENSEES2.4.0\WIN32\OBJ\ELEMENT\DEBUG\DISPBEAMCOLUMN2D.OBJ
C:\OPENSEES2.4.0\WIN32\OBJ\ELEMENT\DEBUG\DISPBEAMCOLUMN2D.SBR
C:\OPENSEES2.4.0\WIN32\OBJ\ELEMENT\DEBUG\DISPBEAMCOLUMN2DINT.OBJ
C:\OPENSEES2.4.0\WIN32\OBJ\ELEMENT\DEBUG\DISPBEAMCOLUMN2DINT.SBR
C:\OPENSEES2.4.0\WIN32\OBJ\ELEMENT\DEBUG\DISPBEAMCOLUMN2DTHERMAL.OBJ
C:\OPENSEES2.4.0\WIN32\OBJ\ELEMENT\DEBUG\DISPBEAMCOLUMN2DTHERMAL.SBR
C:\OPENSEES2.4.0\WIN32\OBJ\ELEMENT\DEBUG\DISPBEAMCOLUMN2DWITHSENSITIVITY.OBJ
C:\OPENSEES2.4.0\WIN32\OBJ\ELEMENT\DEBUG\DISPBEAMCOLUMN2DWITHSENSITIVITY.SBR
C:\OPENSEES2.4.0\WIN32\OBJ\ELEMENT\DEBUG\DISPBEAMCOLUMN3D.OBJ
C:\OPENSEES2.4.0\WIN32\OBJ\ELEMENT\DEBUG\DISPBEAMCOLUMN3D.SBR
C:\OPENSEES2.4.0\WIN32\OBJ\ELEMENT\DEBUG\DISPBEAMCOLUMN3DWITHSENSITIVITY.OBJ
C:\OPENSEES2.4.0\WIN32\OBJ\ELEMENT\DEBUG\DISPBEAMCOLUMN3DWITHSENSITIVITY.SBR
C:\OPENSEES2.4.0\WIN32\OBJ\ELEMENT\DEBUG\DISTHINGEINTEGRATION.OBJ
C:\OPENSEES2.4.0\WIN32\OBJ\ELEMENT\DEBUG\DISTHINGEINTEGRATION.SBR
C:\OPENSEES2.4.0\WIN32\OBJ\ELEMENT\DEBUG\ELASTIC2DGNL.OBJ
C:\OPENSEES2.4.0\WIN32\OBJ\ELEMENT\DEBUG\ELASTIC2DGNL.SBR
C:\OPENSEES2.4.0\WIN32\OBJ\ELEMENT\DEBUG\ELASTICBEAM2D.OBJ
C:\OPENSEES2.4.0\WIN32\OBJ\ELEMENT\DEBUG\ELASTICBEAM2D.SBR
C:\OPENSEES2.4.0\WIN32\OBJ\ELEMENT\DEBUG\ELASTICBEAM3D.OBJ
C:\OPENSEES2.4.0\WIN32\OBJ\ELEMENT\DEBUG\ELASTICBEAM3D.SBR
C:\OPENSEES2.4.0\WIN32\OBJ\ELEMENT\DEBUG\ELASTICFORCEBEAMCOLUMN2D.OBJ
C:\OPENSEES2.4.0\WIN32\OBJ\ELEMENT\DEBUG\ELASTICFORCEBEAMCOLUMN2D.SBR
C:\OPENSEES2.4.0\WIN32\OBJ\ELEMENT\DEBUG\ELASTICFORCEBEAMCOLUMN3D.OBJ
C:\OPENSEES2.4.0\WIN32\OBJ\ELEMENT\DEBUG\ELASTICFORCEBEAMCOLUMN3D.SBR
C:\OPENSEES2.4.0\WIN32\OBJ\ELEMENT\DEBUG\ELASTICTUBULARJOINT.OBJ
C:\OPENSEES2.4.0\WIN32\OBJ\ELEMENT\DEBUG\ELASTICTUBULARJOINT.SBR
C:\OPENSEES2.4.0\WIN32\OBJ\ELEMENT\DEBUG\ELASTOMERICBEARINGBOUCWEN2D.OBJ
C:\OPENSEES2.4.0\WIN32\OBJ\ELEMENT\DEBUG\ELASTOMERICBEARINGBOUCWEN2D.SBR
C:\OPENSEES2.4.0\WIN32\OBJ\ELEMENT\DEBUG\ELASTOMERICBEARINGBOUCWEN3D.OBJ
C:\OPENSEES2.4.0\WIN32\OBJ\ELEMENT\DEBUG\ELASTOMERICBEARINGBOUCWEN3D.SBR
C:\OPENSEES2.4.0\WIN32\OBJ\ELEMENT\DEBUG\ELASTOMERICBEARINGPLASTICITY2D.OBJ
C:\OPENSEES2.4.0\WIN32\OBJ\ELEMENT\DEBUG\ELASTOMERICBEARINGPLASTICITY2D.SBR
C:\OPENSEES2.4.0\WIN32\OBJ\ELEMENT\DEBUG\ELASTOMERICBEARINGPLASTICITY3D.OBJ
C:\OPENSEES2.4.0\WIN32\OBJ\ELEMENT\DEBUG\ELASTOMERICBEARINGPLASTICITY3D.SBR
C:\OPENSEES2.4.0\WIN32\OBJ\ELEMENT\DEBUG\ELEMENT.OBJ
C:\OPENSEES2.4.0\WIN32\OBJ\ELEMENT\DEBUG\ELEMENT.SBR
C:\OPENSEES2.4.0\WIN32\OBJ\ELEMENT\DEBUG\ELEMENTALLOAD.OBJ
C:\OPENSEES2.4.0\WIN32\OBJ\ELEMENT\DEBUG\ELEMENTALLOAD.SBR
C:\OPENSEES2.4.0\WIN32\OBJ\ELEMENT\DEBUG\ENHANCEDQUAD.OBJ
C:\OPENSEES2.4.0\WIN32\OBJ\ELEMENT\DEBUG\ENHANCEDQUAD.SBR
C:\OPENSEES2.4.0\WIN32\OBJ\ELEMENT\DEBUG\FELEMENT.OBJ
C:\OPENSEES2.4.0\WIN32\OBJ\ELEMENT\DEBUG\FELEMENT.SBR
C:\OPENSEES2.4.0\WIN32\OBJ\ELEMENT\DEBUG\FELMT02.OBJ
C:\OPENSEES2.4.0\WIN32\OBJ\ELEMENT\DEBUG\FELMT02.SBR
C:\OPENSEES2.4.0\WIN32\OBJ\ELEMENT\DEBUG\FIBERSECTION2DINT.OBJ
C:\OPENSEES2.4.0\WIN32\OBJ\ELEMENT\DEBUG\FIBERSECTION2DINT.SBR
C:\OPENSEES2.4.0\WIN32\OBJ\ELEMENT\DEBUG\FIXEDLOCATIONBEAMINTEGRATION.OBJ
C:\OPENSEES2.4.0\WIN32\OBJ\ELEMENT\DEBUG\FIXEDLOCATIONBEAMINTEGRATION.SBR
C:\OPENSEES2.4.0\WIN32\OBJ\ELEMENT\DEBUG\FLATSLIDERSIMPLE2D.OBJ
C:\OPENSEES2.4.0\WIN32\OBJ\ELEMENT\DEBUG\FLATSLIDERSIMPLE2D.SBR
C:\OPENSEES2.4.0\WIN32\OBJ\ELEMENT\DEBUG\FLATSLIDERSIMPLE3D.OBJ
C:\OPENSEES2.4.0\WIN32\OBJ\ELEMENT\DEBUG\FLATSLIDERSIMPLE3D.SBR
C:\OPENSEES2.4.0\WIN32\OBJ\ELEMENT\DEBUG\FORCEBEAMCOLUMN2D.OBJ
C:\OPENSEES2.4.0\WIN32\OBJ\ELEMENT\DEBUG\FORCEBEAMCOLUMN2D.SBR
C:\OPENSEES2.4.0\WIN32\OBJ\ELEMENT\DEBUG\FORCEBEAMCOLUMN3D.OBJ
C:\OPENSEES2.4.0\WIN32\OBJ\ELEMENT\DEBUG\FORCEBEAMCOLUMN3D.SBR
C:\OPENSEES2.4.0\WIN32\OBJ\ELEMENT\DEBUG\FOURNODEQUAD.OBJ
C:\OPENSEES2.4.0\WIN32\OBJ\ELEMENT\DEBUG\FOURNODEQUAD.SBR
C:\OPENSEES2.4.0\WIN32\OBJ\ELEMENT\DEBUG\FOURNODEQUAD3D.OBJ
C:\OPENSEES2.4.0\WIN32\OBJ\ELEMENT\DEBUG\FOURNODEQUAD3D.SBR
C:\OPENSEES2.4.0\WIN32\OBJ\ELEMENT\DEBUG\FOURNODEQUADUP.SBR
C:\OPENSEES2.4.0\WIN32\OBJ\ELEMENT\DEBUG\FOURNODEQUADUP1.OBJ
C:\OPENSEES2.4.0\WIN32\OBJ\ELEMENT\DEBUG\FOURNODEQUADWITHSENSITIVITY.OBJ
C:\OPENSEES2.4.0\WIN32\OBJ\ELEMENT\DEBUG\FOURNODEQUADWITHSENSITIVITY.SBR
C:\OPENSEES2.4.0\WIN32\OBJ\ELEMENT\DEBUG\FRICTIONMODEL.OBJ
C:\OPENSEES2.4.0\WIN32\OBJ\ELEMENT\DEBUG\FRICTIONMODEL.SBR
C:\OPENSEES2.4.0\WIN32\OBJ\ELEMENT\DEBUG\FRICTIONRESPONSE.OBJ
C:\OPENSEES2.4.0\WIN32\OBJ\ELEMENT\DEBUG\FRICTIONRESPONSE.SBR
C:\OPENSEES2.4.0\WIN32\OBJ\ELEMENT\DEBUG\GENERICCLIENT.OBJ
C:\OPENSEES2.4.0\WIN32\OBJ\ELEMENT\DEBUG\GENERICCLIENT.SBR
C:\OPENSEES2.4.0\WIN32\OBJ\ELEMENT\DEBUG\GENERICCOPY.OBJ
C:\OPENSEES2.4.0\WIN32\OBJ\ELEMENT\DEBUG\GENERICCOPY.SBR
C:\OPENSEES2.4.0\WIN32\OBJ\ELEMENT\DEBUG\HINGEENDPOINTBEAMINTEGRATION.OBJ
C:\OPENSEES2.4.0\WIN32\OBJ\ELEMENT\DEBUG\HINGEENDPOINTBEAMINTEGRATION.SBR
C:\OPENSEES2.4.0\WIN32\OBJ\ELEMENT\DEBUG\HINGEMIDPOINTBEAMINTEGRATION.OBJ
C:\OPENSEES2.4.0\WIN32\OBJ\ELEMENT\DEBUG\HINGEMIDPOINTBEAMINTEGRATION.SBR
C:\OPENSEES2.4.0\WIN32\OBJ\ELEMENT\DEBUG\HINGERADAUBEAMINTEGRATION.OBJ
C:\OPENSEES2.4.0\WIN32\OBJ\ELEMENT\DEBUG\HINGERADAUBEAMINTEGRATION.SBR
C:\OPENSEES2.4.0\WIN32\OBJ\ELEMENT\DEBUG\HINGERADAUTWOBEAMINTEGRATION.OBJ
C:\OPENSEES2.4.0\WIN32\OBJ\ELEMENT\DEBUG\HINGERADAUTWOBEAMINTEGRATION.SBR
C:\OPENSEES2.4.0\WIN32\OBJ\ELEMENT\DEBUG\INELASTIC2DYS01.OBJ
C:\OPENSEES2.4.0\WIN32\OBJ\ELEMENT\DEBUG\INELASTIC2DYS01.SBR
C:\OPENSEES2.4.0\WIN32\OBJ\ELEMENT\DEBUG\INELASTIC2DYS02.OBJ
C:\OPENSEES2.4.0\WIN32\OBJ\ELEMENT\DEBUG\INELASTIC2DYS02.SBR
C:\OPENSEES2.4.0\WIN32\OBJ\ELEMENT\DEBUG\INELASTIC2DYS03.OBJ
C:\OPENSEES2.4.0\WIN32\OBJ\ELEMENT\DEBUG\INELASTIC2DYS03.SBR
C:\OPENSEES2.4.0\WIN32\OBJ\ELEMENT\DEBUG\INELASTICYS2DGNL.OBJ
C:\OPENSEES2.4.0\WIN32\OBJ\ELEMENT\DEBUG\INELASTICYS2DGNL.SBR
C:\OPENSEES2.4.0\WIN32\OBJ\ELEMENT\DEBUG\INFORMATION.OBJ
C:\OPENSEES2.4.0\WIN32\OBJ\ELEMENT\DEBUG\INFORMATION.SBR
C:\OPENSEES2.4.0\WIN32\OBJ\ELEMENT\DEBUG\JOINT2D.OBJ
C:\OPENSEES2.4.0\WIN32\OBJ\ELEMENT\DEBUG\JOINT2D.SBR
C:\OPENSEES2.4.0\WIN32\OBJ\ELEMENT\DEBUG\JOINT3D.OBJ
C:\OPENSEES2.4.0\WIN32\OBJ\ELEMENT\DEBUG\JOINT3D.SBR
C:\OPENSEES2.4.0\WIN32\OBJ\ELEMENT\DEBUG\LEGENDREBEAMINTEGRATION.OBJ
C:\OPENSEES2.4.0\WIN32\OBJ\ELEMENT\DEBUG\LEGENDREBEAMINTEGRATION.SBR
C:\OpenSees2.4.0\Win32\obj\element\debug\lib.command.1.tlog
C:\OpenSees2.4.0\Win32\obj\element\debug\Lib-link.read.1.tlog
C:\OpenSees2.4.0\Win32\obj\element\debug\Lib-link.write.1.tlog
C:\OPENSEES2.4.0\WIN32\OBJ\ELEMENT\DEBUG\LINEARCRDTRANSF2D.OBJ
C:\OPENSEES2.4.0\WIN32\OBJ\ELEMENT\DEBUG\LINEARCRDTRANSF2D.SBR
C:\OPENSEES2.4.0\WIN32\OBJ\ELEMENT\DEBUG\LINEARCRDTRANSF2DINT.OBJ
C:\OPENSEES2.4.0\WIN32\OBJ\ELEMENT\DEBUG\LINEARCRDTRANSF2DINT.SBR
C:\OPENSEES2.4.0\WIN32\OBJ\ELEMENT\DEBUG\LINEARCRDTRANSF3D.OBJ
C:\OPENSEES2.4.0\WIN32\OBJ\ELEMENT\DEBUG\LINEARCRDTRANSF3D.SBR
C:\OPENSEES2.4.0\WIN32\OBJ\ELEMENT\DEBUG\LINEARCRDTRANSF3D14.OBJ
C:\OPENSEES2.4.0\WIN32\OBJ\ELEMENT\DEBUG\LINEARCRDTRANSF3D14.SBR
C:\OPENSEES2.4.0\WIN32\OBJ\ELEMENT\DEBUG\LINEARCYCLIC.OBJ
C:\OPENSEES2.4.0\WIN32\OBJ\ELEMENT\DEBUG\LINEARCYCLIC.SBR
C:\OPENSEES2.4.0\WIN32\OBJ\ELEMENT\DEBUG\LOBATTOBEAMINTEGRATION.OBJ
C:\OPENSEES2.4.0\WIN32\OBJ\ELEMENT\DEBUG\LOBATTOBEAMINTEGRATION.SBR
C:\OPENSEES2.4.0\WIN32\OBJ\ELEMENT\DEBUG\LOWORDERBEAMINTEGRATION.OBJ
C:\OPENSEES2.4.0\WIN32\OBJ\ELEMENT\DEBUG\LOWORDERBEAMINTEGRATION.SBR
C:\OPENSEES2.4.0\WIN32\OBJ\ELEMENT\DEBUG\MATRIXUTIL.OBJ
C:\OPENSEES2.4.0\WIN32\OBJ\ELEMENT\DEBUG\MATRIXUTIL.SBR
C:\OPENSEES2.4.0\WIN32\OBJ\ELEMENT\DEBUG\MIDDISTANCEBEAMINTEGRATION.OBJ
C:\OPENSEES2.4.0\WIN32\OBJ\ELEMENT\DEBUG\MIDDISTANCEBEAMINTEGRATION.SBR
C:\OPENSEES2.4.0\WIN32\OBJ\ELEMENT\DEBUG\MODELASTICBEAM2D.OBJ
C:\OPENSEES2.4.0\WIN32\OBJ\ELEMENT\DEBUG\MODELASTICBEAM2D.SBR
C:\OPENSEES2.4.0\WIN32\OBJ\ELEMENT\DEBUG\MP_JOINT2D.OBJ
C:\OPENSEES2.4.0\WIN32\OBJ\ELEMENT\DEBUG\MP_JOINT2D.SBR
C:\OPENSEES2.4.0\WIN32\OBJ\ELEMENT\DEBUG\MP_JOINT3D.OBJ
C:\OPENSEES2.4.0\WIN32\OBJ\ELEMENT\DEBUG\MP_JOINT3D.SBR
C:\OPENSEES2.4.0\WIN32\OBJ\ELEMENT\DEBUG\MULTIFP2D.OBJ
C:\OPENSEES2.4.0\WIN32\OBJ\ELEMENT\DEBUG\MULTIFP2D.SBR
C:\OPENSEES2.4.0\WIN32\OBJ\ELEMENT\DEBUG\NEWELEMENT.OBJ
C:\OPENSEES2.4.0\WIN32\OBJ\ELEMENT\DEBUG\NEWELEMENT.SBR
C:\OPENSEES2.4.0\WIN32\OBJ\ELEMENT\DEBUG\NEWTONCOTESBEAMINTEGRATION.OBJ
C:\OPENSEES2.4.0\WIN32\OBJ\ELEMENT\DEBUG\NEWTONCOTESBEAMINTEGRATION.SBR
C:\OPENSEES2.4.0\WIN32\OBJ\ELEMENT\DEBUG\NINE_FOUR_NODE_QUADUP.OBJ
C:\OPENSEES2.4.0\WIN32\OBJ\ELEMENT\DEBUG\NINE_FOUR_NODE_QUADUP.SBR
C:\OPENSEES2.4.0\WIN32\OBJ\ELEMENT\DEBUG\NINENODEMIXEDQUAD.OBJ
C:\OPENSEES2.4.0\WIN32\OBJ\ELEMENT\DEBUG\NINENODEMIXEDQUAD.SBR
C:\OPENSEES2.4.0\WIN32\OBJ\ELEMENT\DEBUG\PDELTACRDTRANSF2D.OBJ
C:\OPENSEES2.4.0\WIN32\OBJ\ELEMENT\DEBUG\PDELTACRDTRANSF2D.SBR
C:\OPENSEES2.4.0\WIN32\OBJ\ELEMENT\DEBUG\PDELTACRDTRANSF3D.OBJ
C:\OPENSEES2.4.0\WIN32\OBJ\ELEMENT\DEBUG\PDELTACRDTRANSF3D.SBR
C:\OPENSEES2.4.0\WIN32\OBJ\ELEMENT\DEBUG\PDELTACRDTRANSF3D14.OBJ
C:\OPENSEES2.4.0\WIN32\OBJ\ELEMENT\DEBUG\PDELTACRDTRANSF3D14.SBR
C:\OPENSEES2.4.0\WIN32\OBJ\ELEMENT\DEBUG\PFEMELEMENT2D.OBJ
C:\OPENSEES2.4.0\WIN32\OBJ\ELEMENT\DEBUG\PFEMELEMENT2D.SBR
C:\OPENSEES2.4.0\WIN32\OBJ\ELEMENT\DEBUG\PY_MACRO2D.OBJ
C:\OPENSEES2.4.0\WIN32\OBJ\ELEMENT\DEBUG\PY_MACRO2D.SBR
C:\OPENSEES2.4.0\WIN32\OBJ\ELEMENT\DEBUG\QUAD4FIBEROVERLAY.OBJ
C:\OPENSEES2.4.0\WIN32\OBJ\ELEMENT\DEBUG\QUAD4FIBEROVERLAY.SBR
C:\OPENSEES2.4.0\WIN32\OBJ\ELEMENT\DEBUG\QUADRATICCYCLIC.OBJ
C:\OPENSEES2.4.0\WIN32\OBJ\ELEMENT\DEBUG\QUADRATICCYCLIC.SBR
C:\OPENSEES2.4.0\WIN32\OBJ\ELEMENT\DEBUG\R3VECTORS.OBJ
C:\OPENSEES2.4.0\WIN32\OBJ\ELEMENT\DEBUG\R3VECTORS.SBR
C:\OPENSEES2.4.0\WIN32\OBJ\ELEMENT\DEBUG\RADAUBEAMINTEGRATION.OBJ
C:\OPENSEES2.4.0\WIN32\OBJ\ELEMENT\DEBUG\RADAUBEAMINTEGRATION.SBR
C:\OPENSEES2.4.0\WIN32\OBJ\ELEMENT\DEBUG\REGULARIZEDHINGEINTEGRATION.OBJ
C:\OPENSEES2.4.0\WIN32\OBJ\ELEMENT\DEBUG\REGULARIZEDHINGEINTEGRATION.SBR
C:\OPENSEES2.4.0\WIN32\OBJ\ELEMENT\DEBUG\SHELLMITC4.OBJ
C:\OPENSEES2.4.0\WIN32\OBJ\ELEMENT\DEBUG\SHELLMITC4.SBR
C:\OPENSEES2.4.0\WIN32\OBJ\ELEMENT\DEBUG\SHELLNL.OBJ
C:\OPENSEES2.4.0\WIN32\OBJ\ELEMENT\DEBUG\SHELLNL.SBR
C:\OPENSEES2.4.0\WIN32\OBJ\ELEMENT\DEBUG\SHP3D.OBJ
C:\OPENSEES2.4.0\WIN32\OBJ\ELEMENT\DEBUG\SHP3D.SBR
C:\OPENSEES2.4.0\WIN32\OBJ\ELEMENT\DEBUG\SHP3DV.OBJ
C:\OPENSEES2.4.0\WIN32\OBJ\ELEMENT\DEBUG\SHP3DV.SBR
C:\OPENSEES2.4.0\WIN32\OBJ\ELEMENT\DEBUG\SIMPLECONTACT2D.OBJ
C:\OPENSEES2.4.0\WIN32\OBJ\ELEMENT\DEBUG\SIMPLECONTACT2D.SBR
C:\OPENSEES2.4.0\WIN32\OBJ\ELEMENT\DEBUG\SIMPLECONTACT3D.OBJ
C:\OPENSEES2.4.0\WIN32\OBJ\ELEMENT\DEBUG\SIMPLECONTACT3D.SBR
C:\OPENSEES2.4.0\WIN32\OBJ\ELEMENT\DEBUG\SINGLEFPSIMPLE2D.OBJ
C:\OPENSEES2.4.0\WIN32\OBJ\ELEMENT\DEBUG\SINGLEFPSIMPLE2D.SBR
C:\OPENSEES2.4.0\WIN32\OBJ\ELEMENT\DEBUG\SINGLEFPSIMPLE3D.OBJ
C:\OPENSEES2.4.0\WIN32\OBJ\ELEMENT\DEBUG\SINGLEFPSIMPLE3D.SBR
C:\OPENSEES2.4.0\WIN32\OBJ\ELEMENT\DEBUG\SSPBRICK.OBJ
C:\OPENSEES2.4.0\WIN32\OBJ\ELEMENT\DEBUG\SSPBRICK.SBR
C:\OPENSEES2.4.0\WIN32\OBJ\ELEMENT\DEBUG\SSPBRICKUP.OBJ
C:\OPENSEES2.4.0\WIN32\OBJ\ELEMENT\DEBUG\SSPBRICKUP.SBR
C:\OPENSEES2.4.0\WIN32\OBJ\ELEMENT\DEBUG\SSPQUAD.OBJ
C:\OPENSEES2.4.0\WIN32\OBJ\ELEMENT\DEBUG\SSPQUAD.SBR
C:\OPENSEES2.4.0\WIN32\OBJ\ELEMENT\DEBUG\SSPQUADUP.OBJ
C:\OPENSEES2.4.0\WIN32\OBJ\ELEMENT\DEBUG\SSPQUADUP.SBR
C:\OPENSEES2.4.0\WIN32\OBJ\ELEMENT\DEBUG\SURFACELOAD.OBJ
C:\OPENSEES2.4.0\WIN32\OBJ\ELEMENT\DEBUG\SURFACELOAD.SBR
C:\OPENSEES2.4.0\WIN32\OBJ\ELEMENT\DEBUG\TAPEREDDISPBEAMCOLUMN3D.OBJ
C:\OPENSEES2.4.0\WIN32\OBJ\ELEMENT\DEBUG\TAPEREDDISPBEAMCOLUMN3D.SBR
C:\OPENSEES2.4.0\WIN32\OBJ\ELEMENT\DEBUG\TAPEREDDISPBEAMCOLUMNSMOOTHING3D.OBJ
C:\OPENSEES2.4.0\WIN32\OBJ\ELEMENT\DEBUG\TAPEREDDISPBEAMCOLUMNSMOOTHING3D.SBR
C:\OPENSEES2.4.0\WIN32\OBJ\ELEMENT\DEBUG\TCLACTUATORCOMMAND.OBJ
C:\OPENSEES2.4.0\WIN32\OBJ\ELEMENT\DEBUG\TCLACTUATORCOMMAND.SBR
C:\OPENSEES2.4.0\WIN32\OBJ\ELEMENT\DEBUG\TCLACTUATORCOROTCOMMAND.OBJ
C:\OPENSEES2.4.0\WIN32\OBJ\ELEMENT\DEBUG\TCLACTUATORCOROTCOMMAND.SBR
C:\OPENSEES2.4.0\WIN32\OBJ\ELEMENT\DEBUG\TCLADAPTERCOMMAND.OBJ
C:\OPENSEES2.4.0\WIN32\OBJ\ELEMENT\DEBUG\TCLADAPTERCOMMAND.SBR
C:\OPENSEES2.4.0\WIN32\OBJ\ELEMENT\DEBUG\TCLBEAMCOLUMNJOINTCOMMAND.OBJ
C:\OPENSEES2.4.0\WIN32\OBJ\ELEMENT\DEBUG\TCLBEAMCOLUMNJOINTCOMMAND.SBR
C:\OPENSEES2.4.0\WIN32\OBJ\ELEMENT\DEBUG\TCLBEAMWITHHINGESBUILDER.OBJ
C:\OPENSEES2.4.0\WIN32\OBJ\ELEMENT\DEBUG\TCLBEAMWITHHINGESBUILDER.SBR
C:\OPENSEES2.4.0\WIN32\OBJ\ELEMENT\DEBUG\TCLBRICKCOMMAND.OBJ
C:\OPENSEES2.4.0\WIN32\OBJ\ELEMENT\DEBUG\TCLBRICKCOMMAND.SBR
C:\OPENSEES2.4.0\WIN32\OBJ\ELEMENT\DEBUG\TCLCYCLICMODELCOMMANDS.OBJ
C:\OPENSEES2.4.0\WIN32\OBJ\ELEMENT\DEBUG\TCLCYCLICMODELCOMMANDS.SBR
C:\OPENSEES2.4.0\WIN32\OBJ\ELEMENT\DEBUG\TCLDISPBEAMCOLUMNINTCOMMAND.OBJ
C:\OPENSEES2.4.0\WIN32\OBJ\ELEMENT\DEBUG\TCLDISPBEAMCOLUMNINTCOMMAND.SBR
C:\OPENSEES2.4.0\WIN32\OBJ\ELEMENT\DEBUG\TCLELASTICBEAMCOMMAND.OBJ
C:\OPENSEES2.4.0\WIN32\OBJ\ELEMENT\DEBUG\TCLELASTICBEAMCOMMAND.SBR
C:\OPENSEES2.4.0\WIN32\OBJ\ELEMENT\DEBUG\TCLELASTOMERICBEARINGBOUCWENCOMMAND.OBJ
C:\OPENSEES2.4.0\WIN32\OBJ\ELEMENT\DEBUG\TCLELASTOMERICBEARINGBOUCWENCOMMAND.SBR
C:\OPENSEES2.4.0\WIN32\OBJ\ELEMENT\DEBUG\TCLELASTOMERICBEARINGPLASTICITYCOMMAND.OBJ
C:\OPENSEES2.4.0\WIN32\OBJ\ELEMENT\DEBUG\TCLELASTOMERICBEARINGPLASTICITYCOMMAND.SBR
C:\OPENSEES2.4.0\WIN32\OBJ\ELEMENT\DEBUG\TCLELEMENT2DGNL.OBJ
C:\OPENSEES2.4.0\WIN32\OBJ\ELEMENT\DEBUG\TCLELEMENT2DGNL.SBR
C:\OPENSEES2.4.0\WIN32\OBJ\ELEMENT\DEBUG\TCLELEMENT2DYS.OBJ
C:\OPENSEES2.4.0\WIN32\OBJ\ELEMENT\DEBUG\TCLELEMENT2DYS.SBR
C:\OPENSEES2.4.0\WIN32\OBJ\ELEMENT\DEBUG\TCLELEMENTCOMMANDS.OBJ
C:\OPENSEES2.4.0\WIN32\OBJ\ELEMENT\DEBUG\TCLELEMENTCOMMANDS.SBR
C:\OPENSEES2.4.0\WIN32\OBJ\ELEMENT\DEBUG\TCLFEAPELEMENTCOMMAND.OBJ
C:\OPENSEES2.4.0\WIN32\OBJ\ELEMENT\DEBUG\TCLFEAPELEMENTCOMMAND.SBR
C:\OPENSEES2.4.0\WIN32\OBJ\ELEMENT\DEBUG\TCLFLATSLIDERCOMMAND.OBJ
C:\OPENSEES2.4.0\WIN32\OBJ\ELEMENT\DEBUG\TCLFLATSLIDERCOMMAND.SBR
C:\OPENSEES2.4.0\WIN32\OBJ\ELEMENT\DEBUG\TCLFORCEBEAMCOLUMNCOMMAND.OBJ
C:\OPENSEES2.4.0\WIN32\OBJ\ELEMENT\DEBUG\TCLFORCEBEAMCOLUMNCOMMAND.SBR
C:\OPENSEES2.4.0\WIN32\OBJ\ELEMENT\DEBUG\TCLFOURNODEQUADCOMMAND.OBJ
C:\OPENSEES2.4.0\WIN32\OBJ\ELEMENT\DEBUG\TCLFOURNODEQUADCOMMAND.SBR
C:\OPENSEES2.4.0\WIN32\OBJ\ELEMENT\DEBUG\TCLFOURNODEQUADUPCOMMAND.OBJ
C:\OPENSEES2.4.0\WIN32\OBJ\ELEMENT\DEBUG\TCLFOURNODEQUADUPCOMMAND.SBR
C:\OPENSEES2.4.0\WIN32\OBJ\ELEMENT\DEBUG\TCLGENERICCLIENTCOMMAND.OBJ
C:\OPENSEES2.4.0\WIN32\OBJ\ELEMENT\DEBUG\TCLGENERICCLIENTCOMMAND.SBR
C:\OPENSEES2.4.0\WIN32\OBJ\ELEMENT\DEBUG\TCLGENERICCOPYCOMMAND.OBJ
C:\OPENSEES2.4.0\WIN32\OBJ\ELEMENT\DEBUG\TCLGENERICCOPYCOMMAND.SBR
C:\OPENSEES2.4.0\WIN32\OBJ\ELEMENT\DEBUG\TCLGEOMTRANSFCOMMAND.OBJ
C:\OPENSEES2.4.0\WIN32\OBJ\ELEMENT\DEBUG\TCLGEOMTRANSFCOMMAND.SBR
C:\OPENSEES2.4.0\WIN32\OBJ\ELEMENT\DEBUG\TCLJOINT2DCOMMAND.OBJ
C:\OPENSEES2.4.0\WIN32\OBJ\ELEMENT\DEBUG\TCLJOINT2DCOMMAND.SBR
C:\OPENSEES2.4.0\WIN32\OBJ\ELEMENT\DEBUG\TCLJOINT3DCOMMAND.OBJ
C:\OPENSEES2.4.0\WIN32\OBJ\ELEMENT\DEBUG\TCLJOINT3DCOMMAND.SBR
C:\OPENSEES2.4.0\WIN32\OBJ\ELEMENT\DEBUG\TCLMODELBUILDER_ADDPFEMELEMENT.OBJ
C:\OPENSEES2.4.0\WIN32\OBJ\ELEMENT\DEBUG\TCLMODELBUILDER_ADDPFEMELEMENT.SBR
C:\OPENSEES2.4.0\WIN32\OBJ\ELEMENT\DEBUG\TCLMODELBUILDERFRICTIONMODELCOMMAND.OBJ
C:\OPENSEES2.4.0\WIN32\OBJ\ELEMENT\DEBUG\TCLMODELBUILDERFRICTIONMODELCOMMAND.SBR
C:\OPENSEES2.4.0\WIN32\OBJ\ELEMENT\DEBUG\TCLSINGLEFPCOMMAND.OBJ
C:\OPENSEES2.4.0\WIN32\OBJ\ELEMENT\DEBUG\TCLSINGLEFPCOMMAND.SBR
C:\OPENSEES2.4.0\WIN32\OBJ\ELEMENT\DEBUG\TCLTAPEREDFORCEBEAMCOLUMNCOMMAND.OBJ
C:\OPENSEES2.4.0\WIN32\OBJ\ELEMENT\DEBUG\TCLTAPEREDFORCEBEAMCOLUMNCOMMAND.SBR
C:\OPENSEES2.4.0\WIN32\OBJ\ELEMENT\DEBUG\TCLTWENTY_NODE_BRICKCOMMAND.OBJ
C:\OPENSEES2.4.0\WIN32\OBJ\ELEMENT\DEBUG\TCLTWENTY_NODE_BRICKCOMMAND.SBR
C:\OPENSEES2.4.0\WIN32\OBJ\ELEMENT\DEBUG\TCLTWONODELINKCOMMAND.OBJ
C:\OPENSEES2.4.0\WIN32\OBJ\ELEMENT\DEBUG\TCLTWONODELINKCOMMAND.SBR
C:\OPENSEES2.4.0\WIN32\OBJ\ELEMENT\DEBUG\TCLZEROLENGTH.OBJ
C:\OPENSEES2.4.0\WIN32\OBJ\ELEMENT\DEBUG\TCLZEROLENGTH.SBR
C:\OPENSEES2.4.0\WIN32\OBJ\ELEMENT\DEBUG\TFP_BEARING.OBJ
C:\OPENSEES2.4.0\WIN32\OBJ\ELEMENT\DEBUG\TFP_BEARING.SBR
C:\OPENSEES2.4.0\WIN32\OBJ\ELEMENT\DEBUG\TFP_BEARING2D.OBJ
C:\OPENSEES2.4.0\WIN32\OBJ\ELEMENT\DEBUG\TFP_BEARING2D.SBR
C:\OPENSEES2.4.0\WIN32\OBJ\ELEMENT\DEBUG\TPB1D.OBJ
C:\OPENSEES2.4.0\WIN32\OBJ\ELEMENT\DEBUG\TPB1D.SBR
C:\OPENSEES2.4.0\WIN32\OBJ\ELEMENT\DEBUG\TRAPEZOIDALBEAMINTEGRATION.OBJ
C:\OPENSEES2.4.0\WIN32\OBJ\ELEMENT\DEBUG\TRAPEZOIDALBEAMINTEGRATION.SBR
C:\OPENSEES2.4.0\WIN32\OBJ\ELEMENT\DEBUG\TRI31.OBJ
C:\OPENSEES2.4.0\WIN32\OBJ\ELEMENT\DEBUG\TRI31.SBR
C:\OPENSEES2.4.0\WIN32\OBJ\ELEMENT\DEBUG\TRIPLEFRICTIONPENDULUM.OBJ
C:\OPENSEES2.4.0\WIN32\OBJ\ELEMENT\DEBUG\TRIPLEFRICTIONPENDULUM.SBR
C:\OPENSEES2.4.0\WIN32\OBJ\ELEMENT\DEBUG\TRUSS.OBJ
C:\OPENSEES2.4.0\WIN32\OBJ\ELEMENT\DEBUG\TRUSS.SBR
C:\OPENSEES2.4.0\WIN32\OBJ\ELEMENT\DEBUG\TRUSSSECTION.OBJ
C:\OPENSEES2.4.0\WIN32\OBJ\ELEMENT\DEBUG\TRUSSSECTION.SBR
C:\OPENSEES2.4.0\WIN32\OBJ\ELEMENT\DEBUG\TWENTY_EIGHT_NODE_BRICKUP.OBJ
C:\OPENSEES2.4.0\WIN32\OBJ\ELEMENT\DEBUG\TWENTY_EIGHT_NODE_BRICKUP.SBR
C:\OPENSEES2.4.0\WIN32\OBJ\ELEMENT\DEBUG\TWENTY_NODE_BRICK.OBJ
C:\OPENSEES2.4.0\WIN32\OBJ\ELEMENT\DEBUG\TWENTY_NODE_BRICK.SBR
C:\OPENSEES2.4.0\WIN32\OBJ\ELEMENT\DEBUG\TWONODELINK.OBJ
C:\OPENSEES2.4.0\WIN32\OBJ\ELEMENT\DEBUG\TWONODELINK.SBR
C:\OPENSEES2.4.0\WIN32\OBJ\ELEMENT\DEBUG\UPDATEDLAGRANGIANBEAM2D.OBJ
C:\OPENSEES2.4.0\WIN32\OBJ\ELEMENT\DEBUG\UPDATEDLAGRANGIANBEAM2D.SBR
C:\OPENSEES2.4.0\WIN32\OBJ\ELEMENT\DEBUG\USERDEFINEDBEAMINTEGRATION.OBJ
C:\OPENSEES2.4.0\WIN32\OBJ\ELEMENT\DEBUG\USERDEFINEDBEAMINTEGRATION.SBR
C:\OPENSEES2.4.0\WIN32\OBJ\ELEMENT\DEBUG\USERDEFINEDHINGEINTEGRATION.OBJ
C:\OPENSEES2.4.0\WIN32\OBJ\ELEMENT\DEBUG\USERDEFINEDHINGEINTEGRATION.SBR
C:\OpenSees2.4.0\Win32\obj\element\debug\vc100.idb
C:\OPENSEES2.4.0\WIN32\OBJ\ELEMENT\DEBUG\VC100.PDB
C:\OPENSEES2.4.0\WIN32\OBJ\ELEMENT\DEBUG\VELDEPENDENT.OBJ
C:\OPENSEES2.4.0\WIN32\OBJ\ELEMENT\DEBUG\VELDEPENDENT.SBR
C:\OPENSEES2.4.0\WIN32\OBJ\ELEMENT\DEBUG\VELDEPMULTILINEAR.OBJ
C:\OPENSEES2.4.0\WIN32\OBJ\ELEMENT\DEBUG\VELDEPMULTILINEAR.SBR
C:\OPENSEES2.4.0\WIN32\OBJ\ELEMENT\DEBUG\VELPRESSUREDEP.OBJ
C:\OPENSEES2.4.0\WIN32\OBJ\ELEMENT\DEBUG\VELPRESSUREDEP.SBR
C:\OPENSEES2.4.0\WIN32\OBJ\ELEMENT\DEBUG\WRAPPERELEMENT.OBJ
C:\OPENSEES2.4.0\WIN32\OBJ\ELEMENT\DEBUG\WRAPPERELEMENT.SBR
C:\OPENSEES2.4.0\WIN32\OBJ\ELEMENT\DEBUG\ZEROLENGTH.OBJ
C:\OPENSEES2.4.0\WIN32\OBJ\ELEMENT\DEBUG\ZEROLENGTH.SBR
C:\OPENSEES2.4.0\WIN32\OBJ\ELEMENT\DEBUG\ZEROLENGTHCONTACT2D.OBJ
C:\OPENSEES2.4.0\WIN32\OBJ\ELEMENT\DEBUG\ZEROLENGTHCONTACT2D.SBR
C:\OPENSEES2.4.0\WIN32\OBJ\ELEMENT\DEBUG\ZEROLENGTHCONTACT3D.OBJ
C:\OPENSEES2.4.0\WIN32\OBJ\ELEMENT\DEBUG\ZEROLENGTHCONTACT3D.SBR
C:\OPENSEES2.4.0\WIN32\OBJ\ELEMENT\DEBUG\ZEROLENGTHCONTACTNTS2D.OBJ
C:\OPENSEES2.4.0\WIN32\OBJ\ELEMENT\DEBUG\ZEROLENGTHCONTACTNTS2D.SBR
C:\OPENSEES2.4.0\WIN32\OBJ\ELEMENT\DEBUG\ZEROLENGTHINTERFACE2D.OBJ
C:\OPENSEES2.4.0\WIN32\OBJ\ELEMENT\DEBUG\ZEROLENGTHINTERFACE2D.SBR
C:\OPENSEES2.4.0\WIN32\OBJ\ELEMENT\DEBUG\ZEROLENGTHND.OBJ
C:\OPENSEES2.4.0\WIN32\OBJ\ELEMENT\DEBUG\ZEROLENGTHND.SBR
C:\OPENSEES2.4.0\WIN32\OBJ\ELEMENT\DEBUG\ZEROLENGTHROCKING.OBJ
C:\OPENSEES2.4.0\WIN32\OBJ\ELEMENT\DEBUG\ZEROLENGTHROCKING.SBR
C:\OPENSEES2.4.0\WIN32\OBJ\ELEMENT\DEBUG\ZEROLENGTHSECTION.OBJ
C:\OPENSEES2.4.0\WIN32\OBJ\ELEMENT\DEBUG\ZEROLENGTHSECTION.SBR
C:\OpenSees2.4.0\Win32\proj\element\.\..\..\lib\debug\element.lib
