.\..\..\lib\debug\tagged.bsc
C:\OPENSEES2.4.0\WIN32\LIB\DEBUG\TAGGED.BSC
C:\OPENSEES2.4.0\WIN32\LIB\DEBUG\TAGGED.LIB
C:\OPENSEES2.4.0\WIN32\OBJ\TAGGED\DEBUG\ARRAYOFTAGGEDOBJECTS.OBJ
C:\OPENSEES2.4.0\WIN32\OBJ\TAGGED\DEBUG\ARRAYOFTAGGEDOBJECTS.SBR
C:\OPENSEES2.4.0\WIN32\OBJ\TAGGED\DEBUG\ARRAYOFTAGGEDOBJECTSITER.OBJ
C:\OPENSEES2.4.0\WIN32\OBJ\TAGGED\DEBUG\ARRAYOFTAGGEDOBJECTSITER.SBR
C:\OpenSees2.4.0\Win32\obj\tagged\debug\BscMake.command.1.tlog
C:\OpenSees2.4.0\Win32\obj\tagged\debug\bscmake.read.1.tlog
C:\OpenSees2.4.0\Win32\obj\tagged\debug\bscmake.write.1.tlog
C:\OpenSees2.4.0\Win32\obj\tagged\debug\cl.command.1.tlog
C:\OpenSees2.4.0\Win32\obj\tagged\debug\CL.read.1.tlog
C:\OpenSees2.4.0\Win32\obj\tagged\debug\CL.write.1.tlog
C:\OpenSees2.4.0\Win32\obj\tagged\debug\lib.command.1.tlog
C:\OpenSees2.4.0\Win32\obj\tagged\debug\Lib-link.read.1.tlog
C:\OpenSees2.4.0\Win32\obj\tagged\debug\Lib-link.write.1.tlog
C:\OPENSEES2.4.0\WIN32\OBJ\TAGGED\DEBUG\MAPOFTAGGEDOBJECTS.OBJ
C:\OPENSEES2.4.0\WIN32\OBJ\TAGGED\DEBUG\MAPOFTAGGEDOBJECTS.SBR
C:\OPENSEES2.4.0\WIN32\OBJ\TAGGED\DEBUG\MAPOFTAGGEDOBJECTSITER.OBJ
C:\OPENSEES2.4.0\WIN32\OBJ\TAGGED\DEBUG\MAPOFTAGGEDOBJECTSITER.SBR
C:\OPENSEES2.4.0\WIN32\OBJ\TAGGED\DEBUG\TAGGEDOBJECT.OBJ
C:\OPENSEES2.4.0\WIN32\OBJ\TAGGED\DEBUG\TAGGEDOBJECT.SBR
C:\OpenSees2.4.0\Win32\obj\tagged\debug\vc100.idb
C:\OPENSEES2.4.0\WIN32\OBJ\TAGGED\DEBUG\VC100.PDB
C:\OpenSees2.4.0\Win32\proj\tagged\.\..\..\lib\debug\tagged.lib
