.\..\..\lib\debug\superLU.bsc
C:\OPENSEES2.4.0\WIN32\LIB\DEBUG\SUPERLU.BSC
C:\OPENSEES2.4.0\WIN32\LIB\DEBUG\SUPERLU.LIB
C:\OpenSees2.4.0\Win32\obj\superLU\debug\BscMake.command.1.tlog
C:\OpenSees2.4.0\Win32\obj\superLU\debug\bscmake.read.1.tlog
C:\OpenSees2.4.0\Win32\obj\superLU\debug\bscmake.write.1.tlog
C:\OpenSees2.4.0\Win32\obj\superLU\debug\cl.command.1.tlog
C:\OpenSees2.4.0\Win32\obj\superLU\debug\CL.read.1.tlog
C:\OpenSees2.4.0\Win32\obj\superLU\debug\CL.write.1.tlog
C:\OPENSEES2.4.0\WIN32\OBJ\SUPERLU\DEBUG\COLAMD.OBJ
C:\OPENSEES2.4.0\WIN32\OBJ\SUPERLU\DEBUG\COLAMD.SBR
C:\OPENSEES2.4.0\WIN32\OBJ\SUPERLU\DEBUG\DCOLUMN_BMOD.OBJ
C:\OPENSEES2.4.0\WIN32\OBJ\SUPERLU\DEBUG\DCOLUMN_BMOD.SBR
C:\OPENSEES2.4.0\WIN32\OBJ\SUPERLU\DEBUG\DCOLUMN_DFS.OBJ
C:\OPENSEES2.4.0\WIN32\OBJ\SUPERLU\DEBUG\DCOLUMN_DFS.SBR
C:\OPENSEES2.4.0\WIN32\OBJ\SUPERLU\DEBUG\DCOMPLEX.OBJ
C:\OPENSEES2.4.0\WIN32\OBJ\SUPERLU\DEBUG\DCOMPLEX.SBR
C:\OPENSEES2.4.0\WIN32\OBJ\SUPERLU\DEBUG\DCOPY_TO_UCOL.OBJ
C:\OPENSEES2.4.0\WIN32\OBJ\SUPERLU\DEBUG\DCOPY_TO_UCOL.SBR
C:\OPENSEES2.4.0\WIN32\OBJ\SUPERLU\DEBUG\DDIAGONAL.OBJ
C:\OPENSEES2.4.0\WIN32\OBJ\SUPERLU\DEBUG\DDIAGONAL.SBR
C:\OPENSEES2.4.0\WIN32\OBJ\SUPERLU\DEBUG\DGSCON.OBJ
C:\OPENSEES2.4.0\WIN32\OBJ\SUPERLU\DEBUG\DGSCON.SBR
C:\OPENSEES2.4.0\WIN32\OBJ\SUPERLU\DEBUG\DGSEQU.OBJ
C:\OPENSEES2.4.0\WIN32\OBJ\SUPERLU\DEBUG\DGSEQU.SBR
C:\OPENSEES2.4.0\WIN32\OBJ\SUPERLU\DEBUG\DGSISX.OBJ
C:\OPENSEES2.4.0\WIN32\OBJ\SUPERLU\DEBUG\DGSISX.SBR
C:\OPENSEES2.4.0\WIN32\OBJ\SUPERLU\DEBUG\DGSITRF.OBJ
C:\OPENSEES2.4.0\WIN32\OBJ\SUPERLU\DEBUG\DGSITRF.SBR
C:\OPENSEES2.4.0\WIN32\OBJ\SUPERLU\DEBUG\DGSRFS.OBJ
C:\OPENSEES2.4.0\WIN32\OBJ\SUPERLU\DEBUG\DGSRFS.SBR
C:\OPENSEES2.4.0\WIN32\OBJ\SUPERLU\DEBUG\DGSSV.OBJ
C:\OPENSEES2.4.0\WIN32\OBJ\SUPERLU\DEBUG\DGSSV.SBR
C:\OPENSEES2.4.0\WIN32\OBJ\SUPERLU\DEBUG\DGSSVX.OBJ
C:\OPENSEES2.4.0\WIN32\OBJ\SUPERLU\DEBUG\DGSSVX.SBR
C:\OPENSEES2.4.0\WIN32\OBJ\SUPERLU\DEBUG\DGSTRF.OBJ
C:\OPENSEES2.4.0\WIN32\OBJ\SUPERLU\DEBUG\DGSTRF.SBR
C:\OPENSEES2.4.0\WIN32\OBJ\SUPERLU\DEBUG\DGSTRS.OBJ
C:\OPENSEES2.4.0\WIN32\OBJ\SUPERLU\DEBUG\DGSTRS.SBR
C:\OPENSEES2.4.0\WIN32\OBJ\SUPERLU\DEBUG\DLACON.OBJ
C:\OPENSEES2.4.0\WIN32\OBJ\SUPERLU\DEBUG\DLACON.SBR
C:\OPENSEES2.4.0\WIN32\OBJ\SUPERLU\DEBUG\DLAMCH.OBJ
C:\OPENSEES2.4.0\WIN32\OBJ\SUPERLU\DEBUG\DLAMCH.SBR
C:\OPENSEES2.4.0\WIN32\OBJ\SUPERLU\DEBUG\DLANGS.OBJ
C:\OPENSEES2.4.0\WIN32\OBJ\SUPERLU\DEBUG\DLANGS.SBR
C:\OPENSEES2.4.0\WIN32\OBJ\SUPERLU\DEBUG\DLAQGS.OBJ
C:\OPENSEES2.4.0\WIN32\OBJ\SUPERLU\DEBUG\DLAQGS.SBR
C:\OPENSEES2.4.0\WIN32\OBJ\SUPERLU\DEBUG\DLDPERM.OBJ
C:\OPENSEES2.4.0\WIN32\OBJ\SUPERLU\DEBUG\DLDPERM.SBR
C:\OPENSEES2.4.0\WIN32\OBJ\SUPERLU\DEBUG\DMEMORY.OBJ
C:\OPENSEES2.4.0\WIN32\OBJ\SUPERLU\DEBUG\DMEMORY.SBR
C:\OPENSEES2.4.0\WIN32\OBJ\SUPERLU\DEBUG\DMYBLAS2.OBJ
C:\OPENSEES2.4.0\WIN32\OBJ\SUPERLU\DEBUG\DMYBLAS2.SBR
C:\OPENSEES2.4.0\WIN32\OBJ\SUPERLU\DEBUG\DPANEL_BMOD.OBJ
C:\OPENSEES2.4.0\WIN32\OBJ\SUPERLU\DEBUG\DPANEL_BMOD.SBR
C:\OPENSEES2.4.0\WIN32\OBJ\SUPERLU\DEBUG\DPANEL_DFS.OBJ
C:\OPENSEES2.4.0\WIN32\OBJ\SUPERLU\DEBUG\DPANEL_DFS.SBR
C:\OPENSEES2.4.0\WIN32\OBJ\SUPERLU\DEBUG\DPIVOTGROWTH.OBJ
C:\OPENSEES2.4.0\WIN32\OBJ\SUPERLU\DEBUG\DPIVOTGROWTH.SBR
C:\OPENSEES2.4.0\WIN32\OBJ\SUPERLU\DEBUG\DPIVOTL.OBJ
C:\OPENSEES2.4.0\WIN32\OBJ\SUPERLU\DEBUG\DPIVOTL.SBR
C:\OPENSEES2.4.0\WIN32\OBJ\SUPERLU\DEBUG\DPRUNEL.OBJ
C:\OPENSEES2.4.0\WIN32\OBJ\SUPERLU\DEBUG\DPRUNEL.SBR
C:\OPENSEES2.4.0\WIN32\OBJ\SUPERLU\DEBUG\DREADHB.OBJ
C:\OPENSEES2.4.0\WIN32\OBJ\SUPERLU\DEBUG\DREADHB.SBR
C:\OPENSEES2.4.0\WIN32\OBJ\SUPERLU\DEBUG\DREADRB.OBJ
C:\OPENSEES2.4.0\WIN32\OBJ\SUPERLU\DEBUG\DREADRB.SBR
C:\OPENSEES2.4.0\WIN32\OBJ\SUPERLU\DEBUG\DREADTRIPLE.OBJ
C:\OPENSEES2.4.0\WIN32\OBJ\SUPERLU\DEBUG\DREADTRIPLE.SBR
C:\OPENSEES2.4.0\WIN32\OBJ\SUPERLU\DEBUG\DSNODE_BMOD.OBJ
C:\OPENSEES2.4.0\WIN32\OBJ\SUPERLU\DEBUG\DSNODE_BMOD.SBR
C:\OPENSEES2.4.0\WIN32\OBJ\SUPERLU\DEBUG\DSNODE_DFS.OBJ
C:\OPENSEES2.4.0\WIN32\OBJ\SUPERLU\DEBUG\DSNODE_DFS.SBR
C:\OPENSEES2.4.0\WIN32\OBJ\SUPERLU\DEBUG\DSP_BLAS2.OBJ
C:\OPENSEES2.4.0\WIN32\OBJ\SUPERLU\DEBUG\DSP_BLAS2.SBR
C:\OPENSEES2.4.0\WIN32\OBJ\SUPERLU\DEBUG\DSP_BLAS3.OBJ
C:\OPENSEES2.4.0\WIN32\OBJ\SUPERLU\DEBUG\DSP_BLAS3.SBR
C:\OPENSEES2.4.0\WIN32\OBJ\SUPERLU\DEBUG\DUTIL.OBJ
C:\OPENSEES2.4.0\WIN32\OBJ\SUPERLU\DEBUG\DUTIL.SBR
C:\OPENSEES2.4.0\WIN32\OBJ\SUPERLU\DEBUG\GET_PERM_C.OBJ
C:\OPENSEES2.4.0\WIN32\OBJ\SUPERLU\DEBUG\GET_PERM_C.SBR
C:\OPENSEES2.4.0\WIN32\OBJ\SUPERLU\DEBUG\HEAP_RELAX_SNODE.OBJ
C:\OPENSEES2.4.0\WIN32\OBJ\SUPERLU\DEBUG\HEAP_RELAX_SNODE.SBR
C:\OPENSEES2.4.0\WIN32\OBJ\SUPERLU\DEBUG\ICMAX1.OBJ
C:\OPENSEES2.4.0\WIN32\OBJ\SUPERLU\DEBUG\ICMAX1.SBR
C:\OPENSEES2.4.0\WIN32\OBJ\SUPERLU\DEBUG\ILU_DCOLUMN_DFS.OBJ
C:\OPENSEES2.4.0\WIN32\OBJ\SUPERLU\DEBUG\ILU_DCOLUMN_DFS.SBR
C:\OPENSEES2.4.0\WIN32\OBJ\SUPERLU\DEBUG\ILU_DCOPY_TO_UCOL.OBJ
C:\OPENSEES2.4.0\WIN32\OBJ\SUPERLU\DEBUG\ILU_DCOPY_TO_UCOL.SBR
C:\OPENSEES2.4.0\WIN32\OBJ\SUPERLU\DEBUG\ILU_DDROP_ROW.OBJ
C:\OPENSEES2.4.0\WIN32\OBJ\SUPERLU\DEBUG\ILU_DDROP_ROW.SBR
C:\OPENSEES2.4.0\WIN32\OBJ\SUPERLU\DEBUG\ILU_DPANEL_DFS.OBJ
C:\OPENSEES2.4.0\WIN32\OBJ\SUPERLU\DEBUG\ILU_DPANEL_DFS.SBR
C:\OPENSEES2.4.0\WIN32\OBJ\SUPERLU\DEBUG\ILU_DPIVOTL.OBJ
C:\OPENSEES2.4.0\WIN32\OBJ\SUPERLU\DEBUG\ILU_DPIVOTL.SBR
C:\OPENSEES2.4.0\WIN32\OBJ\SUPERLU\DEBUG\ILU_DSNODE_DFS.OBJ
C:\OPENSEES2.4.0\WIN32\OBJ\SUPERLU\DEBUG\ILU_DSNODE_DFS.SBR
C:\OPENSEES2.4.0\WIN32\OBJ\SUPERLU\DEBUG\ILU_HEAP_RELAX_SNODE.OBJ
C:\OPENSEES2.4.0\WIN32\OBJ\SUPERLU\DEBUG\ILU_HEAP_RELAX_SNODE.SBR
C:\OPENSEES2.4.0\WIN32\OBJ\SUPERLU\DEBUG\ILU_RELAX_SNODE.OBJ
C:\OPENSEES2.4.0\WIN32\OBJ\SUPERLU\DEBUG\ILU_RELAX_SNODE.SBR
C:\OPENSEES2.4.0\WIN32\OBJ\SUPERLU\DEBUG\IZMAX1.OBJ
C:\OPENSEES2.4.0\WIN32\OBJ\SUPERLU\DEBUG\IZMAX1.SBR
C:\OpenSees2.4.0\Win32\obj\superLU\debug\lib.command.1.tlog
C:\OpenSees2.4.0\Win32\obj\superLU\debug\Lib-link.read.1.tlog
C:\OpenSees2.4.0\Win32\obj\superLU\debug\Lib-link.write.1.tlog
C:\OPENSEES2.4.0\WIN32\OBJ\SUPERLU\DEBUG\LSAME.OBJ
C:\OPENSEES2.4.0\WIN32\OBJ\SUPERLU\DEBUG\LSAME.SBR
C:\OPENSEES2.4.0\WIN32\OBJ\SUPERLU\DEBUG\MARK_RELAX.OBJ
C:\OPENSEES2.4.0\WIN32\OBJ\SUPERLU\DEBUG\MARK_RELAX.SBR
C:\OPENSEES2.4.0\WIN32\OBJ\SUPERLU\DEBUG\MC64AD.OBJ
C:\OPENSEES2.4.0\WIN32\OBJ\SUPERLU\DEBUG\MC64AD.SBR
C:\OPENSEES2.4.0\WIN32\OBJ\SUPERLU\DEBUG\MEMORY.OBJ
C:\OPENSEES2.4.0\WIN32\OBJ\SUPERLU\DEBUG\MEMORY.SBR
C:\OPENSEES2.4.0\WIN32\OBJ\SUPERLU\DEBUG\MMD.OBJ
C:\OPENSEES2.4.0\WIN32\OBJ\SUPERLU\DEBUG\MMD.SBR
C:\OPENSEES2.4.0\WIN32\OBJ\SUPERLU\DEBUG\QSELECT.OBJ
C:\OPENSEES2.4.0\WIN32\OBJ\SUPERLU\DEBUG\QSELECT.SBR
C:\OPENSEES2.4.0\WIN32\OBJ\SUPERLU\DEBUG\RELAX_SNODE.OBJ
C:\OPENSEES2.4.0\WIN32\OBJ\SUPERLU\DEBUG\RELAX_SNODE.SBR
C:\OPENSEES2.4.0\WIN32\OBJ\SUPERLU\DEBUG\SDIAGONAL.OBJ
C:\OPENSEES2.4.0\WIN32\OBJ\SUPERLU\DEBUG\SDIAGONAL.SBR
C:\OPENSEES2.4.0\WIN32\OBJ\SUPERLU\DEBUG\SMEMORY.OBJ
C:\OPENSEES2.4.0\WIN32\OBJ\SUPERLU\DEBUG\SMEMORY.SBR
C:\OPENSEES2.4.0\WIN32\OBJ\SUPERLU\DEBUG\SMYBLAS2.OBJ
C:\OPENSEES2.4.0\WIN32\OBJ\SUPERLU\DEBUG\SMYBLAS2.SBR
C:\OPENSEES2.4.0\WIN32\OBJ\SUPERLU\DEBUG\SP_COLETREE.OBJ
C:\OPENSEES2.4.0\WIN32\OBJ\SUPERLU\DEBUG\SP_COLETREE.SBR
C:\OPENSEES2.4.0\WIN32\OBJ\SUPERLU\DEBUG\SP_IENV.OBJ
C:\OPENSEES2.4.0\WIN32\OBJ\SUPERLU\DEBUG\SP_IENV.SBR
C:\OPENSEES2.4.0\WIN32\OBJ\SUPERLU\DEBUG\SP_PREORDER.OBJ
C:\OPENSEES2.4.0\WIN32\OBJ\SUPERLU\DEBUG\SP_PREORDER.SBR
C:\OPENSEES2.4.0\WIN32\OBJ\SUPERLU\DEBUG\SPRUNEL.OBJ
C:\OPENSEES2.4.0\WIN32\OBJ\SUPERLU\DEBUG\SPRUNEL.SBR
C:\OPENSEES2.4.0\WIN32\OBJ\SUPERLU\DEBUG\SUPERLU_TIMER.OBJ
C:\OPENSEES2.4.0\WIN32\OBJ\SUPERLU\DEBUG\SUPERLU_TIMER.SBR
C:\OPENSEES2.4.0\WIN32\OBJ\SUPERLU\DEBUG\SUTIL.OBJ
C:\OPENSEES2.4.0\WIN32\OBJ\SUPERLU\DEBUG\SUTIL.SBR
C:\OPENSEES2.4.0\WIN32\OBJ\SUPERLU\DEBUG\UTIL.OBJ
C:\OPENSEES2.4.0\WIN32\OBJ\SUPERLU\DEBUG\UTIL.SBR
C:\OpenSees2.4.0\Win32\obj\superLU\debug\vc100.idb
C:\OPENSEES2.4.0\WIN32\OBJ\SUPERLU\DEBUG\VC100.PDB
C:\OPENSEES2.4.0\WIN32\OBJ\SUPERLU\DEBUG\XERBLA.OBJ
C:\OPENSEES2.4.0\WIN32\OBJ\SUPERLU\DEBUG\XERBLA.SBR
C:\OpenSees2.4.0\Win32\proj\superLU\.\..\..\lib\debug\superLU.lib
