C:\OPENSEES2.4.0\WIN32\LIB\DEBUG\RELIABILITY.LIB
C:\OPENSEES2.4.0\WIN32\OBJ\RELIABILITY\DEBUG\ADKZHANGMERITFUNCTIONCHECK.OBJ
C:\OPENSEES2.4.0\WIN32\OBJ\RELIABILITY\DEBUG\ALLINDEPENDENTTRANSFORMATION.OBJ
C:\OPENSEES2.4.0\WIN32\OBJ\RELIABILITY\DEBUG\ANALYZER.OBJ
C:\OPENSEES2.4.0\WIN32\OBJ\RELIABILITY\DEBUG\ANALYZERGFUNEVALUATOR.OBJ
C:\OPENSEES2.4.0\WIN32\OBJ\RELIABILITY\DEBUG\ANALYZERGRADGEVALUATOR.OBJ
C:\OPENSEES2.4.0\WIN32\OBJ\RELIABILITY\DEBUG\ARMIJOSTEPSIZERULE.OBJ
C:\OPENSEES2.4.0\WIN32\OBJ\RELIABILITY\DEBUG\BETARV.OBJ
C:\OPENSEES2.4.0\WIN32\OBJ\RELIABILITY\DEBUG\BIVARIATEDECOMPOSITION.OBJ
C:\OPENSEES2.4.0\WIN32\OBJ\RELIABILITY\DEBUG\CHISQUARERV.OBJ
C:\OpenSees2.4.0\Win32\obj\reliability\debug\cl.command.1.tlog
C:\OpenSees2.4.0\Win32\obj\reliability\debug\CL.read.1.tlog
C:\OpenSees2.4.0\Win32\obj\reliability\debug\CL.write.1.tlog
C:\OPENSEES2.4.0\WIN32\OBJ\RELIABILITY\DEBUG\CONSTANTMODULATINGFUNCTION.OBJ
C:\OPENSEES2.4.0\WIN32\OBJ\RELIABILITY\DEBUG\CORRELATEDSTANDARDNORMAL.OBJ
C:\OPENSEES2.4.0\WIN32\OBJ\RELIABILITY\DEBUG\CORRELATIONCOEFFICIENT.OBJ
C:\OPENSEES2.4.0\WIN32\OBJ\RELIABILITY\DEBUG\CORRELATIONCOEFFICIENTITER.OBJ
C:\OPENSEES2.4.0\WIN32\OBJ\RELIABILITY\DEBUG\CRITERIAREDUCTIONMERITFUNCTIONCHECK.OBJ
C:\OPENSEES2.4.0\WIN32\OBJ\RELIABILITY\DEBUG\CROSSINGRATEANALYZER.OBJ
C:\OPENSEES2.4.0\WIN32\OBJ\RELIABILITY\DEBUG\CSTDLIBRANDGENERATOR.OBJ
C:\OPENSEES2.4.0\WIN32\OBJ\RELIABILITY\DEBUG\CURVATUREFITTING.OBJ
C:\OPENSEES2.4.0\WIN32\OBJ\RELIABILITY\DEBUG\CURVATURESBYSEARCHALGORITHM.OBJ
C:\OPENSEES2.4.0\WIN32\OBJ\RELIABILITY\DEBUG\CUTSET.OBJ
C:\OPENSEES2.4.0\WIN32\OBJ\RELIABILITY\DEBUG\CUTSETITER.OBJ
C:\OPENSEES2.4.0\WIN32\OBJ\RELIABILITY\DEBUG\DP_RSM_SIM.OBJ
C:\OPENSEES2.4.0\WIN32\OBJ\RELIABILITY\DEBUG\DP_RSM_SIM_TIMEVARIANT.OBJ
C:\OPENSEES2.4.0\WIN32\OBJ\RELIABILITY\DEBUG\DYNAMCIANALYZER.OBJ
C:\OPENSEES2.4.0\WIN32\OBJ\RELIABILITY\DEBUG\EXPERIMENTALPOINTRULE1D.OBJ
C:\OPENSEES2.4.0\WIN32\OBJ\RELIABILITY\DEBUG\EXPONENTIALRV.OBJ
C:\OPENSEES2.4.0\WIN32\OBJ\RELIABILITY\DEBUG\FILTER.OBJ
C:\OPENSEES2.4.0\WIN32\OBJ\RELIABILITY\DEBUG\FILTERITER.OBJ
C:\OPENSEES2.4.0\WIN32\OBJ\RELIABILITY\DEBUG\FINDCURVATURES.OBJ
C:\OPENSEES2.4.0\WIN32\OBJ\RELIABILITY\DEBUG\FINDDESIGNPOINTALGORITHM.OBJ
C:\OPENSEES2.4.0\WIN32\OBJ\RELIABILITY\DEBUG\FINITEDIFFERENCEGRADIENT.OBJ
C:\OPENSEES2.4.0\WIN32\OBJ\RELIABILITY\DEBUG\FINITEDIFFERENCEHESSIAN.OBJ
C:\OPENSEES2.4.0\WIN32\OBJ\RELIABILITY\DEBUG\FIRSTPASSAGEANALYZER.OBJ
C:\OPENSEES2.4.0\WIN32\OBJ\RELIABILITY\DEBUG\FIRSTPRINCIPALCURVATURE.OBJ
C:\OPENSEES2.4.0\WIN32\OBJ\RELIABILITY\DEBUG\FIXEDSTEPSIZERULE.OBJ
C:\OPENSEES2.4.0\WIN32\OBJ\RELIABILITY\DEBUG\FORMANALYSIS.OBJ
C:\OPENSEES2.4.0\WIN32\OBJ\RELIABILITY\DEBUG\FORMSTORAGE.OBJ
C:\OPENSEES2.4.0\WIN32\OBJ\RELIABILITY\DEBUG\FOSERIESSIMULATION.OBJ
C:\OPENSEES2.4.0\WIN32\OBJ\RELIABILITY\DEBUG\FOSMANALYSIS.OBJ
C:\OPENSEES2.4.0\WIN32\OBJ\RELIABILITY\DEBUG\FUNCTIONEVALUATOR.OBJ
C:\OPENSEES2.4.0\WIN32\OBJ\RELIABILITY\DEBUG\GAMMAMODULATINGFUNCTION.OBJ
C:\OPENSEES2.4.0\WIN32\OBJ\RELIABILITY\DEBUG\GAMMARV.OBJ
C:\OPENSEES2.4.0\WIN32\OBJ\RELIABILITY\DEBUG\GENERALRANDGENERATOR.OBJ
C:\OPENSEES2.4.0\WIN32\OBJ\RELIABILITY\DEBUG\GFUNEACHSTEPEVALUATOR.OBJ
C:\OPENSEES2.4.0\WIN32\OBJ\RELIABILITY\DEBUG\GFUNVISUALIZATIONANALYSIS.OBJ
C:\OPENSEES2.4.0\WIN32\OBJ\RELIABILITY\DEBUG\GRADIENTEVALUATOR.OBJ
C:\OPENSEES2.4.0\WIN32\OBJ\RELIABILITY\DEBUG\GRADIENTPROJECTIONSEARCHDIRECTION.OBJ
C:\OPENSEES2.4.0\WIN32\OBJ\RELIABILITY\DEBUG\GRIDPLANE.OBJ
C:\OPENSEES2.4.0\WIN32\OBJ\RELIABILITY\DEBUG\GUMBELRV.OBJ
C:\OPENSEES2.4.0\WIN32\OBJ\RELIABILITY\DEBUG\HESSIAN.OBJ
C:\OPENSEES2.4.0\WIN32\OBJ\RELIABILITY\DEBUG\HESSIANAPPROXIMATION.OBJ
C:\OPENSEES2.4.0\WIN32\OBJ\RELIABILITY\DEBUG\HESSIANEVALUATOR.OBJ
C:\OPENSEES2.4.0\WIN32\OBJ\RELIABILITY\DEBUG\HLRFSEARCHDIRECTION.OBJ
C:\OPENSEES2.4.0\WIN32\OBJ\RELIABILITY\DEBUG\IMPLICITGRADIENT.OBJ
C:\OPENSEES2.4.0\WIN32\OBJ\RELIABILITY\DEBUG\IMPORTANCESAMPLINGANALYSIS.OBJ
C:\OPENSEES2.4.0\WIN32\OBJ\RELIABILITY\DEBUG\INITIALPOINTBUILDER.OBJ
C:\OPENSEES2.4.0\WIN32\OBJ\RELIABILITY\DEBUG\INITIALSTATICANALYSIS.OBJ
C:\OPENSEES2.4.0\WIN32\OBJ\RELIABILITY\DEBUG\IPCM.OBJ
C:\OPENSEES2.4.0\WIN32\OBJ\RELIABILITY\DEBUG\JONSWAPSPECTRUM.OBJ
C:\OPENSEES2.4.0\WIN32\OBJ\RELIABILITY\DEBUG\KOOFILTER.OBJ
C:\OPENSEES2.4.0\WIN32\OBJ\RELIABILITY\DEBUG\KOOMODULATINGFUNCTION.OBJ
C:\OPENSEES2.4.0\WIN32\OBJ\RELIABILITY\DEBUG\LAPLACERV.OBJ
C:\OpenSees2.4.0\Win32\obj\reliability\debug\lib.command.1.tlog
C:\OpenSees2.4.0\Win32\obj\reliability\debug\Lib-link.read.1.tlog
C:\OpenSees2.4.0\Win32\obj\reliability\debug\Lib-link.write.1.tlog
C:\OPENSEES2.4.0\WIN32\OBJ\RELIABILITY\DEBUG\LIMITSTATEFUNCTION1.OBJ
C:\OPENSEES2.4.0\WIN32\OBJ\RELIABILITY\DEBUG\LIMITSTATEFUNCTIONITER1.OBJ
C:\OPENSEES2.4.0\WIN32\OBJ\RELIABILITY\DEBUG\LOCALMATH.OBJ
C:\OPENSEES2.4.0\WIN32\OBJ\RELIABILITY\DEBUG\LOGNORMALRV.OBJ
C:\OPENSEES2.4.0\WIN32\OBJ\RELIABILITY\DEBUG\MATRIXOPERATIONS.OBJ
C:\OPENSEES2.4.0\WIN32\OBJ\RELIABILITY\DEBUG\MERITFUNCTIONCHECK.OBJ
C:\OPENSEES2.4.0\WIN32\OBJ\RELIABILITY\DEBUG\MERSENNE.OBJ
C:\OPENSEES2.4.0\WIN32\OBJ\RELIABILITY\DEBUG\MODULATINGFUNCTION.OBJ
C:\OPENSEES2.4.0\WIN32\OBJ\RELIABILITY\DEBUG\MODULATINGFUNCTIONITER.OBJ
C:\OPENSEES2.4.0\WIN32\OBJ\RELIABILITY\DEBUG\MONTECARLORESPONSEANALYSIS.OBJ
C:\OPENSEES2.4.0\WIN32\OBJ\RELIABILITY\DEBUG\MOTHER.OBJ
C:\OPENSEES2.4.0\WIN32\OBJ\RELIABILITY\DEBUG\MULTIDIMVISPRINCPLANE.OBJ
C:\OPENSEES2.4.0\WIN32\OBJ\RELIABILITY\DEBUG\MVNCDF.OBJ
C:\OPENSEES2.4.0\WIN32\OBJ\RELIABILITY\DEBUG\NARROWBANDSPECTRUM.OBJ
C:\OPENSEES2.4.0\WIN32\OBJ\RELIABILITY\DEBUG\NATAFPROBABILITYTRANSFORMATION.OBJ
C:\OPENSEES2.4.0\WIN32\OBJ\RELIABILITY\DEBUG\NEWDISCRETIZEDRANDOMPROCESSSERIES.OBJ
C:\OPENSEES2.4.0\WIN32\OBJ\RELIABILITY\DEBUG\NEWMARKSENSITIVITYINTEGRATOR.OBJ
C:\OPENSEES2.4.0\WIN32\OBJ\RELIABILITY\DEBUG\NEWNEWMARKSENSITIVITYINTEGRATOR.OBJ
C:\OPENSEES2.4.0\WIN32\OBJ\RELIABILITY\DEBUG\NEWSEARCHWITHSTEPSIZEANDSTEPDIRECTION.OBJ
C:\OPENSEES2.4.0\WIN32\OBJ\RELIABILITY\DEBUG\NEWSENSITIVITYALGORITHM.OBJ
C:\OPENSEES2.4.0\WIN32\OBJ\RELIABILITY\DEBUG\NEWSTANDARDLINEAROSCILLATORACCELERATIONFILTER.OBJ
C:\OPENSEES2.4.0\WIN32\OBJ\RELIABILITY\DEBUG\NEWSTATICSENSITIVITYINTEGRATOR.OBJ
C:\OPENSEES2.4.0\WIN32\OBJ\RELIABILITY\DEBUG\NEWWHITENOISEFILTER.OBJ
C:\OPENSEES2.4.0\WIN32\OBJ\RELIABILITY\DEBUG\NONSTATFIRSTPASSAGEANALYZER.OBJ
C:\OPENSEES2.4.0\WIN32\OBJ\RELIABILITY\DEBUG\NONSTATRANDOMVIBRATIONSIMULATION.OBJ
C:\OPENSEES2.4.0\WIN32\OBJ\RELIABILITY\DEBUG\NORMALRV.OBJ
C:\OPENSEES2.4.0\WIN32\OBJ\RELIABILITY\DEBUG\OPTIMALITYCONDITIONRELIABILITYCONVERGENCECHECK.OBJ
C:\OPENSEES2.4.0\WIN32\OBJ\RELIABILITY\DEBUG\ORTHOGONALPLANESAMPLINGANALYSIS.OBJ
C:\OPENSEES2.4.0\WIN32\OBJ\RELIABILITY\DEBUG\OUTCROSSINGANALYSIS.OBJ
C:\OPENSEES2.4.0\WIN32\OBJ\RELIABILITY\DEBUG\OUTCROSSINGRESULTS.OBJ
C:\OPENSEES2.4.0\WIN32\OBJ\RELIABILITY\DEBUG\PARAMETERPOSITIONER.OBJ
C:\OPENSEES2.4.0\WIN32\OBJ\RELIABILITY\DEBUG\PARAMETERPOSITIONERITER.OBJ
C:\OPENSEES2.4.0\WIN32\OBJ\RELIABILITY\DEBUG\PARETORV.OBJ
C:\OPENSEES2.4.0\WIN32\OBJ\RELIABILITY\DEBUG\PCM.OBJ
C:\OPENSEES2.4.0\WIN32\OBJ\RELIABILITY\DEBUG\PERFORMANCEFUNCTION.OBJ
C:\OPENSEES2.4.0\WIN32\OBJ\RELIABILITY\DEBUG\PERFORMANCEFUNCTIONCOEFF.OBJ
C:\OPENSEES2.4.0\WIN32\OBJ\RELIABILITY\DEBUG\PERFORMANCEFUNCTIONCOEFFICIENTITER.OBJ
C:\OPENSEES2.4.0\WIN32\OBJ\RELIABILITY\DEBUG\PERFORMANCEFUNCTIONITER.OBJ
C:\OPENSEES2.4.0\WIN32\OBJ\RELIABILITY\DEBUG\POINTSSPECTRUM.OBJ
C:\OPENSEES2.4.0\WIN32\OBJ\RELIABILITY\DEBUG\POLAKHESEARCHDIRECTIONANDMERITFUNCTION.OBJ
C:\OPENSEES2.4.0\WIN32\OBJ\RELIABILITY\DEBUG\PRINCIPALAXIS.OBJ
C:\OPENSEES2.4.0\WIN32\OBJ\RELIABILITY\DEBUG\PRINCIPALPLANE.OBJ
C:\OPENSEES2.4.0\WIN32\OBJ\RELIABILITY\DEBUG\PROBABILITYTRANSFORMATION.OBJ
C:\OPENSEES2.4.0\WIN32\OBJ\RELIABILITY\DEBUG\RANCOMBI.OBJ
C:\OPENSEES2.4.0\WIN32\OBJ\RELIABILITY\DEBUG\RANDOMNUMBERGENERATOR.OBJ
C:\OPENSEES2.4.0\WIN32\OBJ\RELIABILITY\DEBUG\RANDOMPROCESS.OBJ
C:\OPENSEES2.4.0\WIN32\OBJ\RELIABILITY\DEBUG\RANDOMVARIABLE.OBJ
C:\OPENSEES2.4.0\WIN32\OBJ\RELIABILITY\DEBUG\RANDOMVARIABLEITER.OBJ
C:\OPENSEES2.4.0\WIN32\OBJ\RELIABILITY\DEBUG\RANDOMVARIABLEPOSITIONER.OBJ
C:\OPENSEES2.4.0\WIN32\OBJ\RELIABILITY\DEBUG\RANDOMVARIABLEPOSITIONERITER.OBJ
C:\OPENSEES2.4.0\WIN32\OBJ\RELIABILITY\DEBUG\RANDOMVIBRATIONANALYSIS.OBJ
C:\OPENSEES2.4.0\WIN32\OBJ\RELIABILITY\DEBUG\RANDOMVIBRATIONSIMULATION.OBJ
C:\OPENSEES2.4.0\WIN32\OBJ\RELIABILITY\DEBUG\RANDOMVIBRATIONSIMULATORRESULT.OBJ
C:\OPENSEES2.4.0\WIN32\OBJ\RELIABILITY\DEBUG\RANROTB.OBJ
C:\OPENSEES2.4.0\WIN32\OBJ\RELIABILITY\DEBUG\RANROTW.OBJ
C:\OPENSEES2.4.0\WIN32\OBJ\RELIABILITY\DEBUG\RAYLEIGHRV.OBJ
C:\OPENSEES2.4.0\WIN32\OBJ\RELIABILITY\DEBUG\RELIABILITYANALYSIS.OBJ
C:\OPENSEES2.4.0\WIN32\OBJ\RELIABILITY\DEBUG\RELIABILITYCONVERGENCECHECK.OBJ
C:\OPENSEES2.4.0\WIN32\OBJ\RELIABILITY\DEBUG\RELIABILITYDIRECTINTEGRATIONANALYSIS.OBJ
C:\OPENSEES2.4.0\WIN32\OBJ\RELIABILITY\DEBUG\RELIABILITYDOMAIN.OBJ
C:\OPENSEES2.4.0\WIN32\OBJ\RELIABILITY\DEBUG\RELIABILITYDOMAINCOMPONENT.OBJ
C:\OPENSEES2.4.0\WIN32\OBJ\RELIABILITY\DEBUG\RELIABILITYSTATICANALYSIS.OBJ
C:\OPENSEES2.4.0\WIN32\OBJ\RELIABILITY\DEBUG\RELIABILITYSTORAGE.OBJ
C:\OPENSEES2.4.0\WIN32\OBJ\RELIABILITY\DEBUG\RESPSURFACESIMULATION.OBJ
C:\OPENSEES2.4.0\WIN32\OBJ\RELIABILITY\DEBUG\ROOTFINDING.OBJ
C:\OPENSEES2.4.0\WIN32\OBJ\RELIABILITY\DEBUG\SAFEGUARDEDZEROFINDINGALGORITHM.OBJ
C:\OPENSEES2.4.0\WIN32\OBJ\RELIABILITY\DEBUG\SAMPLINGANALYSIS.OBJ
C:\OPENSEES2.4.0\WIN32\OBJ\RELIABILITY\DEBUG\SCIS.OBJ
C:\OPENSEES2.4.0\WIN32\OBJ\RELIABILITY\DEBUG\SEARCHDIRECTION.OBJ
C:\OPENSEES2.4.0\WIN32\OBJ\RELIABILITY\DEBUG\SEARCHWITHSTEPSIZEANDSTEPDIRECTION.OBJ
C:\OPENSEES2.4.0\WIN32\OBJ\RELIABILITY\DEBUG\SECANTROOTFINDING.OBJ
C:\OPENSEES2.4.0\WIN32\OBJ\RELIABILITY\DEBUG\SELECTLOADINITIALSTATICANALYSIS.OBJ
C:\OPENSEES2.4.0\WIN32\OBJ\RELIABILITY\DEBUG\SENSITIVITYALGORITHM.OBJ
C:\OPENSEES2.4.0\WIN32\OBJ\RELIABILITY\DEBUG\SENSITIVITYINTEGRATOR.OBJ
C:\OPENSEES2.4.0\WIN32\OBJ\RELIABILITY\DEBUG\SHIFTEDEXPONENTIALRV.OBJ
C:\OPENSEES2.4.0\WIN32\OBJ\RELIABILITY\DEBUG\SHIFTEDRAYLEIGHRV.OBJ
C:\OPENSEES2.4.0\WIN32\OBJ\RELIABILITY\DEBUG\SMOOTHCONCRETE02.OBJ
C:\OPENSEES2.4.0\WIN32\OBJ\RELIABILITY\DEBUG\SORMANALYSIS.OBJ
C:\OPENSEES2.4.0\WIN32\OBJ\RELIABILITY\DEBUG\SPECTRUM.OBJ
C:\OPENSEES2.4.0\WIN32\OBJ\RELIABILITY\DEBUG\SPECTRUMITER.OBJ
C:\OPENSEES2.4.0\WIN32\OBJ\RELIABILITY\DEBUG\SQPSEARCHDIRECTIONMERITFUNCTIONANDHESSIAN.OBJ
C:\OPENSEES2.4.0\WIN32\OBJ\RELIABILITY\DEBUG\STANDARDLINEAROSCILLATORACCELERATIONFILTER.OBJ
C:\OPENSEES2.4.0\WIN32\OBJ\RELIABILITY\DEBUG\STANDARDLINEAROSCILLATORDISPLACEMENTFILTER.OBJ
C:\OPENSEES2.4.0\WIN32\OBJ\RELIABILITY\DEBUG\STANDARDLINEAROSCILLATORVELOCITYFILTER.OBJ
C:\OPENSEES2.4.0\WIN32\OBJ\RELIABILITY\DEBUG\STANDARDRELIABILITYCONVERGENCECHECK.OBJ
C:\OPENSEES2.4.0\WIN32\OBJ\RELIABILITY\DEBUG\STATFIRSTPASSAGEANALYZER.OBJ
C:\OPENSEES2.4.0\WIN32\OBJ\RELIABILITY\DEBUG\STATICANALYZER.OBJ
C:\OPENSEES2.4.0\WIN32\OBJ\RELIABILITY\DEBUG\STATICSENSITIVITYINTEGRATOR.OBJ
C:\OPENSEES2.4.0\WIN32\OBJ\RELIABILITY\DEBUG\STATRANDOMVIBRATIONSIMULATION.OBJ
C:\OPENSEES2.4.0\WIN32\OBJ\RELIABILITY\DEBUG\STEPSIZERULE.OBJ
C:\OPENSEES2.4.0\WIN32\OBJ\RELIABILITY\DEBUG\SURFACEDESIGN.OBJ
C:\OPENSEES2.4.0\WIN32\OBJ\RELIABILITY\DEBUG\SYSTEMANALYSIS.OBJ
C:\OPENSEES2.4.0\WIN32\OBJ\RELIABILITY\DEBUG\TCLEVALUATOR.OBJ
C:\OPENSEES2.4.0\WIN32\OBJ\RELIABILITY\DEBUG\TCLRELIABILITYBUILDER.OBJ
C:\OPENSEES2.4.0\WIN32\OBJ\RELIABILITY\DEBUG\THRESHOLDINCINITIALPOINTBUILDER.OBJ
C:\OPENSEES2.4.0\WIN32\OBJ\RELIABILITY\DEBUG\TIMEPOINTS.OBJ
C:\OPENSEES2.4.0\WIN32\OBJ\RELIABILITY\DEBUG\TRAPEZOIDALMODULATINGFUNCTION.OBJ
C:\OPENSEES2.4.0\WIN32\OBJ\RELIABILITY\DEBUG\TYPE1LARGESTVALUERV.OBJ
C:\OPENSEES2.4.0\WIN32\OBJ\RELIABILITY\DEBUG\TYPE1SMALLESTVALUERV.OBJ
C:\OPENSEES2.4.0\WIN32\OBJ\RELIABILITY\DEBUG\TYPE2LARGESTVALUERV.OBJ
C:\OPENSEES2.4.0\WIN32\OBJ\RELIABILITY\DEBUG\TYPE3SMALLESTVALUERV.OBJ
C:\OPENSEES2.4.0\WIN32\OBJ\RELIABILITY\DEBUG\UNIFORMEXPERIMENTALPOINTRULE1D.OBJ
C:\OPENSEES2.4.0\WIN32\OBJ\RELIABILITY\DEBUG\UNIFORMGENERATOR.OBJ
C:\OPENSEES2.4.0\WIN32\OBJ\RELIABILITY\DEBUG\UNIFORMRV.OBJ
C:\OPENSEES2.4.0\WIN32\OBJ\RELIABILITY\DEBUG\UNIVARIATEDECOMPOSITION.OBJ
C:\OPENSEES2.4.0\WIN32\OBJ\RELIABILITY\DEBUG\USERDEFINEDRV.OBJ
C:\OpenSees2.4.0\Win32\obj\reliability\debug\vc100.idb
C:\OPENSEES2.4.0\WIN32\OBJ\RELIABILITY\DEBUG\VC100.PDB
C:\OPENSEES2.4.0\WIN32\OBJ\RELIABILITY\DEBUG\WEIBULLRV.OBJ
C:\OPENSEES2.4.0\WIN32\OBJ\RELIABILITY\DEBUG\ZEROFINDINGALGORITHM.OBJ
C:\OpenSees2.4.0\Win32\proj\reliability\.\..\..\lib\debug\reliability.lib
