.\..\..\lib\debug\domain.bsc
C:\OPENSEES2.4.0\WIN32\LIB\DEBUG\DOMAIN.BSC
C:\OPENSEES2.4.0\WIN32\LIB\DEBUG\DOMAIN.LIB
C:\OPENSEES2.4.0\WIN32\OBJ\DOMAIN\DEBUG\BEAM2DPOINTLOAD.OBJ
C:\OPENSEES2.4.0\WIN32\OBJ\DOMAIN\DEBUG\BEAM2DPOINTLOAD.SBR
C:\OPENSEES2.4.0\WIN32\OBJ\DOMAIN\DEBUG\BEAM2DTEMPLOAD.OBJ
C:\OPENSEES2.4.0\WIN32\OBJ\DOMAIN\DEBUG\BEAM2DTEMPLOAD.SBR
C:\OPENSEES2.4.0\WIN32\OBJ\DOMAIN\DEBUG\BEAM2DTHERMALACTION.OBJ
C:\OPENSEES2.4.0\WIN32\OBJ\DOMAIN\DEBUG\BEAM2DTHERMALACTION.SBR
C:\OPENSEES2.4.0\WIN32\OBJ\DOMAIN\DEBUG\BEAM2DUNIFORMLOAD.OBJ
C:\OPENSEES2.4.0\WIN32\OBJ\DOMAIN\DEBUG\BEAM2DUNIFORMLOAD.SBR
C:\OPENSEES2.4.0\WIN32\OBJ\DOMAIN\DEBUG\BEAM3DPOINTLOAD.OBJ
C:\OPENSEES2.4.0\WIN32\OBJ\DOMAIN\DEBUG\BEAM3DPOINTLOAD.SBR
C:\OPENSEES2.4.0\WIN32\OBJ\DOMAIN\DEBUG\BEAM3DUNIFORMLOAD.OBJ
C:\OPENSEES2.4.0\WIN32\OBJ\DOMAIN\DEBUG\BEAM3DUNIFORMLOAD.SBR
C:\OPENSEES2.4.0\WIN32\OBJ\DOMAIN\DEBUG\BRICKSELFWEIGHT.OBJ
C:\OPENSEES2.4.0\WIN32\OBJ\DOMAIN\DEBUG\BRICKSELFWEIGHT.SBR
C:\OpenSees2.4.0\Win32\obj\domain\debug\BscMake.command.1.tlog
C:\OpenSees2.4.0\Win32\obj\domain\debug\bscmake.read.1.tlog
C:\OpenSees2.4.0\Win32\obj\domain\debug\bscmake.write.1.tlog
C:\OpenSees2.4.0\Win32\obj\domain\debug\cl.command.1.tlog
C:\OpenSees2.4.0\Win32\obj\domain\debug\CL.read.1.tlog
C:\OpenSees2.4.0\Win32\obj\domain\debug\CL.write.1.tlog
C:\OPENSEES2.4.0\WIN32\OBJ\DOMAIN\DEBUG\CONSTANTSERIES.OBJ
C:\OPENSEES2.4.0\WIN32\OBJ\DOMAIN\DEBUG\CONSTANTSERIES.SBR
C:\OPENSEES2.4.0\WIN32\OBJ\DOMAIN\DEBUG\DISCRETIZEDRANDOMPROCESSSERIES.OBJ
C:\OPENSEES2.4.0\WIN32\OBJ\DOMAIN\DEBUG\DISCRETIZEDRANDOMPROCESSSERIES.SBR
C:\OPENSEES2.4.0\WIN32\OBJ\DOMAIN\DEBUG\DOMAIN.OBJ
C:\OPENSEES2.4.0\WIN32\OBJ\DOMAIN\DEBUG\DOMAIN.SBR
C:\OPENSEES2.4.0\WIN32\OBJ\DOMAIN\DEBUG\DOMAINCOMPONENT.OBJ
C:\OPENSEES2.4.0\WIN32\OBJ\DOMAIN\DEBUG\DOMAINCOMPONENT.SBR
C:\OPENSEES2.4.0\WIN32\OBJ\DOMAIN\DEBUG\DRMBOUNDARYLAYERDECORATOR.OBJ
C:\OPENSEES2.4.0\WIN32\OBJ\DOMAIN\DEBUG\DRMBOUNDARYLAYERDECORATOR.SBR
C:\OPENSEES2.4.0\WIN32\OBJ\DOMAIN\DEBUG\DRMINPUTHANDLER.OBJ
C:\OPENSEES2.4.0\WIN32\OBJ\DOMAIN\DEBUG\DRMINPUTHANDLER.SBR
C:\OPENSEES2.4.0\WIN32\OBJ\DOMAIN\DEBUG\DRMLOADPATTERN.OBJ
C:\OPENSEES2.4.0\WIN32\OBJ\DOMAIN\DEBUG\DRMLOADPATTERN.SBR
C:\OPENSEES2.4.0\WIN32\OBJ\DOMAIN\DEBUG\DRMLOADPATTERNWRAPPER.OBJ
C:\OPENSEES2.4.0\WIN32\OBJ\DOMAIN\DEBUG\DRMLOADPATTERNWRAPPER.SBR
C:\OPENSEES2.4.0\WIN32\OBJ\DOMAIN\DEBUG\EARTHQUAKEPATTERN.OBJ
C:\OPENSEES2.4.0\WIN32\OBJ\DOMAIN\DEBUG\EARTHQUAKEPATTERN.SBR
C:\OPENSEES2.4.0\WIN32\OBJ\DOMAIN\DEBUG\ELEMENTALLOADITER.OBJ
C:\OPENSEES2.4.0\WIN32\OBJ\DOMAIN\DEBUG\ELEMENTALLOADITER.SBR
C:\OPENSEES2.4.0\WIN32\OBJ\DOMAIN\DEBUG\ELEMENTPARAMETER.OBJ
C:\OPENSEES2.4.0\WIN32\OBJ\DOMAIN\DEBUG\ELEMENTPARAMETER.SBR
C:\OPENSEES2.4.0\WIN32\OBJ\DOMAIN\DEBUG\ELEMENTSTATEPARAMETER.OBJ
C:\OPENSEES2.4.0\WIN32\OBJ\DOMAIN\DEBUG\ELEMENTSTATEPARAMETER.SBR
C:\OPENSEES2.4.0\WIN32\OBJ\DOMAIN\DEBUG\FIRELOADPATTERN.OBJ
C:\OPENSEES2.4.0\WIN32\OBJ\DOMAIN\DEBUG\FIRELOADPATTERN.SBR
C:\OPENSEES2.4.0\WIN32\OBJ\DOMAIN\DEBUG\GEOMETRICBRICKDECORATOR.OBJ
C:\OPENSEES2.4.0\WIN32\OBJ\DOMAIN\DEBUG\GEOMETRICBRICKDECORATOR.SBR
C:\OPENSEES2.4.0\WIN32\OBJ\DOMAIN\DEBUG\GROUNDMOTION.OBJ
C:\OPENSEES2.4.0\WIN32\OBJ\DOMAIN\DEBUG\GROUNDMOTION.SBR
C:\OPENSEES2.4.0\WIN32\OBJ\DOMAIN\DEBUG\GROUNDMOTIONRECORD.OBJ
C:\OPENSEES2.4.0\WIN32\OBJ\DOMAIN\DEBUG\GROUNDMOTIONRECORD.SBR
C:\OPENSEES2.4.0\WIN32\OBJ\DOMAIN\DEBUG\IMPOSEDMOTIONSP.OBJ
C:\OPENSEES2.4.0\WIN32\OBJ\DOMAIN\DEBUG\IMPOSEDMOTIONSP.SBR
C:\OPENSEES2.4.0\WIN32\OBJ\DOMAIN\DEBUG\IMPOSEDMOTIONSP1.OBJ
C:\OPENSEES2.4.0\WIN32\OBJ\DOMAIN\DEBUG\IMPOSEDMOTIONSP1.SBR
C:\OPENSEES2.4.0\WIN32\OBJ\DOMAIN\DEBUG\INITIALSTATEPARAMETER.OBJ
C:\OPENSEES2.4.0\WIN32\OBJ\DOMAIN\DEBUG\INITIALSTATEPARAMETER.SBR
C:\OPENSEES2.4.0\WIN32\OBJ\DOMAIN\DEBUG\INTERPOLATEDGROUNDMOTION.OBJ
C:\OPENSEES2.4.0\WIN32\OBJ\DOMAIN\DEBUG\INTERPOLATEDGROUNDMOTION.SBR
C:\OpenSees2.4.0\Win32\obj\domain\debug\lib.command.1.tlog
C:\OpenSees2.4.0\Win32\obj\domain\debug\Lib-link.read.1.tlog
C:\OpenSees2.4.0\Win32\obj\domain\debug\Lib-link.write.1.tlog
C:\OPENSEES2.4.0\WIN32\OBJ\DOMAIN\DEBUG\LINEARSERIES.OBJ
C:\OPENSEES2.4.0\WIN32\OBJ\DOMAIN\DEBUG\LINEARSERIES.SBR
C:\OPENSEES2.4.0\WIN32\OBJ\DOMAIN\DEBUG\LOAD.OBJ
C:\OPENSEES2.4.0\WIN32\OBJ\DOMAIN\DEBUG\LOAD.SBR
C:\OPENSEES2.4.0\WIN32\OBJ\DOMAIN\DEBUG\LOADPATTERN.OBJ
C:\OPENSEES2.4.0\WIN32\OBJ\DOMAIN\DEBUG\LOADPATTERN.SBR
C:\OPENSEES2.4.0\WIN32\OBJ\DOMAIN\DEBUG\LOADPATTERNITER.OBJ
C:\OPENSEES2.4.0\WIN32\OBJ\DOMAIN\DEBUG\LOADPATTERNITER.SBR
C:\OPENSEES2.4.0\WIN32\OBJ\DOMAIN\DEBUG\MATERIALSTAGEPARAMETER.OBJ
C:\OPENSEES2.4.0\WIN32\OBJ\DOMAIN\DEBUG\MATERIALSTAGEPARAMETER.SBR
C:\OPENSEES2.4.0\WIN32\OBJ\DOMAIN\DEBUG\MATPARAMETER.OBJ
C:\OPENSEES2.4.0\WIN32\OBJ\DOMAIN\DEBUG\MATPARAMETER.SBR
C:\OPENSEES2.4.0\WIN32\OBJ\DOMAIN\DEBUG\MESH3DSUBDOMAIN.OBJ
C:\OPENSEES2.4.0\WIN32\OBJ\DOMAIN\DEBUG\MESH3DSUBDOMAIN.SBR
C:\OPENSEES2.4.0\WIN32\OBJ\DOMAIN\DEBUG\MESHREGION.OBJ
C:\OPENSEES2.4.0\WIN32\OBJ\DOMAIN\DEBUG\MESHREGION.SBR
C:\OPENSEES2.4.0\WIN32\OBJ\DOMAIN\DEBUG\MP_CONSTRAINT.OBJ
C:\OPENSEES2.4.0\WIN32\OBJ\DOMAIN\DEBUG\MP_CONSTRAINT.SBR
C:\OPENSEES2.4.0\WIN32\OBJ\DOMAIN\DEBUG\MULTISUPPORTPATTERN.OBJ
C:\OPENSEES2.4.0\WIN32\OBJ\DOMAIN\DEBUG\MULTISUPPORTPATTERN.SBR
C:\OPENSEES2.4.0\WIN32\OBJ\DOMAIN\DEBUG\NODALLOAD.OBJ
C:\OPENSEES2.4.0\WIN32\OBJ\DOMAIN\DEBUG\NODALLOAD.SBR
C:\OPENSEES2.4.0\WIN32\OBJ\DOMAIN\DEBUG\NODALLOADITER.OBJ
C:\OPENSEES2.4.0\WIN32\OBJ\DOMAIN\DEBUG\NODALLOADITER.SBR
C:\OPENSEES2.4.0\WIN32\OBJ\DOMAIN\DEBUG\NODE.OBJ
C:\OPENSEES2.4.0\WIN32\OBJ\DOMAIN\DEBUG\NODE.SBR
C:\OPENSEES2.4.0\WIN32\OBJ\DOMAIN\DEBUG\NODERESPONSEPARAMETER.OBJ
C:\OPENSEES2.4.0\WIN32\OBJ\DOMAIN\DEBUG\NODERESPONSEPARAMETER.SBR
C:\OPENSEES2.4.0\WIN32\OBJ\DOMAIN\DEBUG\PARAMETER.OBJ
C:\OPENSEES2.4.0\WIN32\OBJ\DOMAIN\DEBUG\PARAMETER.SBR
C:\OPENSEES2.4.0\WIN32\OBJ\DOMAIN\DEBUG\PATHSERIES.OBJ
C:\OPENSEES2.4.0\WIN32\OBJ\DOMAIN\DEBUG\PATHSERIES.SBR
C:\OPENSEES2.4.0\WIN32\OBJ\DOMAIN\DEBUG\PATHTIMESERIES.OBJ
C:\OPENSEES2.4.0\WIN32\OBJ\DOMAIN\DEBUG\PATHTIMESERIES.SBR
C:\OPENSEES2.4.0\WIN32\OBJ\DOMAIN\DEBUG\PEERMOTION.OBJ
C:\OPENSEES2.4.0\WIN32\OBJ\DOMAIN\DEBUG\PEERMOTION.SBR
C:\OPENSEES2.4.0\WIN32\OBJ\DOMAIN\DEBUG\PEERNGAMOTION.OBJ
C:\OPENSEES2.4.0\WIN32\OBJ\DOMAIN\DEBUG\PEERNGAMOTION.SBR
C:\OPENSEES2.4.0\WIN32\OBJ\DOMAIN\DEBUG\PLANEDRMINPUTHANDLER.OBJ
C:\OPENSEES2.4.0\WIN32\OBJ\DOMAIN\DEBUG\PLANEDRMINPUTHANDLER.SBR
C:\OPENSEES2.4.0\WIN32\OBJ\DOMAIN\DEBUG\PRESSURE_CONSTRAINT.OBJ
C:\OPENSEES2.4.0\WIN32\OBJ\DOMAIN\DEBUG\PRESSURE_CONSTRAINT.SBR
C:\OPENSEES2.4.0\WIN32\OBJ\DOMAIN\DEBUG\PULSESERIES.OBJ
C:\OPENSEES2.4.0\WIN32\OBJ\DOMAIN\DEBUG\PULSESERIES.SBR
C:\OPENSEES2.4.0\WIN32\OBJ\DOMAIN\DEBUG\RECTANGULARSERIES.OBJ
C:\OPENSEES2.4.0\WIN32\OBJ\DOMAIN\DEBUG\RECTANGULARSERIES.SBR
C:\OPENSEES2.4.0\WIN32\OBJ\DOMAIN\DEBUG\RIGIDBEAM.OBJ
C:\OPENSEES2.4.0\WIN32\OBJ\DOMAIN\DEBUG\RIGIDBEAM.SBR
C:\OPENSEES2.4.0\WIN32\OBJ\DOMAIN\DEBUG\RIGIDDIAPHRAGM.OBJ
C:\OPENSEES2.4.0\WIN32\OBJ\DOMAIN\DEBUG\RIGIDDIAPHRAGM.SBR
C:\OPENSEES2.4.0\WIN32\OBJ\DOMAIN\DEBUG\RIGIDROD.OBJ
C:\OPENSEES2.4.0\WIN32\OBJ\DOMAIN\DEBUG\RIGIDROD.SBR
C:\OPENSEES2.4.0\WIN32\OBJ\DOMAIN\DEBUG\RVPARAMETER.OBJ
C:\OPENSEES2.4.0\WIN32\OBJ\DOMAIN\DEBUG\RVPARAMETER.SBR
C:\OPENSEES2.4.0\WIN32\OBJ\DOMAIN\DEBUG\SELFWEIGHT.OBJ
C:\OPENSEES2.4.0\WIN32\OBJ\DOMAIN\DEBUG\SELFWEIGHT.SBR
C:\OPENSEES2.4.0\WIN32\OBJ\DOMAIN\DEBUG\SIMULATEDRANDOMPROCESSSERIES.OBJ
C:\OPENSEES2.4.0\WIN32\OBJ\DOMAIN\DEBUG\SIMULATEDRANDOMPROCESSSERIES.SBR
C:\OPENSEES2.4.0\WIN32\OBJ\DOMAIN\DEBUG\SINGLEDOMALLSP_ITER.OBJ
C:\OPENSEES2.4.0\WIN32\OBJ\DOMAIN\DEBUG\SINGLEDOMALLSP_ITER.SBR
C:\OPENSEES2.4.0\WIN32\OBJ\DOMAIN\DEBUG\SINGLEDOMELEITER.OBJ
C:\OPENSEES2.4.0\WIN32\OBJ\DOMAIN\DEBUG\SINGLEDOMELEITER.SBR
C:\OPENSEES2.4.0\WIN32\OBJ\DOMAIN\DEBUG\SINGLEDOMMP_ITER.OBJ
C:\OPENSEES2.4.0\WIN32\OBJ\DOMAIN\DEBUG\SINGLEDOMMP_ITER.SBR
C:\OPENSEES2.4.0\WIN32\OBJ\DOMAIN\DEBUG\SINGLEDOMNODITER.OBJ
C:\OPENSEES2.4.0\WIN32\OBJ\DOMAIN\DEBUG\SINGLEDOMNODITER.SBR
C:\OPENSEES2.4.0\WIN32\OBJ\DOMAIN\DEBUG\SINGLEDOMPARAMITER.OBJ
C:\OPENSEES2.4.0\WIN32\OBJ\DOMAIN\DEBUG\SINGLEDOMPARAMITER.SBR
C:\OPENSEES2.4.0\WIN32\OBJ\DOMAIN\DEBUG\SINGLEDOMPC_ITER.OBJ
C:\OPENSEES2.4.0\WIN32\OBJ\DOMAIN\DEBUG\SINGLEDOMPC_ITER.SBR
C:\OPENSEES2.4.0\WIN32\OBJ\DOMAIN\DEBUG\SINGLEDOMSP_ITER.OBJ
C:\OPENSEES2.4.0\WIN32\OBJ\DOMAIN\DEBUG\SINGLEDOMSP_ITER.SBR
C:\OPENSEES2.4.0\WIN32\OBJ\DOMAIN\DEBUG\SP_CONSTRAINT.OBJ
C:\OPENSEES2.4.0\WIN32\OBJ\DOMAIN\DEBUG\SP_CONSTRAINT.SBR
C:\OPENSEES2.4.0\WIN32\OBJ\DOMAIN\DEBUG\SUBDOMAIN.OBJ
C:\OPENSEES2.4.0\WIN32\OBJ\DOMAIN\DEBUG\SUBDOMAIN.SBR
C:\OPENSEES2.4.0\WIN32\OBJ\DOMAIN\DEBUG\SUBDOMAINNODITER.OBJ
C:\OPENSEES2.4.0\WIN32\OBJ\DOMAIN\DEBUG\SUBDOMAINNODITER.SBR
C:\OPENSEES2.4.0\WIN32\OBJ\DOMAIN\DEBUG\SURFACELOADER.OBJ
C:\OPENSEES2.4.0\WIN32\OBJ\DOMAIN\DEBUG\SURFACELOADER.SBR
C:\OPENSEES2.4.0\WIN32\OBJ\DOMAIN\DEBUG\TCLGROUNDMOTIONCOMMAND.OBJ
C:\OPENSEES2.4.0\WIN32\OBJ\DOMAIN\DEBUG\TCLGROUNDMOTIONCOMMAND.SBR
C:\OPENSEES2.4.0\WIN32\OBJ\DOMAIN\DEBUG\TCLPARAMETERCOMMANDS.OBJ
C:\OPENSEES2.4.0\WIN32\OBJ\DOMAIN\DEBUG\TCLPARAMETERCOMMANDS.SBR
C:\OPENSEES2.4.0\WIN32\OBJ\DOMAIN\DEBUG\TCLPATTERNCOMMAND.OBJ
C:\OPENSEES2.4.0\WIN32\OBJ\DOMAIN\DEBUG\TCLPATTERNCOMMAND.SBR
C:\OPENSEES2.4.0\WIN32\OBJ\DOMAIN\DEBUG\TCLREGIONCOMMANDS.OBJ
C:\OPENSEES2.4.0\WIN32\OBJ\DOMAIN\DEBUG\TCLREGIONCOMMANDS.SBR
C:\OPENSEES2.4.0\WIN32\OBJ\DOMAIN\DEBUG\TCLSERIESCOMMAND.OBJ
C:\OPENSEES2.4.0\WIN32\OBJ\DOMAIN\DEBUG\TCLSERIESCOMMAND.SBR
C:\OPENSEES2.4.0\WIN32\OBJ\DOMAIN\DEBUG\TCLSERIESINTEGRATORCOMMAND.OBJ
C:\OPENSEES2.4.0\WIN32\OBJ\DOMAIN\DEBUG\TCLSERIESINTEGRATORCOMMAND.SBR
C:\OPENSEES2.4.0\WIN32\OBJ\DOMAIN\DEBUG\TCLUPDATEMATERIALCOMMAND.OBJ
C:\OPENSEES2.4.0\WIN32\OBJ\DOMAIN\DEBUG\TCLUPDATEMATERIALCOMMAND.SBR
C:\OPENSEES2.4.0\WIN32\OBJ\DOMAIN\DEBUG\TIMESERIES.OBJ
C:\OPENSEES2.4.0\WIN32\OBJ\DOMAIN\DEBUG\TIMESERIES.SBR
C:\OPENSEES2.4.0\WIN32\OBJ\DOMAIN\DEBUG\TIMESERIESINTEGRATOR.OBJ
C:\OPENSEES2.4.0\WIN32\OBJ\DOMAIN\DEBUG\TIMESERIESINTEGRATOR.SBR
C:\OPENSEES2.4.0\WIN32\OBJ\DOMAIN\DEBUG\TRAPEZOIDALTIMESERIESINTEGRATOR.OBJ
C:\OPENSEES2.4.0\WIN32\OBJ\DOMAIN\DEBUG\TRAPEZOIDALTIMESERIESINTEGRATOR.SBR
C:\OPENSEES2.4.0\WIN32\OBJ\DOMAIN\DEBUG\TRIANGLESERIES.OBJ
C:\OPENSEES2.4.0\WIN32\OBJ\DOMAIN\DEBUG\TRIANGLESERIES.SBR
C:\OPENSEES2.4.0\WIN32\OBJ\DOMAIN\DEBUG\TRIGSERIES.OBJ
C:\OPENSEES2.4.0\WIN32\OBJ\DOMAIN\DEBUG\TRIGSERIES.SBR
C:\OPENSEES2.4.0\WIN32\OBJ\DOMAIN\DEBUG\UNIFORMEXCITATION.OBJ
C:\OPENSEES2.4.0\WIN32\OBJ\DOMAIN\DEBUG\UNIFORMEXCITATION.SBR
C:\OpenSees2.4.0\Win32\obj\domain\debug\vc100.idb
C:\OPENSEES2.4.0\WIN32\OBJ\DOMAIN\DEBUG\VC100.PDB
C:\OpenSees2.4.0\Win32\proj\domain\.\..\..\lib\debug\domain.lib
