C:\OPENSEES2.4.0\WIN32\LIB\DEBUG\CSSPARSE.LIB
C:\OpenSees2.4.0\Win32\proj\cssparse\.\..\..\lib\debug\cssparse.lib
C:\OpenSees2.4.0\Win32\proj\cssparse\Debug\cl.command.1.tlog
C:\OpenSees2.4.0\Win32\proj\cssparse\Debug\CL.read.1.tlog
C:\OpenSees2.4.0\Win32\proj\cssparse\Debug\CL.write.1.tlog
C:\OPENSEES2.4.0\WIN32\PROJ\CSSPARSE\DEBUG\CS_ADD.OBJ
C:\OPENSEES2.4.0\WIN32\PROJ\CSSPARSE\DEBUG\CS_AMD.OBJ
C:\OPENSEES2.4.0\WIN32\PROJ\CSSPARSE\DEBUG\CS_CHOL.OBJ
C:\OPENSEES2.4.0\WIN32\PROJ\CSSPARSE\DEBUG\CS_CHOLSOL.OBJ
C:\OPENSEES2.4.0\WIN32\PROJ\CSSPARSE\DEBUG\CS_COMPRESS.OBJ
C:\OPENSEES2.4.0\WIN32\PROJ\CSSPARSE\DEBUG\CS_COUNTS.OBJ
C:\OPENSEES2.4.0\WIN32\PROJ\CSSPARSE\DEBUG\CS_CUMSUM.OBJ
C:\OPENSEES2.4.0\WIN32\PROJ\CSSPARSE\DEBUG\CS_DFS.OBJ
C:\OPENSEES2.4.0\WIN32\PROJ\CSSPARSE\DEBUG\CS_DMPERM.OBJ
C:\OPENSEES2.4.0\WIN32\PROJ\CSSPARSE\DEBUG\CS_DROPTOL.OBJ
C:\OPENSEES2.4.0\WIN32\PROJ\CSSPARSE\DEBUG\CS_DROPZEROS.OBJ
C:\OPENSEES2.4.0\WIN32\PROJ\CSSPARSE\DEBUG\CS_DUPL.OBJ
C:\OPENSEES2.4.0\WIN32\PROJ\CSSPARSE\DEBUG\CS_ENTRY.OBJ
C:\OPENSEES2.4.0\WIN32\PROJ\CSSPARSE\DEBUG\CS_EREACH.OBJ
C:\OPENSEES2.4.0\WIN32\PROJ\CSSPARSE\DEBUG\CS_ETREE.OBJ
C:\OPENSEES2.4.0\WIN32\PROJ\CSSPARSE\DEBUG\CS_FKEEP.OBJ
C:\OPENSEES2.4.0\WIN32\PROJ\CSSPARSE\DEBUG\CS_GAXPY.OBJ
C:\OPENSEES2.4.0\WIN32\PROJ\CSSPARSE\DEBUG\CS_HAPPLY.OBJ
C:\OPENSEES2.4.0\WIN32\PROJ\CSSPARSE\DEBUG\CS_HOUSE.OBJ
C:\OPENSEES2.4.0\WIN32\PROJ\CSSPARSE\DEBUG\CS_IPVEC.OBJ
C:\OPENSEES2.4.0\WIN32\PROJ\CSSPARSE\DEBUG\CS_LEAF.OBJ
C:\OPENSEES2.4.0\WIN32\PROJ\CSSPARSE\DEBUG\CS_LOAD.OBJ
C:\OPENSEES2.4.0\WIN32\PROJ\CSSPARSE\DEBUG\CS_LSOLVE.OBJ
C:\OPENSEES2.4.0\WIN32\PROJ\CSSPARSE\DEBUG\CS_LTSOLVE.OBJ
C:\OPENSEES2.4.0\WIN32\PROJ\CSSPARSE\DEBUG\CS_LU.OBJ
C:\OPENSEES2.4.0\WIN32\PROJ\CSSPARSE\DEBUG\CS_LUSOL.OBJ
C:\OPENSEES2.4.0\WIN32\PROJ\CSSPARSE\DEBUG\CS_MALLOC.OBJ
C:\OPENSEES2.4.0\WIN32\PROJ\CSSPARSE\DEBUG\CS_MAXTRANS.OBJ
C:\OPENSEES2.4.0\WIN32\PROJ\CSSPARSE\DEBUG\CS_MULTIPLY.OBJ
C:\OPENSEES2.4.0\WIN32\PROJ\CSSPARSE\DEBUG\CS_NORM.OBJ
C:\OPENSEES2.4.0\WIN32\PROJ\CSSPARSE\DEBUG\CS_PERMUTE.OBJ
C:\OPENSEES2.4.0\WIN32\PROJ\CSSPARSE\DEBUG\CS_PINV.OBJ
C:\OPENSEES2.4.0\WIN32\PROJ\CSSPARSE\DEBUG\CS_POST.OBJ
C:\OPENSEES2.4.0\WIN32\PROJ\CSSPARSE\DEBUG\CS_PRINT.OBJ
C:\OPENSEES2.4.0\WIN32\PROJ\CSSPARSE\DEBUG\CS_PVEC.OBJ
C:\OPENSEES2.4.0\WIN32\PROJ\CSSPARSE\DEBUG\CS_QR.OBJ
C:\OPENSEES2.4.0\WIN32\PROJ\CSSPARSE\DEBUG\CS_QRSOL.OBJ
C:\OPENSEES2.4.0\WIN32\PROJ\CSSPARSE\DEBUG\CS_RANDPERM.OBJ
C:\OPENSEES2.4.0\WIN32\PROJ\CSSPARSE\DEBUG\CS_REACH.OBJ
C:\OPENSEES2.4.0\WIN32\PROJ\CSSPARSE\DEBUG\CS_SCATTER.OBJ
C:\OPENSEES2.4.0\WIN32\PROJ\CSSPARSE\DEBUG\CS_SCC.OBJ
C:\OPENSEES2.4.0\WIN32\PROJ\CSSPARSE\DEBUG\CS_SCHOL.OBJ
C:\OPENSEES2.4.0\WIN32\PROJ\CSSPARSE\DEBUG\CS_SPSOLVE.OBJ
C:\OPENSEES2.4.0\WIN32\PROJ\CSSPARSE\DEBUG\CS_SQR.OBJ
C:\OPENSEES2.4.0\WIN32\PROJ\CSSPARSE\DEBUG\CS_SYMPERM.OBJ
C:\OPENSEES2.4.0\WIN32\PROJ\CSSPARSE\DEBUG\CS_TDFS.OBJ
C:\OPENSEES2.4.0\WIN32\PROJ\CSSPARSE\DEBUG\CS_TRANSPOSE.OBJ
C:\OPENSEES2.4.0\WIN32\PROJ\CSSPARSE\DEBUG\CS_UPDOWN.OBJ
C:\OPENSEES2.4.0\WIN32\PROJ\CSSPARSE\DEBUG\CS_USOLVE.OBJ
C:\OPENSEES2.4.0\WIN32\PROJ\CSSPARSE\DEBUG\CS_UTIL.OBJ
C:\OPENSEES2.4.0\WIN32\PROJ\CSSPARSE\DEBUG\CS_UTSOLVE.OBJ
C:\OpenSees2.4.0\Win32\proj\cssparse\Debug\lib.command.1.tlog
C:\OpenSees2.4.0\Win32\proj\cssparse\Debug\Lib-link.read.1.tlog
C:\OpenSees2.4.0\Win32\proj\cssparse\Debug\Lib-link.write.1.tlog
C:\OpenSees2.4.0\Win32\proj\cssparse\Debug\vc100.idb
C:\OPENSEES2.4.0\WIN32\PROJ\CSSPARSE\DEBUG\VC100.PDB
