.\..\..\lib\debug\graph.bsc
C:\OPENSEES2.4.0\WIN32\LIB\DEBUG\GRAPH.BSC
C:\OPENSEES2.4.0\WIN32\LIB\DEBUG\GRAPH.LIB
C:\OPENSEES2.4.0\WIN32\OBJ\GRAPH\DEBUG\AMD_1.OBJ
C:\OPENSEES2.4.0\WIN32\OBJ\GRAPH\DEBUG\AMD_1.SBR
C:\OPENSEES2.4.0\WIN32\OBJ\GRAPH\DEBUG\AMD_2.OBJ
C:\OPENSEES2.4.0\WIN32\OBJ\GRAPH\DEBUG\AMD_2.SBR
C:\OPENSEES2.4.0\WIN32\OBJ\GRAPH\DEBUG\AMD_AAT.OBJ
C:\OPENSEES2.4.0\WIN32\OBJ\GRAPH\DEBUG\AMD_AAT.SBR
C:\OPENSEES2.4.0\WIN32\OBJ\GRAPH\DEBUG\AMD_CONTROL.OBJ
C:\OPENSEES2.4.0\WIN32\OBJ\GRAPH\DEBUG\AMD_CONTROL.SBR
C:\OPENSEES2.4.0\WIN32\OBJ\GRAPH\DEBUG\AMD_DEFAULTS.OBJ
C:\OPENSEES2.4.0\WIN32\OBJ\GRAPH\DEBUG\AMD_DEFAULTS.SBR
C:\OPENSEES2.4.0\WIN32\OBJ\GRAPH\DEBUG\AMD_DUMP.OBJ
C:\OPENSEES2.4.0\WIN32\OBJ\GRAPH\DEBUG\AMD_DUMP.SBR
C:\OPENSEES2.4.0\WIN32\OBJ\GRAPH\DEBUG\AMD_GLOBAL.OBJ
C:\OPENSEES2.4.0\WIN32\OBJ\GRAPH\DEBUG\AMD_GLOBAL.SBR
C:\OPENSEES2.4.0\WIN32\OBJ\GRAPH\DEBUG\AMD_INFO.OBJ
C:\OPENSEES2.4.0\WIN32\OBJ\GRAPH\DEBUG\AMD_INFO.SBR
C:\OPENSEES2.4.0\WIN32\OBJ\GRAPH\DEBUG\AMD_ORDER.OBJ
C:\OPENSEES2.4.0\WIN32\OBJ\GRAPH\DEBUG\AMD_ORDER.SBR
C:\OPENSEES2.4.0\WIN32\OBJ\GRAPH\DEBUG\AMD_POST_TREE.OBJ
C:\OPENSEES2.4.0\WIN32\OBJ\GRAPH\DEBUG\AMD_POST_TREE.SBR
C:\OPENSEES2.4.0\WIN32\OBJ\GRAPH\DEBUG\AMD_POSTORDER.OBJ
C:\OPENSEES2.4.0\WIN32\OBJ\GRAPH\DEBUG\AMD_POSTORDER.SBR
C:\OPENSEES2.4.0\WIN32\OBJ\GRAPH\DEBUG\AMD_PREPROCESS.OBJ
C:\OPENSEES2.4.0\WIN32\OBJ\GRAPH\DEBUG\AMD_PREPROCESS.SBR
C:\OPENSEES2.4.0\WIN32\OBJ\GRAPH\DEBUG\AMD_VALID.OBJ
C:\OPENSEES2.4.0\WIN32\OBJ\GRAPH\DEBUG\AMD_VALID.SBR
C:\OPENSEES2.4.0\WIN32\OBJ\GRAPH\DEBUG\AMDNUMBERER.OBJ
C:\OPENSEES2.4.0\WIN32\OBJ\GRAPH\DEBUG\AMDNUMBERER.SBR
C:\OPENSEES2.4.0\WIN32\OBJ\GRAPH\DEBUG\ARRAYGRAPH.OBJ
C:\OPENSEES2.4.0\WIN32\OBJ\GRAPH\DEBUG\ARRAYGRAPH.SBR
C:\OPENSEES2.4.0\WIN32\OBJ\GRAPH\DEBUG\ARRAYVERTEXITER.OBJ
C:\OPENSEES2.4.0\WIN32\OBJ\GRAPH\DEBUG\ARRAYVERTEXITER.SBR
C:\OpenSees2.4.0\Win32\obj\graph\debug\BscMake.command.1.tlog
C:\OpenSees2.4.0\Win32\obj\graph\debug\bscmake.read.1.tlog
C:\OpenSees2.4.0\Win32\obj\graph\debug\bscmake.write.1.tlog
C:\OpenSees2.4.0\Win32\obj\graph\debug\cl.command.1.tlog
C:\OpenSees2.4.0\Win32\obj\graph\debug\CL.read.1.tlog
C:\OpenSees2.4.0\Win32\obj\graph\debug\CL.write.1.tlog
C:\OPENSEES2.4.0\WIN32\OBJ\GRAPH\DEBUG\DOF_GRAPH.OBJ
C:\OPENSEES2.4.0\WIN32\OBJ\GRAPH\DEBUG\DOF_GRAPH.SBR
C:\OPENSEES2.4.0\WIN32\OBJ\GRAPH\DEBUG\DOF_GROUPGRAPH.OBJ
C:\OPENSEES2.4.0\WIN32\OBJ\GRAPH\DEBUG\DOF_GROUPGRAPH.SBR
C:\OPENSEES2.4.0\WIN32\OBJ\GRAPH\DEBUG\GRAPH.OBJ
C:\OPENSEES2.4.0\WIN32\OBJ\GRAPH\DEBUG\GRAPH.SBR
C:\OPENSEES2.4.0\WIN32\OBJ\GRAPH\DEBUG\GRAPHNUMBERER.OBJ
C:\OPENSEES2.4.0\WIN32\OBJ\GRAPH\DEBUG\GRAPHNUMBERER.SBR
C:\OpenSees2.4.0\Win32\obj\graph\debug\lib.command.1.tlog
C:\OpenSees2.4.0\Win32\obj\graph\debug\Lib-link.read.1.tlog
C:\OpenSees2.4.0\Win32\obj\graph\debug\Lib-link.write.1.tlog
C:\OPENSEES2.4.0\WIN32\OBJ\GRAPH\DEBUG\MYRCM.OBJ
C:\OPENSEES2.4.0\WIN32\OBJ\GRAPH\DEBUG\MYRCM.SBR
C:\OPENSEES2.4.0\WIN32\OBJ\GRAPH\DEBUG\RCM.OBJ
C:\OPENSEES2.4.0\WIN32\OBJ\GRAPH\DEBUG\RCM.SBR
C:\OPENSEES2.4.0\WIN32\OBJ\GRAPH\DEBUG\SIMPLENUMBERER.OBJ
C:\OPENSEES2.4.0\WIN32\OBJ\GRAPH\DEBUG\SIMPLENUMBERER.SBR
C:\OpenSees2.4.0\Win32\obj\graph\debug\vc100.idb
C:\OPENSEES2.4.0\WIN32\OBJ\GRAPH\DEBUG\VC100.PDB
C:\OPENSEES2.4.0\WIN32\OBJ\GRAPH\DEBUG\VERTEX.OBJ
C:\OPENSEES2.4.0\WIN32\OBJ\GRAPH\DEBUG\VERTEX.SBR
C:\OPENSEES2.4.0\WIN32\OBJ\GRAPH\DEBUG\VERTEXITER.OBJ
C:\OPENSEES2.4.0\WIN32\OBJ\GRAPH\DEBUG\VERTEXITER.SBR
C:\OpenSees2.4.0\Win32\proj\graph\.\..\..\lib\debug\graph.lib
