.\..\..\bin\OpenSeesTk.pdb
C:\OPENSEES2.4.0\WIN32\BIN\OPENSEESTK.EXE
C:\OPENSEES2.4.0\WIN32\BIN\OPENSEESTK.PDB
C:\OpenSees2.4.0\Win32\obj\openSeesTk\debug\cl.command.1.tlog
C:\OpenSees2.4.0\Win32\obj\openSeesTk\debug\CL.read.1.tlog
C:\OpenSees2.4.0\Win32\obj\openSeesTk\debug\CL.write.1.tlog
C:\OpenSees2.4.0\Win32\obj\openSeesTk\debug\link.command.1.tlog
C:\OpenSees2.4.0\Win32\obj\openSeesTk\debug\link.read.1.tlog
C:\OpenSees2.4.0\Win32\obj\openSeesTk\debug\link.write.1.tlog
C:\OpenSees2.4.0\Win32\obj\openSeesTk\debug\link-cvtres.read.1.tlog
C:\OpenSees2.4.0\Win32\obj\openSeesTk\debug\link-cvtres.write.1.tlog
C:\OpenSees2.4.0\Win32\obj\openSeesTk\debug\mt.command.1.tlog
C:\OpenSees2.4.0\Win32\obj\openSeesTk\debug\mt.read.1.tlog
C:\OpenSees2.4.0\Win32\obj\openSeesTk\debug\mt.write.1.tlog
C:\OPENSEES2.4.0\WIN32\OBJ\OPENSEESTK\DEBUG\OPENSEESTK.EXE.EMBED.MANIFEST
C:\OPENSEES2.4.0\WIN32\OBJ\OPENSEESTK\DEBUG\OPENSEESTK.EXE.EMBED.MANIFEST.RES
C:\OPENSEES2.4.0\WIN32\OBJ\OPENSEESTK\DEBUG\OPENSEESTK.EXE.INTERMEDIATE.MANIFEST
C:\OpenSees2.4.0\Win32\obj\openSeesTk\debug\OpenSeesTk.write.1.tlog
C:\OpenSees2.4.0\Win32\obj\openSeesTk\debug\OpenSeesTk_manifest.rc
C:\OpenSees2.4.0\Win32\obj\openSeesTk\debug\rc.command.1.tlog
C:\OpenSees2.4.0\Win32\obj\openSeesTk\debug\rc.read.1.tlog
C:\OpenSees2.4.0\Win32\obj\openSeesTk\debug\rc.write.1.tlog
C:\OPENSEES2.4.0\WIN32\OBJ\OPENSEESTK\DEBUG\TKMAIN.OBJ
C:\OpenSees2.4.0\Win32\obj\openSeesTk\debug\vc100.idb
C:\OPENSEES2.4.0\WIN32\OBJ\OPENSEESTK\DEBUG\VC100.PDB
C:\OPENSEES2.4.0\WIN32\OBJ\OPENSEESTK\DEBUG\VC2005ERRNO.OBJ
C:\OPENSEES2.4.0\WIN32\OBJ\OPENSEESTK\DEBUG\WINMAIN.OBJ
C:\OpenSees2.4.0\Win32\proj\openSeesTk\.\..\..\bin\OpenSeesTk.exe
