.\..\..\lib\debug\utility.bsc
C:\OPENSEES2.4.0\WIN32\LIB\DEBUG\UTILITY.BSC
C:\OPENSEES2.4.0\WIN32\LIB\DEBUG\UTILITY.LIB
C:\OpenSees2.4.0\Win32\obj\utility\debug\BscMake.command.1.tlog
C:\OpenSees2.4.0\Win32\obj\utility\debug\bscmake.read.1.tlog
C:\OpenSees2.4.0\Win32\obj\utility\debug\bscmake.write.1.tlog
C:\OpenSees2.4.0\Win32\obj\utility\debug\cl.command.1.tlog
C:\OpenSees2.4.0\Win32\obj\utility\debug\CL.read.1.tlog
C:\OpenSees2.4.0\Win32\obj\utility\debug\CL.write.1.tlog
C:\OPENSEES2.4.0\WIN32\OBJ\UTILITY\DEBUG\FILE.OBJ
C:\OPENSEES2.4.0\WIN32\OBJ\UTILITY\DEBUG\FILE.SBR
C:\OPENSEES2.4.0\WIN32\OBJ\UTILITY\DEBUG\FILEITER.OBJ
C:\OPENSEES2.4.0\WIN32\OBJ\UTILITY\DEBUG\FILEITER.SBR
C:\OpenSees2.4.0\Win32\obj\utility\debug\lib.command.1.tlog
C:\OpenSees2.4.0\Win32\obj\utility\debug\Lib-link.read.1.tlog
C:\OpenSees2.4.0\Win32\obj\utility\debug\Lib-link.write.1.tlog
C:\OPENSEES2.4.0\WIN32\OBJ\UTILITY\DEBUG\NEESCENTRAL.OBJ
C:\OPENSEES2.4.0\WIN32\OBJ\UTILITY\DEBUG\NEESCENTRAL.SBR
C:\OPENSEES2.4.0\WIN32\OBJ\UTILITY\DEBUG\PACKAGES.OBJ
C:\OPENSEES2.4.0\WIN32\OBJ\UTILITY\DEBUG\PACKAGES.SBR
C:\OPENSEES2.4.0\WIN32\OBJ\UTILITY\DEBUG\PEERNGA.OBJ
C:\OPENSEES2.4.0\WIN32\OBJ\UTILITY\DEBUG\PEERNGA.SBR
C:\OPENSEES2.4.0\WIN32\OBJ\UTILITY\DEBUG\SIMULATIONINFORMATION.OBJ
C:\OPENSEES2.4.0\WIN32\OBJ\UTILITY\DEBUG\SIMULATIONINFORMATION.SBR
C:\OPENSEES2.4.0\WIN32\OBJ\UTILITY\DEBUG\STRINGCONTAINER.OBJ
C:\OPENSEES2.4.0\WIN32\OBJ\UTILITY\DEBUG\STRINGCONTAINER.SBR
C:\OPENSEES2.4.0\WIN32\OBJ\UTILITY\DEBUG\TIMER.OBJ
C:\OPENSEES2.4.0\WIN32\OBJ\UTILITY\DEBUG\TIMER.SBR
C:\OpenSees2.4.0\Win32\obj\utility\debug\vc100.idb
C:\OPENSEES2.4.0\WIN32\OBJ\UTILITY\DEBUG\VC100.PDB
C:\OpenSees2.4.0\Win32\proj\utility\.\..\..\lib\debug\utility.lib
